2018-03-31 10:24:35,933 - Starting App on jiangqianghuadeMacBook-Pro.local with PID 1235 (/Users/jiangqianghua/Documents/workspace/idea/IMServer/target/classes started by jiangqianghua in /Users/jiangqianghua/Documents/workspace/idea/IMServer)
2018-03-31 10:24:36,111 - The following profiles are active: dev
2018-03-31 10:24:38,297 - Refreshing org.springframework.boot.context.embedded.AnnotationConfigEmbeddedWebApplicationContext@73a1e9a9: startup date [Sat Mar 31 10:24:38 CST 2018]; root of context hierarchy
2018-03-31 10:24:47,973 - HV000001: Hibernate Validator 5.3.5.Final
2018-03-31 10:24:58,319 - Multiple Spring Data modules found, entering strict repository configuration mode!
2018-03-31 10:24:59,413 - Multiple Spring Data modules found, entering strict repository configuration mode!
2018-03-31 10:25:00,243 - Spring Data Redis - Could not safely identify store assignment for repository candidate interface com.jiang.im.repository.UserProfileRepository.
2018-03-31 10:25:00,245 - Spring Data Redis - Could not safely identify store assignment for repository candidate interface com.jiang.im.repository.RoomInfoRepository.
2018-03-31 10:25:13,168 - Tomcat initialized with port(s): 8086 (http)
2018-03-31 10:25:13,526 - Starting service Tomcat
2018-03-31 10:25:13,589 - Starting Servlet Engine: Apache Tomcat/8.5.14
2018-03-31 10:25:17,146 - Initializing Spring embedded WebApplicationContext
2018-03-31 10:25:17,146 - Root WebApplicationContext: initialization completed in 38849 ms
2018-03-31 10:25:17,841 - Mapping servlet: 'dispatcherServlet' to [/]
2018-03-31 10:25:17,950 - Mapping filter: 'characterEncodingFilter' to: [/*]
2018-03-31 10:25:17,951 - Mapping filter: 'hiddenHttpMethodFilter' to: [/*]
2018-03-31 10:25:17,952 - Mapping filter: 'httpPutFormContentFilter' to: [/*]
2018-03-31 10:25:17,952 - Mapping filter: 'requestContextFilter' to: [/*]
2018-03-31 10:25:25,099 - Building JPA container EntityManagerFactory for persistence unit 'default'
2018-03-31 10:25:25,689 - HHH000204: Processing PersistenceUnitInfo [
	name: default
	...]
2018-03-31 10:25:29,533 - HHH000412: Hibernate Core {5.0.12.Final}
2018-03-31 10:25:29,579 - HHH000206: hibernate.properties not found
2018-03-31 10:25:29,647 - HHH000021: Bytecode provider name : javassist
2018-03-31 10:25:31,471 - HCANN000001: Hibernate Commons Annotations {5.0.1.Final}
2018-03-31 10:25:37,195 - HHH000400: Using dialect: org.hibernate.dialect.MySQL5Dialect
2018-03-31 10:25:46,719 - Initialized JPA EntityManagerFactory for persistence unit 'default'
2018-03-31 10:25:55,495 - Looking for @ControllerAdvice: org.springframework.boot.context.embedded.AnnotationConfigEmbeddedWebApplicationContext@73a1e9a9: startup date [Sat Mar 31 10:24:38 CST 2018]; root of context hierarchy
2018-03-31 10:25:57,417 - Mapped "{[/room/list],methods=[GET]}" onto public com.jiang.im.vo.ResultVo com.jiang.im.controller.RoomController.roomList(java.lang.Integer,java.lang.Integer)
2018-03-31 10:25:57,419 - Mapped "{[/room/createroom],methods=[POST]}" onto public com.jiang.im.vo.ResultVo com.jiang.im.controller.RoomController.createRoom(com.jiang.im.form.RoomForm,org.springframework.validation.BindingResult)
2018-03-31 10:25:57,420 - Mapped "{[/upload/img],methods=[POST]}" onto public com.jiang.im.vo.ResultVo com.jiang.im.controller.UploadController.uploadHeader(org.springframework.web.multipart.MultipartFile,java.lang.String)
2018-03-31 10:25:57,428 - Mapped "{[/user/register],methods=[POST]}" onto public com.jiang.im.vo.ResultVo com.jiang.im.controller.UserController.register(java.lang.String,java.lang.String)
2018-03-31 10:25:57,429 - Mapped "{[/user/sigout],methods=[POST]}" onto public com.jiang.im.vo.ResultVo com.jiang.im.controller.UserController.sigout(java.lang.String)
2018-03-31 10:25:57,429 - Mapped "{[/user/login],methods=[POST]}" onto public com.jiang.im.vo.ResultVo com.jiang.im.controller.UserController.login(java.lang.String)
2018-03-31 10:25:57,429 - Mapped "{[/user/autologin],methods=[POST]}" onto public com.jiang.im.vo.ResultVo com.jiang.im.controller.UserController.autoLogin(java.lang.String)
2018-03-31 10:25:57,430 - Mapped "{[/user/selfprofile],methods=[POST]}" onto public com.jiang.im.vo.ResultVo com.jiang.im.controller.UserController.selfProfile(java.lang.String)
2018-03-31 10:25:57,431 - Mapped "{[/user/update],methods=[POST]}" onto public com.jiang.im.vo.ResultVo com.jiang.im.controller.UserController.updateUser(com.jiang.im.form.UserProfileForm,org.springframework.validation.BindingResult)
2018-03-31 10:25:57,431 - Mapped "{[/user/sendgift],methods=[POST]}" onto public com.jiang.im.vo.ResultVo com.jiang.im.controller.UserController.sendGift(int,java.lang.String,int,int)
2018-03-31 10:25:57,434 - Mapped "{[/error]}" onto public org.springframework.http.ResponseEntity<java.util.Map<java.lang.String, java.lang.Object>> org.springframework.boot.autoconfigure.web.BasicErrorController.error(javax.servlet.http.HttpServletRequest)
2018-03-31 10:25:57,435 - Mapped "{[/error],produces=[text/html]}" onto public org.springframework.web.servlet.ModelAndView org.springframework.boot.autoconfigure.web.BasicErrorController.errorHtml(javax.servlet.http.HttpServletRequest,javax.servlet.http.HttpServletResponse)
2018-03-31 10:25:57,537 - Mapped URL path [/webjars/**] onto handler of type [class org.springframework.web.servlet.resource.ResourceHttpRequestHandler]
2018-03-31 10:25:57,537 - Mapped URL path [/**] onto handler of type [class org.springframework.web.servlet.resource.ResourceHttpRequestHandler]
2018-03-31 10:25:57,957 - Mapped URL path [/**/favicon.ico] onto handler of type [class org.springframework.web.servlet.resource.ResourceHttpRequestHandler]
2018-03-31 10:26:03,662 - SpringTemplateLoader for FreeMarker: using resource loader [org.springframework.boot.context.embedded.AnnotationConfigEmbeddedWebApplicationContext@73a1e9a9: startup date [Sat Mar 31 10:24:38 CST 2018]; root of context hierarchy] and template loader path [classpath:/templates/]
2018-03-31 10:26:03,770 - ClassTemplateLoader for Spring macros added to FreeMarker configuration
2018-03-31 10:26:04,046 - Cannot find template location(s): [classpath:/templates/] (please add some templates, check your FreeMarker configuration, or set spring.freemarker.checkTemplateLocation=false)
2018-03-31 10:26:04,570 - Registering @ServerEndpoint class: class com.jiang.im.im.IMService
2018-03-31 10:26:04,867 - Registering beans for JMX exposure on startup
2018-03-31 10:26:05,144 - Initializing ProtocolHandler ["http-nio-8086"]
2018-03-31 10:26:05,234 - Starting ProtocolHandler ["http-nio-8086"]
2018-03-31 10:26:05,441 - Using a shared selector for servlet write/read
2018-03-31 10:26:05,780 - Tomcat started on port(s): 8086 (http)
2018-03-31 10:26:05,827 - Started App in 103.173 seconds (JVM running for 124.024)
2018-03-31 10:26:05,828 - IM系统启动成功
2018-03-31 10:49:33,484 - Initializing Spring FrameworkServlet 'dispatcherServlet'
2018-03-31 10:49:33,497 - FrameworkServlet 'dispatcherServlet': initialization started
2018-03-31 10:49:33,572 - FrameworkServlet 'dispatcherServlet': initialization completed in 74 ms
2018-03-31 10:51:38,991 - HHH000397: Using ASTQueryTranslatorFactory
2018-03-31 10:52:14,468 - roomid:54,userid:1 come in
2018-03-31 10:52:25,780 - roomid:54,userid:1 come in
2018-03-31 11:00:14,533 - roomid:54,userid:1 come in
2018-03-31 11:01:14,214 - roomid:54,userid:1 come in
2018-03-31 11:10:58,959 - roomid:54,userid:1 come in
2018-03-31 11:15:03,347 - roomid:54,userid:1 come in
2018-03-31 11:15:31,872 - roomid:54,userid:1 come in
2018-03-31 11:19:28,694 - roomid:54,userid:1 come in
2018-03-31 11:29:02,701 - roomid:54,userid:1 come in
2018-03-31 11:35:59,673 - roomid:54,userid:1 come in
2018-03-31 11:57:53,996 - roomid:54,userid:1 come in
2018-03-31 12:00:21,074 - roomid:54,userid:1 come in
2018-03-31 12:11:39,437 - roomid:54,userid:1 come in
2018-03-31 12:13:56,161 - roomid:54,userid:1 come in
2018-03-31 12:17:22,499 - roomid:54,userid:1 come in
2018-03-31 12:19:03,879 - roomid:54,userid:1 come in
2018-03-31 12:21:15,997 - roomid:54,userid:1 come in
2018-03-31 12:26:28,942 - roomid:54,userid:1 come in
2018-03-31 12:28:50,627 - roomid:54,userid:1 come in
2018-03-31 12:50:11,295 - roomid:54,userid:1 come in
2018-03-31 12:52:17,973 - roomid:54,userid:1 come in
2018-03-31 12:57:06,035 - roomid:54,userid:1 come in
2018-03-31 13:01:42,371 - roomid:54,userid:1 come in
2018-03-31 13:01:51,573 - roomid:54,userid:null come in
2018-03-31 13:01:58,133 - roomid:54,userid:1 come in
2018-03-31 13:02:11,228 - roomid:54,userid:1 come in
2018-03-31 13:02:20,236 - roomid:54,userid:1 come in
2018-03-31 13:03:58,451 - roomid:54,userid:1 come in
2018-03-31 13:09:08,104 - roomid:54,userid:1 come in
2018-03-31 13:11:34,754 - roomid:54,userid:1 come in
2018-03-31 13:13:06,133 - roomid:54,userid:1 come in
2018-03-31 13:16:33,001 - roomid:54,userid:1 come in
2018-03-31 13:17:54,187 - roomid:54,userid:1 come in
2018-03-31 13:18:27,386 - roomid:54,userid:1 come in
2018-03-31 13:18:33,215 - roomid:54,userid:1 come in
2018-03-31 13:19:16,911 - roomid:54,userid:1 come in
2018-03-31 13:19:31,131 - roomid:64,userid:1 come in
2018-03-31 13:19:47,200 - roomid:65,userid:1 come in
2018-03-31 13:20:15,472 - roomid:66,userid:1 come in
2018-03-31 14:25:23,773 - roomid:67,userid:1 come in
2018-03-31 14:26:21,173 - roomid:54,userid:1 come in
2018-03-31 14:26:28,934 - roomid:54,userid:1 come in
2018-03-31 14:26:49,196 - roomid:68,userid:1 come in
2018-03-31 14:28:29,312 - roomid:69,userid:1 come in
2018-03-31 14:34:09,833 - roomid:70,userid:1 come in
2018-03-31 14:38:34,386 - roomid:71,userid:1 come in
2018-03-31 14:40:28,076 - roomid:72,userid:1 come in
2018-03-31 14:40:44,177 - roomid:73,userid:1 come in
2018-03-31 14:43:37,341 - roomid:74,userid:1 come in
2018-03-31 14:46:04,764 - roomid:75,userid:1 come in
2018-03-31 14:48:27,250 - roomid:76,userid:1 come in
2018-03-31 23:42:27,417 - Starting App on jiangqianghuadeMacBook-Pro.local with PID 4178 (/Users/jiangqianghua/Documents/workspace/idea/IMServer/target/classes started by jiangqianghua in /Users/jiangqianghua/Documents/workspace/idea/IMServer)
2018-03-31 23:42:27,529 - The following profiles are active: dev
2018-03-31 23:42:30,054 - Refreshing org.springframework.boot.context.embedded.AnnotationConfigEmbeddedWebApplicationContext@2f16c6b3: startup date [Sat Mar 31 23:42:30 CST 2018]; root of context hierarchy
2018-03-31 23:42:39,390 - HV000001: Hibernate Validator 5.3.5.Final
2018-03-31 23:42:48,671 - Multiple Spring Data modules found, entering strict repository configuration mode!
2018-03-31 23:42:49,997 - Multiple Spring Data modules found, entering strict repository configuration mode!
2018-03-31 23:42:50,469 - Spring Data Redis - Could not safely identify store assignment for repository candidate interface com.jiang.im.repository.UserProfileRepository.
2018-03-31 23:42:50,472 - Spring Data Redis - Could not safely identify store assignment for repository candidate interface com.jiang.im.repository.RoomInfoRepository.
2018-03-31 23:42:59,758 - Tomcat initialized with port(s): 8086 (http)
2018-03-31 23:43:00,038 - Starting service Tomcat
2018-03-31 23:43:00,091 - Starting Servlet Engine: Apache Tomcat/8.5.14
2018-03-31 23:43:02,346 - Initializing Spring embedded WebApplicationContext
2018-03-31 23:43:02,346 - Root WebApplicationContext: initialization completed in 32292 ms
2018-03-31 23:43:02,952 - Mapping servlet: 'dispatcherServlet' to [/]
2018-03-31 23:43:03,004 - Mapping filter: 'characterEncodingFilter' to: [/*]
2018-03-31 23:43:03,005 - Mapping filter: 'hiddenHttpMethodFilter' to: [/*]
2018-03-31 23:43:03,005 - Mapping filter: 'httpPutFormContentFilter' to: [/*]
2018-03-31 23:43:03,005 - Mapping filter: 'requestContextFilter' to: [/*]
2018-03-31 23:43:11,035 - Building JPA container EntityManagerFactory for persistence unit 'default'
2018-03-31 23:43:11,585 - HHH000204: Processing PersistenceUnitInfo [
	name: default
	...]
2018-03-31 23:43:14,102 - HHH000412: Hibernate Core {5.0.12.Final}
2018-03-31 23:43:14,153 - HHH000206: hibernate.properties not found
2018-03-31 23:43:14,180 - HHH000021: Bytecode provider name : javassist
2018-03-31 23:43:15,358 - HCANN000001: Hibernate Commons Annotations {5.0.1.Final}
2018-03-31 23:43:18,069 - HHH000400: Using dialect: org.hibernate.dialect.MySQL5Dialect
2018-03-31 23:43:25,806 - Initialized JPA EntityManagerFactory for persistence unit 'default'
2018-03-31 23:43:33,789 - Looking for @ControllerAdvice: org.springframework.boot.context.embedded.AnnotationConfigEmbeddedWebApplicationContext@2f16c6b3: startup date [Sat Mar 31 23:42:30 CST 2018]; root of context hierarchy
2018-03-31 23:43:34,584 - Mapped "{[/room/list],methods=[GET]}" onto public com.jiang.im.vo.ResultVo com.jiang.im.controller.RoomController.roomList(java.lang.Integer,java.lang.Integer)
2018-03-31 23:43:34,586 - Mapped "{[/room/createroom],methods=[POST]}" onto public com.jiang.im.vo.ResultVo com.jiang.im.controller.RoomController.createRoom(com.jiang.im.form.RoomForm,org.springframework.validation.BindingResult)
2018-03-31 23:43:34,587 - Mapped "{[/upload/img],methods=[POST]}" onto public com.jiang.im.vo.ResultVo com.jiang.im.controller.UploadController.uploadHeader(org.springframework.web.multipart.MultipartFile,java.lang.String)
2018-03-31 23:43:34,625 - Mapped "{[/user/register],methods=[POST]}" onto public com.jiang.im.vo.ResultVo com.jiang.im.controller.UserController.register(java.lang.String,java.lang.String)
2018-03-31 23:43:34,626 - Mapped "{[/user/login],methods=[POST]}" onto public com.jiang.im.vo.ResultVo com.jiang.im.controller.UserController.login(java.lang.String)
2018-03-31 23:43:34,626 - Mapped "{[/user/autologin],methods=[POST]}" onto public com.jiang.im.vo.ResultVo com.jiang.im.controller.UserController.autoLogin(java.lang.String)
2018-03-31 23:43:34,626 - Mapped "{[/user/selfprofile],methods=[POST]}" onto public com.jiang.im.vo.ResultVo com.jiang.im.controller.UserController.selfProfile(java.lang.String)
2018-03-31 23:43:34,626 - Mapped "{[/user/sigout],methods=[POST]}" onto public com.jiang.im.vo.ResultVo com.jiang.im.controller.UserController.sigout(java.lang.String)
2018-03-31 23:43:34,627 - Mapped "{[/user/update],methods=[POST]}" onto public com.jiang.im.vo.ResultVo com.jiang.im.controller.UserController.updateUser(com.jiang.im.form.UserProfileForm,org.springframework.validation.BindingResult)
2018-03-31 23:43:34,630 - Mapped "{[/user/sendgift],methods=[POST]}" onto public com.jiang.im.vo.ResultVo com.jiang.im.controller.UserController.sendGift(int,java.lang.String,int,int)
2018-03-31 23:43:34,652 - Mapped "{[/error]}" onto public org.springframework.http.ResponseEntity<java.util.Map<java.lang.String, java.lang.Object>> org.springframework.boot.autoconfigure.web.BasicErrorController.error(javax.servlet.http.HttpServletRequest)
2018-03-31 23:43:34,653 - Mapped "{[/error],produces=[text/html]}" onto public org.springframework.web.servlet.ModelAndView org.springframework.boot.autoconfigure.web.BasicErrorController.errorHtml(javax.servlet.http.HttpServletRequest,javax.servlet.http.HttpServletResponse)
2018-03-31 23:43:34,746 - Mapped URL path [/webjars/**] onto handler of type [class org.springframework.web.servlet.resource.ResourceHttpRequestHandler]
2018-03-31 23:43:34,747 - Mapped URL path [/**] onto handler of type [class org.springframework.web.servlet.resource.ResourceHttpRequestHandler]
2018-03-31 23:43:35,090 - Mapped URL path [/**/favicon.ico] onto handler of type [class org.springframework.web.servlet.resource.ResourceHttpRequestHandler]
2018-03-31 23:43:37,496 - SpringTemplateLoader for FreeMarker: using resource loader [org.springframework.boot.context.embedded.AnnotationConfigEmbeddedWebApplicationContext@2f16c6b3: startup date [Sat Mar 31 23:42:30 CST 2018]; root of context hierarchy] and template loader path [classpath:/templates/]
2018-03-31 23:43:37,498 - ClassTemplateLoader for Spring macros added to FreeMarker configuration
2018-03-31 23:43:37,552 - Cannot find template location(s): [classpath:/templates/] (please add some templates, check your FreeMarker configuration, or set spring.freemarker.checkTemplateLocation=false)
2018-03-31 23:43:38,367 - Registering @ServerEndpoint class: class com.jiang.im.im.IMService
2018-03-31 23:43:38,490 - Registering beans for JMX exposure on startup
2018-03-31 23:43:38,554 - Initializing ProtocolHandler ["http-nio-8086"]
2018-03-31 23:43:38,591 - Starting ProtocolHandler ["http-nio-8086"]
2018-03-31 23:43:38,763 - Pausing ProtocolHandler ["http-nio-8086"]
2018-03-31 23:43:38,764 - Stopping service Tomcat
2018-03-31 23:43:38,825 - The stop() method was called on component [StandardServer[-1]] after stop() had already been called. The second call will be ignored.
2018-03-31 23:43:38,826 - Stopping ProtocolHandler ["http-nio-8086"]
2018-03-31 23:43:38,826 - Destroying ProtocolHandler ["http-nio-8086"]
2018-03-31 23:43:38,844 - 

Error starting ApplicationContext. To display the auto-configuration report re-run your application with 'debug' enabled.
2018-03-31 23:43:38,869 - Closing org.springframework.boot.context.embedded.AnnotationConfigEmbeddedWebApplicationContext@2f16c6b3: startup date [Sat Mar 31 23:42:30 CST 2018]; root of context hierarchy
2018-03-31 23:43:38,873 - Unregistering JMX-exposed beans on shutdown
2018-03-31 23:43:38,875 - Closing JPA EntityManagerFactory for persistence unit 'default'
2018-03-31 23:44:06,535 - Starting App on jiangqianghuadeMacBook-Pro.local with PID 4188 (/Users/jiangqianghua/Documents/workspace/idea/IMServer/target/classes started by jiangqianghua in /Users/jiangqianghua/Documents/workspace/idea/IMServer)
2018-03-31 23:44:06,589 - The following profiles are active: dev
2018-03-31 23:44:07,053 - Refreshing org.springframework.boot.context.embedded.AnnotationConfigEmbeddedWebApplicationContext@73a1e9a9: startup date [Sat Mar 31 23:44:07 CST 2018]; root of context hierarchy
2018-03-31 23:44:07,695 - HV000001: Hibernate Validator 5.3.5.Final
2018-03-31 23:44:10,728 - Multiple Spring Data modules found, entering strict repository configuration mode!
2018-03-31 23:44:10,815 - Multiple Spring Data modules found, entering strict repository configuration mode!
2018-03-31 23:44:10,844 - Spring Data Redis - Could not safely identify store assignment for repository candidate interface com.jiang.im.repository.UserProfileRepository.
2018-03-31 23:44:10,845 - Spring Data Redis - Could not safely identify store assignment for repository candidate interface com.jiang.im.repository.RoomInfoRepository.
2018-03-31 23:44:12,447 - Tomcat initialized with port(s): 8086 (http)
2018-03-31 23:44:12,540 - Starting service Tomcat
2018-03-31 23:44:12,542 - Starting Servlet Engine: Apache Tomcat/8.5.14
2018-03-31 23:44:13,617 - Initializing Spring embedded WebApplicationContext
2018-03-31 23:44:13,618 - Root WebApplicationContext: initialization completed in 6566 ms
2018-03-31 23:44:13,962 - Mapping servlet: 'dispatcherServlet' to [/]
2018-03-31 23:44:14,040 - Mapping filter: 'characterEncodingFilter' to: [/*]
2018-03-31 23:44:14,041 - Mapping filter: 'hiddenHttpMethodFilter' to: [/*]
2018-03-31 23:44:14,041 - Mapping filter: 'httpPutFormContentFilter' to: [/*]
2018-03-31 23:44:14,041 - Mapping filter: 'requestContextFilter' to: [/*]
2018-03-31 23:44:16,495 - Building JPA container EntityManagerFactory for persistence unit 'default'
2018-03-31 23:44:16,526 - HHH000204: Processing PersistenceUnitInfo [
	name: default
	...]
2018-03-31 23:44:17,206 - HHH000412: Hibernate Core {5.0.12.Final}
2018-03-31 23:44:17,209 - HHH000206: hibernate.properties not found
2018-03-31 23:44:17,212 - HHH000021: Bytecode provider name : javassist
2018-03-31 23:44:17,572 - HCANN000001: Hibernate Commons Annotations {5.0.1.Final}
2018-03-31 23:44:18,799 - HHH000400: Using dialect: org.hibernate.dialect.MySQL5Dialect
2018-03-31 23:44:19,792 - Initialized JPA EntityManagerFactory for persistence unit 'default'
2018-03-31 23:44:21,283 - Looking for @ControllerAdvice: org.springframework.boot.context.embedded.AnnotationConfigEmbeddedWebApplicationContext@73a1e9a9: startup date [Sat Mar 31 23:44:07 CST 2018]; root of context hierarchy
2018-03-31 23:44:21,413 - Mapped "{[/room/list],methods=[GET]}" onto public com.jiang.im.vo.ResultVo com.jiang.im.controller.RoomController.roomList(java.lang.Integer,java.lang.Integer)
2018-03-31 23:44:21,415 - Mapped "{[/room/createroom],methods=[POST]}" onto public com.jiang.im.vo.ResultVo com.jiang.im.controller.RoomController.createRoom(com.jiang.im.form.RoomForm,org.springframework.validation.BindingResult)
2018-03-31 23:44:21,416 - Mapped "{[/upload/img],methods=[POST]}" onto public com.jiang.im.vo.ResultVo com.jiang.im.controller.UploadController.uploadHeader(org.springframework.web.multipart.MultipartFile,java.lang.String)
2018-03-31 23:44:21,424 - Mapped "{[/user/register],methods=[POST]}" onto public com.jiang.im.vo.ResultVo com.jiang.im.controller.UserController.register(java.lang.String,java.lang.String)
2018-03-31 23:44:21,424 - Mapped "{[/user/autologin],methods=[POST]}" onto public com.jiang.im.vo.ResultVo com.jiang.im.controller.UserController.autoLogin(java.lang.String)
2018-03-31 23:44:21,425 - Mapped "{[/user/sigout],methods=[POST]}" onto public com.jiang.im.vo.ResultVo com.jiang.im.controller.UserController.sigout(java.lang.String)
2018-03-31 23:44:21,426 - Mapped "{[/user/selfprofile],methods=[POST]}" onto public com.jiang.im.vo.ResultVo com.jiang.im.controller.UserController.selfProfile(java.lang.String)
2018-03-31 23:44:21,426 - Mapped "{[/user/update],methods=[POST]}" onto public com.jiang.im.vo.ResultVo com.jiang.im.controller.UserController.updateUser(com.jiang.im.form.UserProfileForm,org.springframework.validation.BindingResult)
2018-03-31 23:44:21,427 - Mapped "{[/user/sendgift],methods=[POST]}" onto public com.jiang.im.vo.ResultVo com.jiang.im.controller.UserController.sendGift(int,java.lang.String,int,int)
2018-03-31 23:44:21,427 - Mapped "{[/user/login],methods=[POST]}" onto public com.jiang.im.vo.ResultVo com.jiang.im.controller.UserController.login(java.lang.String)
2018-03-31 23:44:21,431 - Mapped "{[/error]}" onto public org.springframework.http.ResponseEntity<java.util.Map<java.lang.String, java.lang.Object>> org.springframework.boot.autoconfigure.web.BasicErrorController.error(javax.servlet.http.HttpServletRequest)
2018-03-31 23:44:21,431 - Mapped "{[/error],produces=[text/html]}" onto public org.springframework.web.servlet.ModelAndView org.springframework.boot.autoconfigure.web.BasicErrorController.errorHtml(javax.servlet.http.HttpServletRequest,javax.servlet.http.HttpServletResponse)
2018-03-31 23:44:21,480 - Mapped URL path [/webjars/**] onto handler of type [class org.springframework.web.servlet.resource.ResourceHttpRequestHandler]
2018-03-31 23:44:21,480 - Mapped URL path [/**] onto handler of type [class org.springframework.web.servlet.resource.ResourceHttpRequestHandler]
2018-03-31 23:44:21,609 - Mapped URL path [/**/favicon.ico] onto handler of type [class org.springframework.web.servlet.resource.ResourceHttpRequestHandler]
2018-03-31 23:44:22,059 - SpringTemplateLoader for FreeMarker: using resource loader [org.springframework.boot.context.embedded.AnnotationConfigEmbeddedWebApplicationContext@73a1e9a9: startup date [Sat Mar 31 23:44:07 CST 2018]; root of context hierarchy] and template loader path [classpath:/templates/]
2018-03-31 23:44:22,060 - ClassTemplateLoader for Spring macros added to FreeMarker configuration
2018-03-31 23:44:22,091 - Cannot find template location(s): [classpath:/templates/] (please add some templates, check your FreeMarker configuration, or set spring.freemarker.checkTemplateLocation=false)
2018-03-31 23:44:22,325 - Registering @ServerEndpoint class: class com.jiang.im.im.IMService
2018-03-31 23:44:22,347 - Registering beans for JMX exposure on startup
2018-03-31 23:44:22,385 - Initializing ProtocolHandler ["http-nio-8086"]
2018-03-31 23:44:22,424 - Starting ProtocolHandler ["http-nio-8086"]
2018-03-31 23:44:22,511 - Pausing ProtocolHandler ["http-nio-8086"]
2018-03-31 23:44:22,511 - Stopping service Tomcat
2018-03-31 23:44:22,522 - The stop() method was called on component [StandardServer[-1]] after stop() had already been called. The second call will be ignored.
2018-03-31 23:44:22,523 - Stopping ProtocolHandler ["http-nio-8086"]
2018-03-31 23:44:22,523 - Destroying ProtocolHandler ["http-nio-8086"]
2018-03-31 23:44:22,539 - 

Error starting ApplicationContext. To display the auto-configuration report re-run your application with 'debug' enabled.
2018-03-31 23:44:22,622 - Closing org.springframework.boot.context.embedded.AnnotationConfigEmbeddedWebApplicationContext@73a1e9a9: startup date [Sat Mar 31 23:44:07 CST 2018]; root of context hierarchy
2018-03-31 23:44:22,625 - Unregistering JMX-exposed beans on shutdown
2018-03-31 23:44:22,633 - Closing JPA EntityManagerFactory for persistence unit 'default'
2018-03-31 23:45:00,105 - roomid:77,userid:1 come in
