2018-01-30 12:30:34,789 - Starting App on jiangqianghuadeMacBook-Pro.local with PID 1237 (/Users/jiangqianghua/Documents/workspace/idea/IMServer/target/classes started by jiangqianghua in /Users/jiangqianghua/Documents/workspace/idea/IMServer)
2018-01-30 12:30:34,984 - The following profiles are active: dev
2018-01-30 12:30:37,798 - Refreshing org.springframework.boot.context.embedded.AnnotationConfigEmbeddedWebApplicationContext@55493582: startup date [Tue Jan 30 12:30:37 CST 2018]; root of context hierarchy
2018-01-30 12:30:51,395 - HV000001: Hibernate Validator 5.3.5.Final
2018-01-30 12:31:04,536 - Multiple Spring Data modules found, entering strict repository configuration mode!
2018-01-30 12:31:06,563 - Multiple Spring Data modules found, entering strict repository configuration mode!
2018-01-30 12:31:07,208 - Spring Data Redis - Could not safely identify store assignment for repository candidate interface com.jiang.im.repository.UserProfileRepository.
2018-01-30 12:31:07,208 - Spring Data Redis - Could not safely identify store assignment for repository candidate interface com.jiang.im.repository.RoomInfoRepository.
2018-01-30 12:31:22,144 - Tomcat initialized with port(s): 8086 (http)
2018-01-30 12:31:22,557 - Starting service Tomcat
2018-01-30 12:31:22,620 - Starting Servlet Engine: Apache Tomcat/8.5.14
2018-01-30 12:31:26,521 - Initializing Spring embedded WebApplicationContext
2018-01-30 12:31:26,522 - Root WebApplicationContext: initialization completed in 48724 ms
2018-01-30 12:31:27,178 - Mapping servlet: 'dispatcherServlet' to [/]
2018-01-30 12:31:27,246 - Mapping filter: 'characterEncodingFilter' to: [/*]
2018-01-30 12:31:27,299 - Mapping filter: 'hiddenHttpMethodFilter' to: [/*]
2018-01-30 12:31:27,300 - Mapping filter: 'httpPutFormContentFilter' to: [/*]
2018-01-30 12:31:27,300 - Mapping filter: 'requestContextFilter' to: [/*]
2018-01-30 12:31:36,472 - Building JPA container EntityManagerFactory for persistence unit 'default'
2018-01-30 12:31:36,994 - HHH000204: Processing PersistenceUnitInfo [
	name: default
	...]
2018-01-30 12:31:39,444 - HHH000412: Hibernate Core {5.0.12.Final}
2018-01-30 12:31:39,466 - HHH000206: hibernate.properties not found
2018-01-30 12:31:39,556 - HHH000021: Bytecode provider name : javassist
2018-01-30 12:31:40,310 - HCANN000001: Hibernate Commons Annotations {5.0.1.Final}
2018-01-30 12:31:44,622 - HHH000400: Using dialect: org.hibernate.dialect.MySQL5Dialect
2018-01-30 12:31:55,915 - Initialized JPA EntityManagerFactory for persistence unit 'default'
2018-01-30 12:32:02,642 - Looking for @ControllerAdvice: org.springframework.boot.context.embedded.AnnotationConfigEmbeddedWebApplicationContext@55493582: startup date [Tue Jan 30 12:30:37 CST 2018]; root of context hierarchy
2018-01-30 12:32:03,373 - Mapped "{[/room/list],methods=[GET]}" onto public com.jiang.im.vo.ResultVo com.jiang.im.controller.RoomController.roomList(java.lang.Integer,java.lang.Integer)
2018-01-30 12:32:03,375 - Mapped "{[/room/createroom],methods=[POST]}" onto public com.jiang.im.vo.ResultVo com.jiang.im.controller.RoomController.createRoom(com.jiang.im.form.RoomForm,org.springframework.validation.BindingResult)
2018-01-30 12:32:03,376 - Mapped "{[/upload/img],methods=[POST]}" onto public com.jiang.im.vo.ResultVo com.jiang.im.controller.UploadController.uploadHeader(org.springframework.web.multipart.MultipartFile,java.lang.String)
2018-01-30 12:32:03,391 - Mapped "{[/user/register],methods=[POST]}" onto public com.jiang.im.vo.ResultVo com.jiang.im.controller.UserController.register(java.lang.String,java.lang.String)
2018-01-30 12:32:03,392 - Mapped "{[/user/login],methods=[POST]}" onto public com.jiang.im.vo.ResultVo com.jiang.im.controller.UserController.login(java.lang.String)
2018-01-30 12:32:03,392 - Mapped "{[/user/sigout],methods=[POST]}" onto public com.jiang.im.vo.ResultVo com.jiang.im.controller.UserController.sigout(java.lang.String)
2018-01-30 12:32:03,393 - Mapped "{[/user/autologin],methods=[POST]}" onto public com.jiang.im.vo.ResultVo com.jiang.im.controller.UserController.autoLogin(java.lang.String)
2018-01-30 12:32:03,393 - Mapped "{[/user/selfprofile],methods=[POST]}" onto public com.jiang.im.vo.ResultVo com.jiang.im.controller.UserController.selfProfile(java.lang.String)
2018-01-30 12:32:03,393 - Mapped "{[/user/update],methods=[POST]}" onto public com.jiang.im.vo.ResultVo com.jiang.im.controller.UserController.updateUser(com.jiang.im.form.UserProfileForm,org.springframework.validation.BindingResult)
2018-01-30 12:32:03,400 - Mapped "{[/error]}" onto public org.springframework.http.ResponseEntity<java.util.Map<java.lang.String, java.lang.Object>> org.springframework.boot.autoconfigure.web.BasicErrorController.error(javax.servlet.http.HttpServletRequest)
2018-01-30 12:32:03,401 - Mapped "{[/error],produces=[text/html]}" onto public org.springframework.web.servlet.ModelAndView org.springframework.boot.autoconfigure.web.BasicErrorController.errorHtml(javax.servlet.http.HttpServletRequest,javax.servlet.http.HttpServletResponse)
2018-01-30 12:32:03,498 - Mapped URL path [/webjars/**] onto handler of type [class org.springframework.web.servlet.resource.ResourceHttpRequestHandler]
2018-01-30 12:32:03,499 - Mapped URL path [/**] onto handler of type [class org.springframework.web.servlet.resource.ResourceHttpRequestHandler]
2018-01-30 12:32:03,737 - Mapped URL path [/**/favicon.ico] onto handler of type [class org.springframework.web.servlet.resource.ResourceHttpRequestHandler]
2018-01-30 12:32:06,693 - SpringTemplateLoader for FreeMarker: using resource loader [org.springframework.boot.context.embedded.AnnotationConfigEmbeddedWebApplicationContext@55493582: startup date [Tue Jan 30 12:30:37 CST 2018]; root of context hierarchy] and template loader path [classpath:/templates/]
2018-01-30 12:32:06,696 - ClassTemplateLoader for Spring macros added to FreeMarker configuration
2018-01-30 12:32:06,799 - Cannot find template location(s): [classpath:/templates/] (please add some templates, check your FreeMarker configuration, or set spring.freemarker.checkTemplateLocation=false)
2018-01-30 12:32:07,726 - Registering @ServerEndpoint class: class com.jiang.im.service.IMService
2018-01-30 12:32:07,896 - Registering beans for JMX exposure on startup
2018-01-30 12:32:08,021 - Initializing ProtocolHandler ["http-nio-8086"]
2018-01-30 12:32:08,054 - Starting ProtocolHandler ["http-nio-8086"]
2018-01-30 12:32:08,152 - Using a shared selector for servlet write/read
2018-01-30 12:32:08,210 - Tomcat started on port(s): 8086 (http)
2018-01-30 12:32:08,292 - Started App in 112.155 seconds (JVM running for 144.563)
2018-01-30 12:32:08,293 - IM系统启动成功
2018-01-30 12:32:29,204 - Initializing Spring FrameworkServlet 'dispatcherServlet'
2018-01-30 12:32:29,222 - FrameworkServlet 'dispatcherServlet': initialization started
2018-01-30 12:32:29,336 - FrameworkServlet 'dispatcherServlet': initialization completed in 114 ms
2018-01-30 12:32:45,007 - HHH000397: Using ASTQueryTranslatorFactory
2018-01-30 20:36:52,692 - Closing org.springframework.boot.context.embedded.AnnotationConfigEmbeddedWebApplicationContext@55493582: startup date [Tue Jan 30 12:30:37 CST 2018]; root of context hierarchy
2018-01-30 20:36:52,730 - Unregistering JMX-exposed beans on shutdown
2018-01-30 20:36:52,736 - Closing JPA EntityManagerFactory for persistence unit 'default'
2018-01-30 20:37:25,140 - Starting App on jiangqianghuadeMacBook-Pro.local with PID 2964 (/Users/jiangqianghua/Documents/workspace/idea/IMServer/target/classes started by jiangqianghua in /Users/jiangqianghua/Documents/workspace/idea/IMServer)
2018-01-30 20:37:25,243 - The following profiles are active: dev
2018-01-30 20:37:26,736 - Refreshing org.springframework.boot.context.embedded.AnnotationConfigEmbeddedWebApplicationContext@55493582: startup date [Tue Jan 30 20:37:26 CST 2018]; root of context hierarchy
2018-01-30 20:37:40,196 - HV000001: Hibernate Validator 5.3.5.Final
2018-01-30 20:37:44,083 - Multiple Spring Data modules found, entering strict repository configuration mode!
2018-01-30 20:37:44,390 - Multiple Spring Data modules found, entering strict repository configuration mode!
2018-01-30 20:37:44,460 - Spring Data Redis - Could not safely identify store assignment for repository candidate interface com.jiang.im.repository.UserProfileRepository.
2018-01-30 20:37:44,461 - Spring Data Redis - Could not safely identify store assignment for repository candidate interface com.jiang.im.repository.RoomInfoRepository.
2018-01-30 20:37:47,064 - Tomcat initialized with port(s): 8086 (http)
2018-01-30 20:37:47,110 - Starting service Tomcat
2018-01-30 20:37:47,113 - Starting Servlet Engine: Apache Tomcat/8.5.14
2018-01-30 20:37:47,996 - Initializing Spring embedded WebApplicationContext
2018-01-30 20:37:47,997 - Root WebApplicationContext: initialization completed in 21262 ms
2018-01-30 20:37:48,286 - Mapping servlet: 'dispatcherServlet' to [/]
2018-01-30 20:37:48,300 - Mapping filter: 'characterEncodingFilter' to: [/*]
2018-01-30 20:37:48,301 - Mapping filter: 'hiddenHttpMethodFilter' to: [/*]
2018-01-30 20:37:48,301 - Mapping filter: 'httpPutFormContentFilter' to: [/*]
2018-01-30 20:37:48,301 - Mapping filter: 'requestContextFilter' to: [/*]
2018-01-30 20:37:50,489 - Building JPA container EntityManagerFactory for persistence unit 'default'
2018-01-30 20:37:50,589 - HHH000204: Processing PersistenceUnitInfo [
	name: default
	...]
2018-01-30 20:37:51,162 - HHH000412: Hibernate Core {5.0.12.Final}
2018-01-30 20:37:51,178 - HHH000206: hibernate.properties not found
2018-01-30 20:37:51,180 - HHH000021: Bytecode provider name : javassist
2018-01-30 20:37:51,430 - HCANN000001: Hibernate Commons Annotations {5.0.1.Final}
2018-01-30 20:37:51,896 - HHH000400: Using dialect: org.hibernate.dialect.MySQL5Dialect
2018-01-30 20:37:53,291 - Initialized JPA EntityManagerFactory for persistence unit 'default'
2018-01-30 20:37:55,634 - Looking for @ControllerAdvice: org.springframework.boot.context.embedded.AnnotationConfigEmbeddedWebApplicationContext@55493582: startup date [Tue Jan 30 20:37:26 CST 2018]; root of context hierarchy
2018-01-30 20:37:55,834 - Mapped "{[/room/list],methods=[GET]}" onto public com.jiang.im.vo.ResultVo com.jiang.im.controller.RoomController.roomList(java.lang.Integer,java.lang.Integer)
2018-01-30 20:37:55,836 - Mapped "{[/room/createroom],methods=[POST]}" onto public com.jiang.im.vo.ResultVo com.jiang.im.controller.RoomController.createRoom(com.jiang.im.form.RoomForm,org.springframework.validation.BindingResult)
2018-01-30 20:37:55,837 - Mapped "{[/upload/img],methods=[POST]}" onto public com.jiang.im.vo.ResultVo com.jiang.im.controller.UploadController.uploadHeader(org.springframework.web.multipart.MultipartFile,java.lang.String)
2018-01-30 20:37:55,851 - Mapped "{[/user/register],methods=[POST]}" onto public com.jiang.im.vo.ResultVo com.jiang.im.controller.UserController.register(java.lang.String,java.lang.String)
2018-01-30 20:37:55,852 - Mapped "{[/user/login],methods=[POST]}" onto public com.jiang.im.vo.ResultVo com.jiang.im.controller.UserController.login(java.lang.String)
2018-01-30 20:37:55,853 - Mapped "{[/user/sigout],methods=[POST]}" onto public com.jiang.im.vo.ResultVo com.jiang.im.controller.UserController.sigout(java.lang.String)
2018-01-30 20:37:55,853 - Mapped "{[/user/autologin],methods=[POST]}" onto public com.jiang.im.vo.ResultVo com.jiang.im.controller.UserController.autoLogin(java.lang.String)
2018-01-30 20:37:55,853 - Mapped "{[/user/selfprofile],methods=[POST]}" onto public com.jiang.im.vo.ResultVo com.jiang.im.controller.UserController.selfProfile(java.lang.String)
2018-01-30 20:37:55,854 - Mapped "{[/user/update],methods=[POST]}" onto public com.jiang.im.vo.ResultVo com.jiang.im.controller.UserController.updateUser(com.jiang.im.form.UserProfileForm,org.springframework.validation.BindingResult)
2018-01-30 20:37:55,859 - Mapped "{[/error]}" onto public org.springframework.http.ResponseEntity<java.util.Map<java.lang.String, java.lang.Object>> org.springframework.boot.autoconfigure.web.BasicErrorController.error(javax.servlet.http.HttpServletRequest)
2018-01-30 20:37:55,860 - Mapped "{[/error],produces=[text/html]}" onto public org.springframework.web.servlet.ModelAndView org.springframework.boot.autoconfigure.web.BasicErrorController.errorHtml(javax.servlet.http.HttpServletRequest,javax.servlet.http.HttpServletResponse)
2018-01-30 20:37:55,944 - Mapped URL path [/webjars/**] onto handler of type [class org.springframework.web.servlet.resource.ResourceHttpRequestHandler]
2018-01-30 20:37:55,945 - Mapped URL path [/**] onto handler of type [class org.springframework.web.servlet.resource.ResourceHttpRequestHandler]
2018-01-30 20:37:56,031 - Mapped URL path [/**/favicon.ico] onto handler of type [class org.springframework.web.servlet.resource.ResourceHttpRequestHandler]
2018-01-30 20:37:56,858 - SpringTemplateLoader for FreeMarker: using resource loader [org.springframework.boot.context.embedded.AnnotationConfigEmbeddedWebApplicationContext@55493582: startup date [Tue Jan 30 20:37:26 CST 2018]; root of context hierarchy] and template loader path [classpath:/templates/]
2018-01-30 20:37:56,860 - ClassTemplateLoader for Spring macros added to FreeMarker configuration
2018-01-30 20:37:56,902 - Cannot find template location(s): [classpath:/templates/] (please add some templates, check your FreeMarker configuration, or set spring.freemarker.checkTemplateLocation=false)
2018-01-30 20:37:57,493 - Registering @ServerEndpoint class: class com.jiang.im.service.IMService
2018-01-30 20:37:57,570 - Registering beans for JMX exposure on startup
2018-01-30 20:37:57,629 - Initializing ProtocolHandler ["http-nio-8086"]
2018-01-30 20:37:57,662 - Starting ProtocolHandler ["http-nio-8086"]
2018-01-30 20:37:57,783 - Using a shared selector for servlet write/read
2018-01-30 20:37:57,853 - Tomcat started on port(s): 8086 (http)
2018-01-30 20:37:57,868 - Started App in 44.669 seconds (JVM running for 59.791)
2018-01-30 20:37:57,868 - IM系统启动成功
2018-01-30 20:39:04,137 - Initializing Spring FrameworkServlet 'dispatcherServlet'
2018-01-30 20:39:04,154 - FrameworkServlet 'dispatcherServlet': initialization started
2018-01-30 20:39:04,260 - FrameworkServlet 'dispatcherServlet': initialization completed in 102 ms
2018-01-30 20:39:18,810 - HHH000397: Using ASTQueryTranslatorFactory
