2017-12-13 23:39:36,026 - Starting App on jiangqianghuadeMacBook-Pro.local with PID 488 (/Users/jiangqianghua/Documents/workspace/wxshop/target/classes started by jiangqianghua in /Users/jiangqianghua/Documents/workspace/wxshop)
2017-12-13 23:39:36,055 - No active profile set, falling back to default profiles: default
2017-12-13 23:39:36,688 - Refreshing org.springframework.boot.context.embedded.AnnotationConfigEmbeddedWebApplicationContext@5876a9af: startup date [Wed Dec 13 23:39:36 CST 2017]; root of context hierarchy
2017-12-13 23:39:41,554 - HV000001: Hibernate Validator 5.3.5.Final
2017-12-13 23:39:49,517 - Tomcat initialized with port(s): 8085 (http)
2017-12-13 23:39:49,987 - Starting service Tomcat
2017-12-13 23:39:50,015 - Starting Servlet Engine: Apache Tomcat/8.5.14
2017-12-13 23:39:50,696 - Initializing Spring embedded WebApplicationContext
2017-12-13 23:39:50,696 - Root WebApplicationContext: initialization completed in 14009 ms
2017-12-13 23:39:50,943 - Mapping servlet: 'dispatcherServlet' to [/]
2017-12-13 23:39:50,962 - Mapping filter: 'characterEncodingFilter' to: [/*]
2017-12-13 23:39:50,963 - Mapping filter: 'hiddenHttpMethodFilter' to: [/*]
2017-12-13 23:39:50,963 - Mapping filter: 'httpPutFormContentFilter' to: [/*]
2017-12-13 23:39:50,964 - Mapping filter: 'requestContextFilter' to: [/*]
2017-12-13 23:39:53,051 - Building JPA container EntityManagerFactory for persistence unit 'default'
2017-12-13 23:39:53,131 - HHH000204: Processing PersistenceUnitInfo [
	name: default
	...]
2017-12-13 23:39:53,319 - HHH000412: Hibernate Core {5.0.12.Final}
2017-12-13 23:39:53,333 - HHH000206: hibernate.properties not found
2017-12-13 23:39:53,335 - HHH000021: Bytecode provider name : javassist
2017-12-13 23:39:53,509 - HCANN000001: Hibernate Commons Annotations {5.0.1.Final}
2017-12-13 23:39:54,073 - HHH000400: Using dialect: org.hibernate.dialect.MySQL5Dialect
2017-12-13 23:39:56,294 - Initialized JPA EntityManagerFactory for persistence unit 'default'
2017-12-13 23:39:57,558 - ClassTemplateLoader for Spring macros added to FreeMarker configuration
2017-12-13 23:39:59,092 - Looking for @ControllerAdvice: org.springframework.boot.context.embedded.AnnotationConfigEmbeddedWebApplicationContext@5876a9af: startup date [Wed Dec 13 23:39:36 CST 2017]; root of context hierarchy
2017-12-13 23:40:00,161 - Mapped "{[/buyer/order/create],methods=[POST]}" onto public com.jiang.wxshop.vo.ResultVo<java.util.Map<java.lang.String, java.lang.String>> com.jiang.wxshop.controller.BuyerOrderController.create(com.jiang.wxshop.form.OrderForm,org.springframework.validation.BindingResult)
2017-12-13 23:40:00,162 - Mapped "{[/buyer/order/list],methods=[GET]}" onto public com.jiang.wxshop.vo.ResultVo<java.util.List<com.jiang.wxshop.dto.OrderDTO>> com.jiang.wxshop.controller.BuyerOrderController.list(java.lang.String,java.lang.Integer,java.lang.Integer)
2017-12-13 23:40:00,163 - Mapped "{[/buyer/order/cancel],methods=[POST]}" onto public com.jiang.wxshop.vo.ResultVo<com.jiang.wxshop.dto.OrderDTO> com.jiang.wxshop.controller.BuyerOrderController.cancel(java.lang.String,java.lang.String)
2017-12-13 23:40:00,163 - Mapped "{[/buyer/order/detail],methods=[GET]}" onto public com.jiang.wxshop.vo.ResultVo<com.jiang.wxshop.dto.OrderDTO> com.jiang.wxshop.controller.BuyerOrderController.detail(java.lang.String,java.lang.String)
2017-12-13 23:40:00,165 - Mapped "{[/buyer/product/list],methods=[GET]}" onto public com.jiang.wxshop.vo.ResultVo com.jiang.wxshop.controller.BuyerProductController.list()
2017-12-13 23:40:00,166 - Mapped "{[/list]}" onto public java.lang.String com.jiang.wxshop.controller.FreeMarkerController.list(java.util.Map<java.lang.String, java.lang.Object>)
2017-12-13 23:40:00,166 - Mapped "{[/map]}" onto public java.lang.String com.jiang.wxshop.controller.FreeMarkerController.map(java.util.Map<java.lang.String, java.lang.Object>)
2017-12-13 23:40:00,167 - Mapped "{[/role]}" onto public java.lang.String com.jiang.wxshop.controller.FreeMarkerController.role(java.util.Map<java.lang.String, java.lang.Object>)
2017-12-13 23:40:00,167 - Mapped "{[/welcome]}" onto public java.lang.String com.jiang.wxshop.controller.FreeMarkerController.hello(java.util.Map<java.lang.String, java.lang.Object>)
2017-12-13 23:40:00,170 - Mapped "{[/seller/order/list],methods=[GET]}" onto public org.springframework.web.servlet.ModelAndView com.jiang.wxshop.controller.SellerOrderController.list(java.lang.Integer,java.lang.Integer,java.util.Map<java.lang.String, java.lang.Object>)
2017-12-13 23:40:00,171 - Mapped "{[/seller/order/cancel],methods=[GET]}" onto public org.springframework.web.servlet.ModelAndView com.jiang.wxshop.controller.SellerOrderController.cancel(java.lang.String,java.util.Map<java.lang.String, java.lang.Object>)
2017-12-13 23:40:00,171 - Mapped "{[/seller/order/finish],methods=[GET]}" onto public org.springframework.web.servlet.ModelAndView com.jiang.wxshop.controller.SellerOrderController.finish(java.lang.String,java.util.Map<java.lang.String, java.lang.Object>)
2017-12-13 23:40:00,172 - Mapped "{[/seller/order/detial],methods=[GET]}" onto public org.springframework.web.servlet.ModelAndView com.jiang.wxshop.controller.SellerOrderController.detail(java.lang.String,java.util.Map<java.lang.String, java.lang.Object>)
2017-12-13 23:40:00,173 - Mapped "{[/seller/product/list],methods=[GET]}" onto public org.springframework.web.servlet.ModelAndView com.jiang.wxshop.controller.SellerProductController.list(java.lang.Integer,java.lang.Integer,java.util.Map<java.lang.String, java.lang.Object>)
2017-12-13 23:40:00,177 - Mapped "{[/error]}" onto public org.springframework.http.ResponseEntity<java.util.Map<java.lang.String, java.lang.Object>> org.springframework.boot.autoconfigure.web.BasicErrorController.error(javax.servlet.http.HttpServletRequest)
2017-12-13 23:40:00,177 - Mapped "{[/error],produces=[text/html]}" onto public org.springframework.web.servlet.ModelAndView org.springframework.boot.autoconfigure.web.BasicErrorController.errorHtml(javax.servlet.http.HttpServletRequest,javax.servlet.http.HttpServletResponse)
2017-12-13 23:40:00,246 - Mapped URL path [/webjars/**] onto handler of type [class org.springframework.web.servlet.resource.ResourceHttpRequestHandler]
2017-12-13 23:40:00,246 - Mapped URL path [/**] onto handler of type [class org.springframework.web.servlet.resource.ResourceHttpRequestHandler]
2017-12-13 23:40:00,510 - Mapped URL path [/**/favicon.ico] onto handler of type [class org.springframework.web.servlet.resource.ResourceHttpRequestHandler]
2017-12-13 23:40:02,900 - Registering beans for JMX exposure on startup
2017-12-13 23:40:03,083 - Initializing ProtocolHandler ["http-nio-8085"]
2017-12-13 23:40:03,247 - Starting ProtocolHandler ["http-nio-8085"]
2017-12-13 23:40:04,004 - Using a shared selector for servlet write/read
2017-12-13 23:40:04,206 - Tomcat started on port(s): 8085 (http)
2017-12-13 23:40:04,250 - Started App in 31.905 seconds (JVM running for 37.416)
2017-12-13 23:40:04,251 - 微信订餐项目已经启动...
2017-12-13 23:40:07,733 - Initializing Spring FrameworkServlet 'dispatcherServlet'
2017-12-13 23:40:07,734 - FrameworkServlet 'dispatcherServlet': initialization started
2017-12-13 23:40:07,795 - FrameworkServlet 'dispatcherServlet': initialization completed in 61 ms
2017-12-13 23:40:08,017 - HHH000397: Using ASTQueryTranslatorFactory
