2018-01-25 22:07:01,216 - Starting App on jiangqianghuadeMacBook-Pro.local with PID 494 (/Users/jiangqianghua/Documents/workspace/idea/IMServer/target/classes started by jiangqianghua in /Users/jiangqianghua/Documents/workspace/idea/IMServer)
2018-01-25 22:07:01,221 - The following profiles are active: dev
2018-01-25 22:07:01,568 - Refreshing org.springframework.boot.context.embedded.AnnotationConfigEmbeddedWebApplicationContext@3abada5a: startup date [Thu Jan 25 22:07:01 CST 2018]; root of context hierarchy
2018-01-25 22:07:03,733 - HV000001: Hibernate Validator 5.3.5.Final
2018-01-25 22:07:12,284 - Tomcat initialized with port(s): 8086 (http)
2018-01-25 22:07:12,353 - Starting service Tomcat
2018-01-25 22:07:12,356 - Starting Servlet Engine: Apache Tomcat/8.5.14
2018-01-25 22:07:12,717 - Initializing Spring embedded WebApplicationContext
2018-01-25 22:07:12,717 - Root WebApplicationContext: initialization completed in 11149 ms
2018-01-25 22:07:12,963 - Mapping servlet: 'dispatcherServlet' to [/]
2018-01-25 22:07:12,990 - Mapping filter: 'characterEncodingFilter' to: [/*]
2018-01-25 22:07:12,992 - Mapping filter: 'hiddenHttpMethodFilter' to: [/*]
2018-01-25 22:07:12,992 - Mapping filter: 'httpPutFormContentFilter' to: [/*]
2018-01-25 22:07:12,992 - Mapping filter: 'requestContextFilter' to: [/*]
2018-01-25 22:07:13,203 - Exception encountered during context initialization - cancelling refresh attempt: org.springframework.beans.factory.UnsatisfiedDependencyException: Error creating bean with name 'userController': Unsatisfied dependency expressed through field 'userService'; nested exception is org.springframework.beans.factory.NoSuchBeanDefinitionException: No qualifying bean of type 'com.jiang.im.service.UserService' available: expected at least 1 bean which qualifies as autowire candidate. Dependency annotations: {@org.springframework.beans.factory.annotation.Autowired(required=true)}
2018-01-25 22:07:13,209 - Stopping service Tomcat
2018-01-25 22:07:13,278 - 

Error starting ApplicationContext. To display the auto-configuration report re-run your application with 'debug' enabled.
2018-01-25 22:08:59,490 - Starting App on jiangqianghuadeMacBook-Pro.local with PID 548 (/Users/jiangqianghua/Documents/workspace/idea/IMServer/target/classes started by jiangqianghua in /Users/jiangqianghua/Documents/workspace/idea/IMServer)
2018-01-25 22:08:59,567 - The following profiles are active: dev
2018-01-25 22:09:01,420 - Refreshing org.springframework.boot.context.embedded.AnnotationConfigEmbeddedWebApplicationContext@3abada5a: startup date [Thu Jan 25 22:09:01 CST 2018]; root of context hierarchy
2018-01-25 22:09:03,190 - HV000001: Hibernate Validator 5.3.5.Final
2018-01-25 22:09:08,043 - Tomcat initialized with port(s): 8086 (http)
2018-01-25 22:09:08,098 - Starting service Tomcat
2018-01-25 22:09:08,101 - Starting Servlet Engine: Apache Tomcat/8.5.14
2018-01-25 22:09:08,358 - Initializing Spring embedded WebApplicationContext
2018-01-25 22:09:08,358 - Root WebApplicationContext: initialization completed in 6938 ms
2018-01-25 22:09:08,731 - Mapping servlet: 'dispatcherServlet' to [/]
2018-01-25 22:09:08,775 - Mapping filter: 'characterEncodingFilter' to: [/*]
2018-01-25 22:09:08,776 - Mapping filter: 'hiddenHttpMethodFilter' to: [/*]
2018-01-25 22:09:08,777 - Mapping filter: 'httpPutFormContentFilter' to: [/*]
2018-01-25 22:09:08,777 - Mapping filter: 'requestContextFilter' to: [/*]
2018-01-25 22:09:09,477 - Looking for @ControllerAdvice: org.springframework.boot.context.embedded.AnnotationConfigEmbeddedWebApplicationContext@3abada5a: startup date [Thu Jan 25 22:09:01 CST 2018]; root of context hierarchy
2018-01-25 22:09:09,714 - Mapped "{[/user/login],methods=[GET]}" onto public com.jiang.im.vo.ResultVo com.jiang.im.controller.UserController.login(java.lang.String,java.lang.String,javax.servlet.http.HttpServletResponse)
2018-01-25 22:09:09,718 - Mapped "{[/error]}" onto public org.springframework.http.ResponseEntity<java.util.Map<java.lang.String, java.lang.Object>> org.springframework.boot.autoconfigure.web.BasicErrorController.error(javax.servlet.http.HttpServletRequest)
2018-01-25 22:09:09,742 - Mapped "{[/error],produces=[text/html]}" onto public org.springframework.web.servlet.ModelAndView org.springframework.boot.autoconfigure.web.BasicErrorController.errorHtml(javax.servlet.http.HttpServletRequest,javax.servlet.http.HttpServletResponse)
2018-01-25 22:09:09,787 - Mapped URL path [/webjars/**] onto handler of type [class org.springframework.web.servlet.resource.ResourceHttpRequestHandler]
2018-01-25 22:09:09,787 - Mapped URL path [/**] onto handler of type [class org.springframework.web.servlet.resource.ResourceHttpRequestHandler]
2018-01-25 22:09:09,885 - Mapped URL path [/**/favicon.ico] onto handler of type [class org.springframework.web.servlet.resource.ResourceHttpRequestHandler]
2018-01-25 22:09:10,419 - SpringTemplateLoader for FreeMarker: using resource loader [org.springframework.boot.context.embedded.AnnotationConfigEmbeddedWebApplicationContext@3abada5a: startup date [Thu Jan 25 22:09:01 CST 2018]; root of context hierarchy] and template loader path [classpath:/templates/]
2018-01-25 22:09:10,422 - ClassTemplateLoader for Spring macros added to FreeMarker configuration
2018-01-25 22:09:10,462 - Cannot find template location(s): [classpath:/templates/] (please add some templates, check your FreeMarker configuration, or set spring.freemarker.checkTemplateLocation=false)
2018-01-25 22:09:10,884 - Registering @ServerEndpoint class: class com.jiang.im.service.IMService
2018-01-25 22:09:10,975 - Registering beans for JMX exposure on startup
2018-01-25 22:09:11,044 - Initializing ProtocolHandler ["http-nio-8086"]
2018-01-25 22:09:11,101 - Starting ProtocolHandler ["http-nio-8086"]
2018-01-25 22:09:11,163 - Using a shared selector for servlet write/read
2018-01-25 22:09:11,269 - Tomcat started on port(s): 8086 (http)
2018-01-25 22:09:11,294 - Started App in 21.96 seconds (JVM running for 29.403)
2018-01-25 22:09:11,294 - IM系统启动成功
2018-01-25 22:11:35,055 - Initializing Spring FrameworkServlet 'dispatcherServlet'
2018-01-25 22:11:35,074 - FrameworkServlet 'dispatcherServlet': initialization started
2018-01-25 22:11:35,172 - FrameworkServlet 'dispatcherServlet': initialization completed in 98 ms
2018-01-25 23:01:24,818 - Starting App on jiangqianghuadeMacBook-Pro.local with PID 664 (/Users/jiangqianghua/Documents/workspace/idea/IMServer/target/classes started by jiangqianghua in /Users/jiangqianghua/Documents/workspace/idea/IMServer)
2018-01-25 23:01:24,866 - The following profiles are active: dev
2018-01-25 23:01:25,173 - Refreshing org.springframework.boot.context.embedded.AnnotationConfigEmbeddedWebApplicationContext@3abada5a: startup date [Thu Jan 25 23:01:25 CST 2018]; root of context hierarchy
2018-01-25 23:01:26,458 - HV000001: Hibernate Validator 5.3.5.Final
2018-01-25 23:01:28,932 - Tomcat initialized with port(s): 8086 (http)
2018-01-25 23:01:28,969 - Starting service Tomcat
2018-01-25 23:01:28,973 - Starting Servlet Engine: Apache Tomcat/8.5.14
2018-01-25 23:01:29,278 - Initializing Spring embedded WebApplicationContext
2018-01-25 23:01:29,278 - Root WebApplicationContext: initialization completed in 4106 ms
2018-01-25 23:01:29,795 - Mapping servlet: 'dispatcherServlet' to [/]
2018-01-25 23:01:29,805 - Mapping filter: 'characterEncodingFilter' to: [/*]
2018-01-25 23:01:29,806 - Mapping filter: 'hiddenHttpMethodFilter' to: [/*]
2018-01-25 23:01:29,806 - Mapping filter: 'httpPutFormContentFilter' to: [/*]
2018-01-25 23:01:29,806 - Mapping filter: 'requestContextFilter' to: [/*]
2018-01-25 23:01:30,689 - Looking for @ControllerAdvice: org.springframework.boot.context.embedded.AnnotationConfigEmbeddedWebApplicationContext@3abada5a: startup date [Thu Jan 25 23:01:25 CST 2018]; root of context hierarchy
2018-01-25 23:01:30,833 - Mapped "{[/user/login],methods=[GET]}" onto public com.jiang.im.vo.ResultVo com.jiang.im.controller.UserController.login(java.lang.String,java.lang.String,javax.servlet.http.HttpServletResponse)
2018-01-25 23:01:30,838 - Mapped "{[/error]}" onto public org.springframework.http.ResponseEntity<java.util.Map<java.lang.String, java.lang.Object>> org.springframework.boot.autoconfigure.web.BasicErrorController.error(javax.servlet.http.HttpServletRequest)
2018-01-25 23:01:30,861 - Mapped "{[/error],produces=[text/html]}" onto public org.springframework.web.servlet.ModelAndView org.springframework.boot.autoconfigure.web.BasicErrorController.errorHtml(javax.servlet.http.HttpServletRequest,javax.servlet.http.HttpServletResponse)
2018-01-25 23:01:30,933 - Mapped URL path [/webjars/**] onto handler of type [class org.springframework.web.servlet.resource.ResourceHttpRequestHandler]
2018-01-25 23:01:30,933 - Mapped URL path [/**] onto handler of type [class org.springframework.web.servlet.resource.ResourceHttpRequestHandler]
2018-01-25 23:01:31,035 - Mapped URL path [/**/favicon.ico] onto handler of type [class org.springframework.web.servlet.resource.ResourceHttpRequestHandler]
2018-01-25 23:01:31,623 - SpringTemplateLoader for FreeMarker: using resource loader [org.springframework.boot.context.embedded.AnnotationConfigEmbeddedWebApplicationContext@3abada5a: startup date [Thu Jan 25 23:01:25 CST 2018]; root of context hierarchy] and template loader path [classpath:/templates/]
2018-01-25 23:01:31,625 - ClassTemplateLoader for Spring macros added to FreeMarker configuration
2018-01-25 23:01:31,744 - Cannot find template location(s): [classpath:/templates/] (please add some templates, check your FreeMarker configuration, or set spring.freemarker.checkTemplateLocation=false)
2018-01-25 23:01:32,587 - Registering @ServerEndpoint class: class com.jiang.im.service.IMService
2018-01-25 23:01:32,657 - Registering beans for JMX exposure on startup
2018-01-25 23:01:32,745 - Initializing ProtocolHandler ["http-nio-8086"]
2018-01-25 23:01:32,798 - Starting ProtocolHandler ["http-nio-8086"]
2018-01-25 23:01:33,014 - Pausing ProtocolHandler ["http-nio-8086"]
2018-01-25 23:01:33,014 - Stopping service Tomcat
2018-01-25 23:01:33,383 - The stop() method was called on component [StandardServer[-1]] after stop() had already been called. The second call will be ignored.
2018-01-25 23:01:33,384 - Stopping ProtocolHandler ["http-nio-8086"]
2018-01-25 23:01:33,384 - Destroying ProtocolHandler ["http-nio-8086"]
2018-01-25 23:01:33,393 - 

Error starting ApplicationContext. To display the auto-configuration report re-run your application with 'debug' enabled.
2018-01-25 23:01:33,414 - Closing org.springframework.boot.context.embedded.AnnotationConfigEmbeddedWebApplicationContext@3abada5a: startup date [Thu Jan 25 23:01:25 CST 2018]; root of context hierarchy
2018-01-25 23:01:33,419 - Unregistering JMX-exposed beans on shutdown
2018-01-25 23:07:32,603 - Request method 'POST' not supported
2018-01-25 23:08:59,805 - Closing org.springframework.boot.context.embedded.AnnotationConfigEmbeddedWebApplicationContext@3abada5a: startup date [Thu Jan 25 22:09:01 CST 2018]; root of context hierarchy
2018-01-25 23:08:59,836 - Unregistering JMX-exposed beans on shutdown
2018-01-25 23:09:10,877 - Starting App on jiangqianghuadeMacBook-Pro.local with PID 697 (/Users/jiangqianghua/Documents/workspace/idea/IMServer/target/classes started by jiangqianghua in /Users/jiangqianghua/Documents/workspace/idea/IMServer)
2018-01-25 23:09:10,935 - The following profiles are active: dev
2018-01-25 23:09:11,513 - Refreshing org.springframework.boot.context.embedded.AnnotationConfigEmbeddedWebApplicationContext@3abada5a: startup date [Thu Jan 25 23:09:11 CST 2018]; root of context hierarchy
2018-01-25 23:09:12,019 - HV000001: Hibernate Validator 5.3.5.Final
2018-01-25 23:09:14,817 - Tomcat initialized with port(s): 8086 (http)
2018-01-25 23:09:14,859 - Starting service Tomcat
2018-01-25 23:09:14,861 - Starting Servlet Engine: Apache Tomcat/8.5.14
2018-01-25 23:09:15,175 - Initializing Spring embedded WebApplicationContext
2018-01-25 23:09:15,176 - Root WebApplicationContext: initialization completed in 3663 ms
2018-01-25 23:09:15,525 - Mapping servlet: 'dispatcherServlet' to [/]
2018-01-25 23:09:15,543 - Mapping filter: 'characterEncodingFilter' to: [/*]
2018-01-25 23:09:15,545 - Mapping filter: 'hiddenHttpMethodFilter' to: [/*]
2018-01-25 23:09:15,545 - Mapping filter: 'httpPutFormContentFilter' to: [/*]
2018-01-25 23:09:15,545 - Mapping filter: 'requestContextFilter' to: [/*]
2018-01-25 23:09:16,203 - Looking for @ControllerAdvice: org.springframework.boot.context.embedded.AnnotationConfigEmbeddedWebApplicationContext@3abada5a: startup date [Thu Jan 25 23:09:11 CST 2018]; root of context hierarchy
2018-01-25 23:09:16,334 - Mapped "{[/user/login],methods=[GET]}" onto public com.jiang.im.vo.ResultVo com.jiang.im.controller.UserController.login(java.lang.String,java.lang.String,javax.servlet.http.HttpServletResponse)
2018-01-25 23:09:16,340 - Mapped "{[/error]}" onto public org.springframework.http.ResponseEntity<java.util.Map<java.lang.String, java.lang.Object>> org.springframework.boot.autoconfigure.web.BasicErrorController.error(javax.servlet.http.HttpServletRequest)
2018-01-25 23:09:16,341 - Mapped "{[/error],produces=[text/html]}" onto public org.springframework.web.servlet.ModelAndView org.springframework.boot.autoconfigure.web.BasicErrorController.errorHtml(javax.servlet.http.HttpServletRequest,javax.servlet.http.HttpServletResponse)
2018-01-25 23:09:16,393 - Mapped URL path [/webjars/**] onto handler of type [class org.springframework.web.servlet.resource.ResourceHttpRequestHandler]
2018-01-25 23:09:16,393 - Mapped URL path [/**] onto handler of type [class org.springframework.web.servlet.resource.ResourceHttpRequestHandler]
2018-01-25 23:09:16,473 - Mapped URL path [/**/favicon.ico] onto handler of type [class org.springframework.web.servlet.resource.ResourceHttpRequestHandler]
2018-01-25 23:09:16,898 - SpringTemplateLoader for FreeMarker: using resource loader [org.springframework.boot.context.embedded.AnnotationConfigEmbeddedWebApplicationContext@3abada5a: startup date [Thu Jan 25 23:09:11 CST 2018]; root of context hierarchy] and template loader path [classpath:/templates/]
2018-01-25 23:09:16,900 - ClassTemplateLoader for Spring macros added to FreeMarker configuration
2018-01-25 23:09:16,939 - Cannot find template location(s): [classpath:/templates/] (please add some templates, check your FreeMarker configuration, or set spring.freemarker.checkTemplateLocation=false)
2018-01-25 23:09:17,339 - Registering @ServerEndpoint class: class com.jiang.im.service.IMService
2018-01-25 23:09:17,363 - Registering beans for JMX exposure on startup
2018-01-25 23:09:17,397 - Initializing ProtocolHandler ["http-nio-8086"]
2018-01-25 23:09:17,415 - Starting ProtocolHandler ["http-nio-8086"]
2018-01-25 23:09:17,450 - Using a shared selector for servlet write/read
2018-01-25 23:09:17,544 - Tomcat started on port(s): 8086 (http)
2018-01-25 23:09:17,574 - Started App in 8.879 seconds (JVM running for 11.2)
2018-01-25 23:09:17,574 - IM系统启动成功
2018-01-25 23:10:03,984 - Initializing Spring FrameworkServlet 'dispatcherServlet'
2018-01-25 23:10:04,001 - FrameworkServlet 'dispatcherServlet': initialization started
2018-01-25 23:10:04,063 - FrameworkServlet 'dispatcherServlet': initialization completed in 62 ms
2018-01-25 23:10:04,120 - Request method 'POST' not supported
2018-01-25 23:10:58,922 - Closing org.springframework.boot.context.embedded.AnnotationConfigEmbeddedWebApplicationContext@3abada5a: startup date [Thu Jan 25 23:09:11 CST 2018]; root of context hierarchy
2018-01-25 23:10:58,948 - Unregistering JMX-exposed beans on shutdown
2018-01-25 23:11:09,361 - Starting App on jiangqianghuadeMacBook-Pro.local with PID 700 (/Users/jiangqianghua/Documents/workspace/idea/IMServer/target/classes started by jiangqianghua in /Users/jiangqianghua/Documents/workspace/idea/IMServer)
2018-01-25 23:11:09,377 - The following profiles are active: dev
2018-01-25 23:11:09,625 - Refreshing org.springframework.boot.context.embedded.AnnotationConfigEmbeddedWebApplicationContext@3abada5a: startup date [Thu Jan 25 23:11:09 CST 2018]; root of context hierarchy
2018-01-25 23:11:10,572 - HV000001: Hibernate Validator 5.3.5.Final
2018-01-25 23:11:14,121 - Tomcat initialized with port(s): 8086 (http)
2018-01-25 23:11:14,156 - Starting service Tomcat
2018-01-25 23:11:14,169 - Starting Servlet Engine: Apache Tomcat/8.5.14
2018-01-25 23:11:14,665 - Initializing Spring embedded WebApplicationContext
2018-01-25 23:11:14,666 - Root WebApplicationContext: initialization completed in 5041 ms
2018-01-25 23:11:14,996 - Mapping servlet: 'dispatcherServlet' to [/]
2018-01-25 23:11:15,008 - Mapping filter: 'characterEncodingFilter' to: [/*]
2018-01-25 23:11:15,009 - Mapping filter: 'hiddenHttpMethodFilter' to: [/*]
2018-01-25 23:11:15,009 - Mapping filter: 'httpPutFormContentFilter' to: [/*]
2018-01-25 23:11:15,009 - Mapping filter: 'requestContextFilter' to: [/*]
2018-01-25 23:11:15,695 - Looking for @ControllerAdvice: org.springframework.boot.context.embedded.AnnotationConfigEmbeddedWebApplicationContext@3abada5a: startup date [Thu Jan 25 23:11:09 CST 2018]; root of context hierarchy
2018-01-25 23:11:15,828 - Mapped "{[/user/login],methods=[POST]}" onto public com.jiang.im.vo.ResultVo com.jiang.im.controller.UserController.login(java.lang.String,java.lang.String,javax.servlet.http.HttpServletResponse)
2018-01-25 23:11:15,833 - Mapped "{[/error]}" onto public org.springframework.http.ResponseEntity<java.util.Map<java.lang.String, java.lang.Object>> org.springframework.boot.autoconfigure.web.BasicErrorController.error(javax.servlet.http.HttpServletRequest)
2018-01-25 23:11:15,833 - Mapped "{[/error],produces=[text/html]}" onto public org.springframework.web.servlet.ModelAndView org.springframework.boot.autoconfigure.web.BasicErrorController.errorHtml(javax.servlet.http.HttpServletRequest,javax.servlet.http.HttpServletResponse)
2018-01-25 23:11:15,883 - Mapped URL path [/webjars/**] onto handler of type [class org.springframework.web.servlet.resource.ResourceHttpRequestHandler]
2018-01-25 23:11:15,883 - Mapped URL path [/**] onto handler of type [class org.springframework.web.servlet.resource.ResourceHttpRequestHandler]
2018-01-25 23:11:15,967 - Mapped URL path [/**/favicon.ico] onto handler of type [class org.springframework.web.servlet.resource.ResourceHttpRequestHandler]
2018-01-25 23:11:16,293 - SpringTemplateLoader for FreeMarker: using resource loader [org.springframework.boot.context.embedded.AnnotationConfigEmbeddedWebApplicationContext@3abada5a: startup date [Thu Jan 25 23:11:09 CST 2018]; root of context hierarchy] and template loader path [classpath:/templates/]
2018-01-25 23:11:16,296 - ClassTemplateLoader for Spring macros added to FreeMarker configuration
2018-01-25 23:11:16,387 - Cannot find template location(s): [classpath:/templates/] (please add some templates, check your FreeMarker configuration, or set spring.freemarker.checkTemplateLocation=false)
2018-01-25 23:11:17,080 - Registering @ServerEndpoint class: class com.jiang.im.service.IMService
2018-01-25 23:11:17,112 - Registering beans for JMX exposure on startup
2018-01-25 23:11:17,186 - Initializing ProtocolHandler ["http-nio-8086"]
2018-01-25 23:11:17,221 - Starting ProtocolHandler ["http-nio-8086"]
2018-01-25 23:11:17,268 - Using a shared selector for servlet write/read
2018-01-25 23:11:17,303 - Tomcat started on port(s): 8086 (http)
2018-01-25 23:11:17,321 - Started App in 9.987 seconds (JVM running for 12.329)
2018-01-25 23:11:17,321 - IM系统启动成功
2018-01-25 23:13:18,299 - Initializing Spring FrameworkServlet 'dispatcherServlet'
2018-01-25 23:13:18,300 - FrameworkServlet 'dispatcherServlet': initialization started
2018-01-25 23:13:18,386 - FrameworkServlet 'dispatcherServlet': initialization completed in 86 ms
2018-01-25 23:13:52,483 - Closing org.springframework.boot.context.embedded.AnnotationConfigEmbeddedWebApplicationContext@3abada5a: startup date [Thu Jan 25 23:11:09 CST 2018]; root of context hierarchy
2018-01-25 23:13:52,487 - Unregistering JMX-exposed beans on shutdown
2018-01-25 23:13:58,804 - Starting App on jiangqianghuadeMacBook-Pro.local with PID 725 (/Users/jiangqianghua/Documents/workspace/idea/IMServer/target/classes started by jiangqianghua in /Users/jiangqianghua/Documents/workspace/idea/IMServer)
2018-01-25 23:13:58,814 - The following profiles are active: dev
2018-01-25 23:13:58,946 - Refreshing org.springframework.boot.context.embedded.AnnotationConfigEmbeddedWebApplicationContext@3abada5a: startup date [Thu Jan 25 23:13:58 CST 2018]; root of context hierarchy
2018-01-25 23:14:00,060 - HV000001: Hibernate Validator 5.3.5.Final
2018-01-25 23:14:02,193 - Tomcat initialized with port(s): 8086 (http)
2018-01-25 23:14:02,226 - Starting service Tomcat
2018-01-25 23:14:02,228 - Starting Servlet Engine: Apache Tomcat/8.5.14
2018-01-25 23:14:02,490 - Initializing Spring embedded WebApplicationContext
2018-01-25 23:14:02,490 - Root WebApplicationContext: initialization completed in 3544 ms
2018-01-25 23:14:02,810 - Mapping servlet: 'dispatcherServlet' to [/]
2018-01-25 23:14:02,819 - Mapping filter: 'characterEncodingFilter' to: [/*]
2018-01-25 23:14:02,820 - Mapping filter: 'hiddenHttpMethodFilter' to: [/*]
2018-01-25 23:14:02,820 - Mapping filter: 'httpPutFormContentFilter' to: [/*]
2018-01-25 23:14:02,820 - Mapping filter: 'requestContextFilter' to: [/*]
2018-01-25 23:14:03,429 - Looking for @ControllerAdvice: org.springframework.boot.context.embedded.AnnotationConfigEmbeddedWebApplicationContext@3abada5a: startup date [Thu Jan 25 23:13:58 CST 2018]; root of context hierarchy
2018-01-25 23:14:03,614 - Mapped "{[/user/login],methods=[POST]}" onto public com.jiang.im.vo.ResultVo com.jiang.im.controller.UserController.login(java.lang.String,java.lang.String,javax.servlet.http.HttpServletResponse)
2018-01-25 23:14:03,620 - Mapped "{[/error]}" onto public org.springframework.http.ResponseEntity<java.util.Map<java.lang.String, java.lang.Object>> org.springframework.boot.autoconfigure.web.BasicErrorController.error(javax.servlet.http.HttpServletRequest)
2018-01-25 23:14:03,621 - Mapped "{[/error],produces=[text/html]}" onto public org.springframework.web.servlet.ModelAndView org.springframework.boot.autoconfigure.web.BasicErrorController.errorHtml(javax.servlet.http.HttpServletRequest,javax.servlet.http.HttpServletResponse)
2018-01-25 23:14:03,688 - Mapped URL path [/webjars/**] onto handler of type [class org.springframework.web.servlet.resource.ResourceHttpRequestHandler]
2018-01-25 23:14:03,688 - Mapped URL path [/**] onto handler of type [class org.springframework.web.servlet.resource.ResourceHttpRequestHandler]
2018-01-25 23:14:03,783 - Mapped URL path [/**/favicon.ico] onto handler of type [class org.springframework.web.servlet.resource.ResourceHttpRequestHandler]
2018-01-25 23:14:04,242 - SpringTemplateLoader for FreeMarker: using resource loader [org.springframework.boot.context.embedded.AnnotationConfigEmbeddedWebApplicationContext@3abada5a: startup date [Thu Jan 25 23:13:58 CST 2018]; root of context hierarchy] and template loader path [classpath:/templates/]
2018-01-25 23:14:04,252 - ClassTemplateLoader for Spring macros added to FreeMarker configuration
2018-01-25 23:14:04,307 - Cannot find template location(s): [classpath:/templates/] (please add some templates, check your FreeMarker configuration, or set spring.freemarker.checkTemplateLocation=false)
2018-01-25 23:14:04,755 - Registering @ServerEndpoint class: class com.jiang.im.service.IMService
2018-01-25 23:14:04,783 - Registering beans for JMX exposure on startup
2018-01-25 23:14:04,812 - Initializing ProtocolHandler ["http-nio-8086"]
2018-01-25 23:14:04,834 - Starting ProtocolHandler ["http-nio-8086"]
2018-01-25 23:14:04,884 - Using a shared selector for servlet write/read
2018-01-25 23:14:04,909 - Tomcat started on port(s): 8086 (http)
2018-01-25 23:14:04,916 - Started App in 7.49 seconds (JVM running for 8.68)
2018-01-25 23:14:04,916 - IM系统启动成功
2018-01-25 23:14:18,467 - Initializing Spring FrameworkServlet 'dispatcherServlet'
2018-01-25 23:14:18,484 - FrameworkServlet 'dispatcherServlet': initialization started
2018-01-25 23:14:18,517 - FrameworkServlet 'dispatcherServlet': initialization completed in 32 ms
2018-01-25 23:14:18,615 - Request method 'GET' not supported
2018-01-25 23:23:21,689 - Closing org.springframework.boot.context.embedded.AnnotationConfigEmbeddedWebApplicationContext@3abada5a: startup date [Thu Jan 25 23:13:58 CST 2018]; root of context hierarchy
2018-01-25 23:23:21,726 - Unregistering JMX-exposed beans on shutdown
2018-01-25 23:23:30,571 - Starting App on jiangqianghuadeMacBook-Pro.local with PID 733 (/Users/jiangqianghua/Documents/workspace/idea/IMServer/target/classes started by jiangqianghua in /Users/jiangqianghua/Documents/workspace/idea/IMServer)
2018-01-25 23:23:30,574 - The following profiles are active: dev
2018-01-25 23:23:30,791 - Refreshing org.springframework.boot.context.embedded.AnnotationConfigEmbeddedWebApplicationContext@3abada5a: startup date [Thu Jan 25 23:23:30 CST 2018]; root of context hierarchy
2018-01-25 23:23:31,442 - HV000001: Hibernate Validator 5.3.5.Final
2018-01-25 23:23:33,505 - Tomcat initialized with port(s): 8086 (http)
2018-01-25 23:23:33,557 - Starting service Tomcat
2018-01-25 23:23:33,559 - Starting Servlet Engine: Apache Tomcat/8.5.14
2018-01-25 23:23:33,746 - Initializing Spring embedded WebApplicationContext
2018-01-25 23:23:33,746 - Root WebApplicationContext: initialization completed in 2955 ms
2018-01-25 23:23:34,011 - Mapping servlet: 'dispatcherServlet' to [/]
2018-01-25 23:23:34,018 - Mapping filter: 'characterEncodingFilter' to: [/*]
2018-01-25 23:23:34,019 - Mapping filter: 'hiddenHttpMethodFilter' to: [/*]
2018-01-25 23:23:34,019 - Mapping filter: 'httpPutFormContentFilter' to: [/*]
2018-01-25 23:23:34,019 - Mapping filter: 'requestContextFilter' to: [/*]
2018-01-25 23:23:34,542 - Looking for @ControllerAdvice: org.springframework.boot.context.embedded.AnnotationConfigEmbeddedWebApplicationContext@3abada5a: startup date [Thu Jan 25 23:23:30 CST 2018]; root of context hierarchy
2018-01-25 23:23:34,665 - Mapped "{[/user/login],methods=[POST]}" onto public com.jiang.im.vo.ResultVo com.jiang.im.controller.UserController.login(java.lang.String,java.lang.String,javax.servlet.http.HttpServletResponse)
2018-01-25 23:23:34,670 - Mapped "{[/error]}" onto public org.springframework.http.ResponseEntity<java.util.Map<java.lang.String, java.lang.Object>> org.springframework.boot.autoconfigure.web.BasicErrorController.error(javax.servlet.http.HttpServletRequest)
2018-01-25 23:23:34,671 - Mapped "{[/error],produces=[text/html]}" onto public org.springframework.web.servlet.ModelAndView org.springframework.boot.autoconfigure.web.BasicErrorController.errorHtml(javax.servlet.http.HttpServletRequest,javax.servlet.http.HttpServletResponse)
2018-01-25 23:23:34,723 - Mapped URL path [/webjars/**] onto handler of type [class org.springframework.web.servlet.resource.ResourceHttpRequestHandler]
2018-01-25 23:23:34,723 - Mapped URL path [/**] onto handler of type [class org.springframework.web.servlet.resource.ResourceHttpRequestHandler]
2018-01-25 23:23:34,800 - Mapped URL path [/**/favicon.ico] onto handler of type [class org.springframework.web.servlet.resource.ResourceHttpRequestHandler]
2018-01-25 23:23:35,105 - SpringTemplateLoader for FreeMarker: using resource loader [org.springframework.boot.context.embedded.AnnotationConfigEmbeddedWebApplicationContext@3abada5a: startup date [Thu Jan 25 23:23:30 CST 2018]; root of context hierarchy] and template loader path [classpath:/templates/]
2018-01-25 23:23:35,107 - ClassTemplateLoader for Spring macros added to FreeMarker configuration
2018-01-25 23:23:35,145 - Cannot find template location(s): [classpath:/templates/] (please add some templates, check your FreeMarker configuration, or set spring.freemarker.checkTemplateLocation=false)
2018-01-25 23:23:35,525 - Registering @ServerEndpoint class: class com.jiang.im.service.IMService
2018-01-25 23:23:35,551 - Registering beans for JMX exposure on startup
2018-01-25 23:23:35,586 - Initializing ProtocolHandler ["http-nio-8086"]
2018-01-25 23:23:35,605 - Starting ProtocolHandler ["http-nio-8086"]
2018-01-25 23:23:35,644 - Using a shared selector for servlet write/read
2018-01-25 23:23:35,679 - Tomcat started on port(s): 8086 (http)
2018-01-25 23:23:35,688 - Started App in 6.435 seconds (JVM running for 7.492)
2018-01-25 23:23:35,688 - IM系统启动成功
2018-01-25 23:23:44,042 - Initializing Spring FrameworkServlet 'dispatcherServlet'
2018-01-25 23:23:44,044 - FrameworkServlet 'dispatcherServlet': initialization started
2018-01-25 23:23:44,066 - FrameworkServlet 'dispatcherServlet': initialization completed in 22 ms
