2017-12-06 00:10:31,531 - Starting App on jiangqianghuadeMacBook-Pro.local with PID 1065 (/Users/jiangqianghua/Documents/workspace/wxshop/target/classes started by jiangqianghua in /Users/jiangqianghua/Documents/workspace/wxshop)
2017-12-06 00:10:31,540 - No active profile set, falling back to default profiles: default
2017-12-06 00:10:31,814 - Refreshing org.springframework.boot.context.embedded.AnnotationConfigEmbeddedWebApplicationContext@4466af20: startup date [Wed Dec 06 00:10:31 CST 2017]; root of context hierarchy
2017-12-06 00:10:32,383 - HV000001: Hibernate Validator 5.3.5.Final
2017-12-06 00:10:37,556 - Tomcat initialized with port(s): 8085 (http)
2017-12-06 00:10:37,604 - Starting service Tomcat
2017-12-06 00:10:37,621 - Starting Servlet Engine: Apache Tomcat/8.5.14
2017-12-06 00:10:37,935 - Initializing Spring embedded WebApplicationContext
2017-12-06 00:10:37,935 - Root WebApplicationContext: initialization completed in 6121 ms
2017-12-06 00:10:38,231 - Mapping servlet: 'dispatcherServlet' to [/]
2017-12-06 00:10:38,254 - Mapping filter: 'characterEncodingFilter' to: [/*]
2017-12-06 00:10:38,255 - Mapping filter: 'hiddenHttpMethodFilter' to: [/*]
2017-12-06 00:10:38,255 - Mapping filter: 'httpPutFormContentFilter' to: [/*]
2017-12-06 00:10:38,255 - Mapping filter: 'requestContextFilter' to: [/*]
2017-12-06 00:10:39,677 - Building JPA container EntityManagerFactory for persistence unit 'default'
2017-12-06 00:10:39,724 - HHH000204: Processing PersistenceUnitInfo [
	name: default
	...]
2017-12-06 00:10:39,990 - HHH000412: Hibernate Core {5.0.12.Final}
2017-12-06 00:10:39,993 - HHH000206: hibernate.properties not found
2017-12-06 00:10:39,996 - HHH000021: Bytecode provider name : javassist
2017-12-06 00:10:40,109 - HCANN000001: Hibernate Commons Annotations {5.0.1.Final}
2017-12-06 00:10:41,110 - HHH000400: Using dialect: org.hibernate.dialect.MySQL5Dialect
2017-12-06 00:10:50,360 - Initialized JPA EntityManagerFactory for persistence unit 'default'
2017-12-06 00:10:52,575 - Looking for @ControllerAdvice: org.springframework.boot.context.embedded.AnnotationConfigEmbeddedWebApplicationContext@4466af20: startup date [Wed Dec 06 00:10:31 CST 2017]; root of context hierarchy
2017-12-06 00:10:52,762 - Mapped "{[/buyer/product/list],methods=[GET]}" onto public com.jiang.wxshop.vo.ResultVo com.jiang.wxshop.controller.BuyerProductController.list()
2017-12-06 00:10:52,768 - Mapped "{[/error]}" onto public org.springframework.http.ResponseEntity<java.util.Map<java.lang.String, java.lang.Object>> org.springframework.boot.autoconfigure.web.BasicErrorController.error(javax.servlet.http.HttpServletRequest)
2017-12-06 00:10:52,768 - Mapped "{[/error],produces=[text/html]}" onto public org.springframework.web.servlet.ModelAndView org.springframework.boot.autoconfigure.web.BasicErrorController.errorHtml(javax.servlet.http.HttpServletRequest,javax.servlet.http.HttpServletResponse)
2017-12-06 00:10:52,816 - Mapped URL path [/webjars/**] onto handler of type [class org.springframework.web.servlet.resource.ResourceHttpRequestHandler]
2017-12-06 00:10:52,816 - Mapped URL path [/**] onto handler of type [class org.springframework.web.servlet.resource.ResourceHttpRequestHandler]
2017-12-06 00:10:52,881 - Mapped URL path [/**/favicon.ico] onto handler of type [class org.springframework.web.servlet.resource.ResourceHttpRequestHandler]
2017-12-06 00:10:53,355 - Registering beans for JMX exposure on startup
2017-12-06 00:10:53,400 - Initializing ProtocolHandler ["http-nio-8085"]
2017-12-06 00:10:53,466 - Starting ProtocolHandler ["http-nio-8085"]
2017-12-06 00:10:53,563 - Using a shared selector for servlet write/read
2017-12-06 00:10:53,644 - Tomcat started on port(s): 8085 (http)
2017-12-06 00:10:53,655 - Started App in 23.663 seconds (JVM running for 24.198)
2017-12-06 00:12:08,650 - Initializing Spring FrameworkServlet 'dispatcherServlet'
2017-12-06 00:12:08,651 - FrameworkServlet 'dispatcherServlet': initialization started
2017-12-06 00:12:08,783 - FrameworkServlet 'dispatcherServlet': initialization completed in 132 ms
2017-12-06 00:13:33,789 - Closing org.springframework.boot.context.embedded.AnnotationConfigEmbeddedWebApplicationContext@4466af20: startup date [Wed Dec 06 00:10:31 CST 2017]; root of context hierarchy
2017-12-06 00:13:33,830 - Unregistering JMX-exposed beans on shutdown
2017-12-06 00:13:33,833 - Closing JPA EntityManagerFactory for persistence unit 'default'
2017-12-06 00:14:13,682 - Starting App on jiangqianghuadeMacBook-Pro.local with PID 1088 (/Users/jiangqianghua/Documents/workspace/wxshop/target/classes started by jiangqianghua in /Users/jiangqianghua/Documents/workspace/wxshop)
2017-12-06 00:14:13,689 - No active profile set, falling back to default profiles: default
2017-12-06 00:14:13,800 - Refreshing org.springframework.boot.context.embedded.AnnotationConfigEmbeddedWebApplicationContext@2e48362c: startup date [Wed Dec 06 00:14:13 CST 2017]; root of context hierarchy
2017-12-06 00:14:14,508 - HV000001: Hibernate Validator 5.3.5.Final
2017-12-06 00:14:16,940 - Tomcat initialized with port(s): 8085 (http)
2017-12-06 00:14:16,970 - Starting service Tomcat
2017-12-06 00:14:16,972 - Starting Servlet Engine: Apache Tomcat/8.5.14
2017-12-06 00:14:17,212 - Initializing Spring embedded WebApplicationContext
2017-12-06 00:14:17,213 - Root WebApplicationContext: initialization completed in 3412 ms
2017-12-06 00:14:17,542 - Mapping servlet: 'dispatcherServlet' to [/]
2017-12-06 00:14:17,553 - Mapping filter: 'characterEncodingFilter' to: [/*]
2017-12-06 00:14:17,556 - Mapping filter: 'hiddenHttpMethodFilter' to: [/*]
2017-12-06 00:14:17,561 - Mapping filter: 'httpPutFormContentFilter' to: [/*]
2017-12-06 00:14:17,561 - Mapping filter: 'requestContextFilter' to: [/*]
2017-12-06 00:14:18,726 - Building JPA container EntityManagerFactory for persistence unit 'default'
2017-12-06 00:14:18,749 - HHH000204: Processing PersistenceUnitInfo [
	name: default
	...]
2017-12-06 00:14:18,863 - HHH000412: Hibernate Core {5.0.12.Final}
2017-12-06 00:14:18,866 - HHH000206: hibernate.properties not found
2017-12-06 00:14:18,868 - HHH000021: Bytecode provider name : javassist
2017-12-06 00:14:18,937 - HCANN000001: Hibernate Commons Annotations {5.0.1.Final}
2017-12-06 00:14:19,257 - HHH000400: Using dialect: org.hibernate.dialect.MySQL5Dialect
2017-12-06 00:14:19,961 - Initialized JPA EntityManagerFactory for persistence unit 'default'
2017-12-06 00:14:21,304 - Looking for @ControllerAdvice: org.springframework.boot.context.embedded.AnnotationConfigEmbeddedWebApplicationContext@2e48362c: startup date [Wed Dec 06 00:14:13 CST 2017]; root of context hierarchy
2017-12-06 00:14:21,548 - Mapped "{[/buyer/product/list],methods=[GET]}" onto public com.jiang.wxshop.vo.ResultVo com.jiang.wxshop.controller.BuyerProductController.list()
2017-12-06 00:14:21,553 - Mapped "{[/error]}" onto public org.springframework.http.ResponseEntity<java.util.Map<java.lang.String, java.lang.Object>> org.springframework.boot.autoconfigure.web.BasicErrorController.error(javax.servlet.http.HttpServletRequest)
2017-12-06 00:14:21,554 - Mapped "{[/error],produces=[text/html]}" onto public org.springframework.web.servlet.ModelAndView org.springframework.boot.autoconfigure.web.BasicErrorController.errorHtml(javax.servlet.http.HttpServletRequest,javax.servlet.http.HttpServletResponse)
2017-12-06 00:14:21,632 - Mapped URL path [/webjars/**] onto handler of type [class org.springframework.web.servlet.resource.ResourceHttpRequestHandler]
2017-12-06 00:14:21,632 - Mapped URL path [/**] onto handler of type [class org.springframework.web.servlet.resource.ResourceHttpRequestHandler]
2017-12-06 00:14:21,717 - Mapped URL path [/**/favicon.ico] onto handler of type [class org.springframework.web.servlet.resource.ResourceHttpRequestHandler]
2017-12-06 00:14:22,519 - Registering beans for JMX exposure on startup
2017-12-06 00:14:22,548 - Initializing ProtocolHandler ["http-nio-8085"]
2017-12-06 00:14:22,570 - Starting ProtocolHandler ["http-nio-8085"]
2017-12-06 00:14:22,610 - Using a shared selector for servlet write/read
2017-12-06 00:14:22,692 - Tomcat started on port(s): 8085 (http)
2017-12-06 00:14:22,721 - Started App in 10.187 seconds (JVM running for 11.13)
2017-12-06 00:14:22,721 - 微信订餐项目已经启动...
2017-12-06 00:14:40,780 - Initializing Spring FrameworkServlet 'dispatcherServlet'
2017-12-06 00:14:40,795 - FrameworkServlet 'dispatcherServlet': initialization started
2017-12-06 00:14:40,839 - FrameworkServlet 'dispatcherServlet': initialization completed in 43 ms
2017-12-06 22:59:34,428 - Starting App on jiangqianghuadeMacBook-Pro.local with PID 456 (/Users/jiangqianghua/Documents/workspace/wxshop/target/classes started by jiangqianghua in /Users/jiangqianghua/Documents/workspace/wxshop)
2017-12-06 22:59:34,511 - No active profile set, falling back to default profiles: default
2017-12-06 22:59:34,820 - Refreshing org.springframework.boot.context.embedded.AnnotationConfigEmbeddedWebApplicationContext@7d446ed1: startup date [Wed Dec 06 22:59:34 CST 2017]; root of context hierarchy
2017-12-06 22:59:36,986 - HV000001: Hibernate Validator 5.3.5.Final
2017-12-06 22:59:40,464 - Tomcat initialized with port(s): 8085 (http)
2017-12-06 22:59:40,532 - Starting service Tomcat
2017-12-06 22:59:40,536 - Starting Servlet Engine: Apache Tomcat/8.5.14
2017-12-06 22:59:40,919 - Initializing Spring embedded WebApplicationContext
2017-12-06 22:59:40,920 - Root WebApplicationContext: initialization completed in 6100 ms
2017-12-06 22:59:41,314 - Mapping servlet: 'dispatcherServlet' to [/]
2017-12-06 22:59:41,330 - Mapping filter: 'characterEncodingFilter' to: [/*]
2017-12-06 22:59:41,331 - Mapping filter: 'hiddenHttpMethodFilter' to: [/*]
2017-12-06 22:59:41,331 - Mapping filter: 'httpPutFormContentFilter' to: [/*]
2017-12-06 22:59:41,331 - Mapping filter: 'requestContextFilter' to: [/*]
2017-12-06 23:00:57,591 - Unable to determine jdbc url from datasource
org.springframework.jdbc.support.MetaDataAccessException: Could not get Connection for extracting meta data; nested exception is org.springframework.jdbc.CannotGetJdbcConnectionException: Could not get JDBC Connection; nested exception is com.mysql.jdbc.exceptions.jdbc4.CommunicationsException: Communications link failure

The last packet sent successfully to the server was 0 milliseconds ago. The driver has not received any packets from the server.
	at org.springframework.jdbc.support.JdbcUtils.extractDatabaseMetaData(JdbcUtils.java:339)
	at org.springframework.jdbc.support.JdbcUtils.extractDatabaseMetaData(JdbcUtils.java:366)
	at org.springframework.boot.autoconfigure.orm.jpa.DatabaseLookup.getDatabase(DatabaseLookup.java:72)
	at org.springframework.boot.autoconfigure.orm.jpa.JpaProperties.determineDatabase(JpaProperties.java:139)
	at org.springframework.boot.autoconfigure.orm.jpa.JpaBaseConfiguration.jpaVendorAdapter(JpaBaseConfiguration.java:105)
	at org.springframework.boot.autoconfigure.orm.jpa.HibernateJpaAutoConfiguration$$EnhancerBySpringCGLIB$$e1737960.CGLIB$jpaVendorAdapter$4(<generated>)
	at org.springframework.boot.autoconfigure.orm.jpa.HibernateJpaAutoConfiguration$$EnhancerBySpringCGLIB$$e1737960$$FastClassBySpringCGLIB$$7f4a10a2.invoke(<generated>)
	at org.springframework.cglib.proxy.MethodProxy.invokeSuper(MethodProxy.java:228)
	at org.springframework.context.annotation.ConfigurationClassEnhancer$BeanMethodInterceptor.intercept(ConfigurationClassEnhancer.java:358)
	at org.springframework.boot.autoconfigure.orm.jpa.HibernateJpaAutoConfiguration$$EnhancerBySpringCGLIB$$e1737960.jpaVendorAdapter(<generated>)
	at sun.reflect.NativeMethodAccessorImpl.invoke0(Native Method)
	at sun.reflect.NativeMethodAccessorImpl.invoke(NativeMethodAccessorImpl.java:62)
	at sun.reflect.DelegatingMethodAccessorImpl.invoke(DelegatingMethodAccessorImpl.java:43)
	at java.lang.reflect.Method.invoke(Method.java:498)
	at org.springframework.beans.factory.support.SimpleInstantiationStrategy.instantiate(SimpleInstantiationStrategy.java:162)
	at org.springframework.beans.factory.support.ConstructorResolver.instantiateUsingFactoryMethod(ConstructorResolver.java:588)
	at org.springframework.beans.factory.support.AbstractAutowireCapableBeanFactory.instantiateUsingFactoryMethod(AbstractAutowireCapableBeanFactory.java:1173)
	at org.springframework.beans.factory.support.AbstractAutowireCapableBeanFactory.createBeanInstance(AbstractAutowireCapableBeanFactory.java:1067)
	at org.springframework.beans.factory.support.AbstractAutowireCapableBeanFactory.doCreateBean(AbstractAutowireCapableBeanFactory.java:513)
	at org.springframework.beans.factory.support.AbstractAutowireCapableBeanFactory.createBean(AbstractAutowireCapableBeanFactory.java:483)
	at org.springframework.beans.factory.support.AbstractBeanFactory$1.getObject(AbstractBeanFactory.java:306)
	at org.springframework.beans.factory.support.DefaultSingletonBeanRegistry.getSingleton(DefaultSingletonBeanRegistry.java:230)
	at org.springframework.beans.factory.support.AbstractBeanFactory.doGetBean(AbstractBeanFactory.java:302)
	at org.springframework.beans.factory.support.AbstractBeanFactory.getBean(AbstractBeanFactory.java:202)
	at org.springframework.beans.factory.config.DependencyDescriptor.resolveCandidate(DependencyDescriptor.java:208)
	at org.springframework.beans.factory.support.DefaultListableBeanFactory.doResolveDependency(DefaultListableBeanFactory.java:1138)
	at org.springframework.beans.factory.support.DefaultListableBeanFactory.resolveDependency(DefaultListableBeanFactory.java:1066)
	at org.springframework.beans.factory.support.ConstructorResolver.resolveAutowiredArgument(ConstructorResolver.java:835)
	at org.springframework.beans.factory.support.ConstructorResolver.createArgumentArray(ConstructorResolver.java:741)
	at org.springframework.beans.factory.support.ConstructorResolver.instantiateUsingFactoryMethod(ConstructorResolver.java:467)
	at org.springframework.beans.factory.support.AbstractAutowireCapableBeanFactory.instantiateUsingFactoryMethod(AbstractAutowireCapableBeanFactory.java:1173)
	at org.springframework.beans.factory.support.AbstractAutowireCapableBeanFactory.createBeanInstance(AbstractAutowireCapableBeanFactory.java:1067)
	at org.springframework.beans.factory.support.AbstractAutowireCapableBeanFactory.doCreateBean(AbstractAutowireCapableBeanFactory.java:513)
	at org.springframework.beans.factory.support.AbstractAutowireCapableBeanFactory.createBean(AbstractAutowireCapableBeanFactory.java:483)
	at org.springframework.beans.factory.support.AbstractBeanFactory$1.getObject(AbstractBeanFactory.java:306)
	at org.springframework.beans.factory.support.DefaultSingletonBeanRegistry.getSingleton(DefaultSingletonBeanRegistry.java:230)
	at org.springframework.beans.factory.support.AbstractBeanFactory.doGetBean(AbstractBeanFactory.java:302)
	at org.springframework.beans.factory.support.AbstractBeanFactory.getBean(AbstractBeanFactory.java:202)
	at org.springframework.beans.factory.config.DependencyDescriptor.resolveCandidate(DependencyDescriptor.java:208)
	at org.springframework.beans.factory.support.DefaultListableBeanFactory.doResolveDependency(DefaultListableBeanFactory.java:1138)
	at org.springframework.beans.factory.support.DefaultListableBeanFactory.resolveDependency(DefaultListableBeanFactory.java:1066)
	at org.springframework.beans.factory.support.ConstructorResolver.resolveAutowiredArgument(ConstructorResolver.java:835)
	at org.springframework.beans.factory.support.ConstructorResolver.createArgumentArray(ConstructorResolver.java:741)
	at org.springframework.beans.factory.support.ConstructorResolver.instantiateUsingFactoryMethod(ConstructorResolver.java:467)
	at org.springframework.beans.factory.support.AbstractAutowireCapableBeanFactory.instantiateUsingFactoryMethod(AbstractAutowireCapableBeanFactory.java:1173)
	at org.springframework.beans.factory.support.AbstractAutowireCapableBeanFactory.createBeanInstance(AbstractAutowireCapableBeanFactory.java:1067)
	at org.springframework.beans.factory.support.AbstractAutowireCapableBeanFactory.doCreateBean(AbstractAutowireCapableBeanFactory.java:513)
	at org.springframework.beans.factory.support.AbstractAutowireCapableBeanFactory.createBean(AbstractAutowireCapableBeanFactory.java:483)
	at org.springframework.beans.factory.support.AbstractBeanFactory$1.getObject(AbstractBeanFactory.java:306)
	at org.springframework.beans.factory.support.DefaultSingletonBeanRegistry.getSingleton(DefaultSingletonBeanRegistry.java:230)
	at org.springframework.beans.factory.support.AbstractBeanFactory.doGetBean(AbstractBeanFactory.java:302)
	at org.springframework.beans.factory.support.AbstractBeanFactory.getBean(AbstractBeanFactory.java:197)
	at org.springframework.context.support.AbstractApplicationContext.getBean(AbstractApplicationContext.java:1081)
	at org.springframework.context.support.AbstractApplicationContext.finishBeanFactoryInitialization(AbstractApplicationContext.java:856)
	at org.springframework.context.support.AbstractApplicationContext.refresh(AbstractApplicationContext.java:542)
	at org.springframework.boot.context.embedded.EmbeddedWebApplicationContext.refresh(EmbeddedWebApplicationContext.java:122)
	at org.springframework.boot.SpringApplication.refresh(SpringApplication.java:737)
	at org.springframework.boot.SpringApplication.refreshContext(SpringApplication.java:370)
	at org.springframework.boot.SpringApplication.run(SpringApplication.java:314)
	at org.springframework.boot.SpringApplication.run(SpringApplication.java:1162)
	at org.springframework.boot.SpringApplication.run(SpringApplication.java:1151)
	at com.jiang.wxshop.App.main(App.java:19)
Caused by: org.springframework.jdbc.CannotGetJdbcConnectionException: Could not get JDBC Connection; nested exception is com.mysql.jdbc.exceptions.jdbc4.CommunicationsException: Communications link failure

The last packet sent successfully to the server was 0 milliseconds ago. The driver has not received any packets from the server.
	at org.springframework.jdbc.datasource.DataSourceUtils.getConnection(DataSourceUtils.java:80)
	at org.springframework.jdbc.support.JdbcUtils.extractDatabaseMetaData(JdbcUtils.java:326)
	... 61 common frames omitted
Caused by: com.mysql.jdbc.exceptions.jdbc4.CommunicationsException: Communications link failure

The last packet sent successfully to the server was 0 milliseconds ago. The driver has not received any packets from the server.
	at sun.reflect.NativeConstructorAccessorImpl.newInstance0(Native Method)
	at sun.reflect.NativeConstructorAccessorImpl.newInstance(NativeConstructorAccessorImpl.java:62)
	at sun.reflect.DelegatingConstructorAccessorImpl.newInstance(DelegatingConstructorAccessorImpl.java:45)
	at java.lang.reflect.Constructor.newInstance(Constructor.java:423)
	at com.mysql.jdbc.Util.handleNewInstance(Util.java:425)
	at com.mysql.jdbc.SQLError.createCommunicationsException(SQLError.java:989)
	at com.mysql.jdbc.MysqlIO.<init>(MysqlIO.java:341)
	at com.mysql.jdbc.ConnectionImpl.coreConnect(ConnectionImpl.java:2203)
	at com.mysql.jdbc.ConnectionImpl.connectOneTryOnly(ConnectionImpl.java:2236)
	at com.mysql.jdbc.ConnectionImpl.createNewIO(ConnectionImpl.java:2035)
	at com.mysql.jdbc.ConnectionImpl.<init>(ConnectionImpl.java:790)
	at com.mysql.jdbc.JDBC4Connection.<init>(JDBC4Connection.java:47)
	at sun.reflect.NativeConstructorAccessorImpl.newInstance0(Native Method)
	at sun.reflect.NativeConstructorAccessorImpl.newInstance(NativeConstructorAccessorImpl.java:62)
	at sun.reflect.DelegatingConstructorAccessorImpl.newInstance(DelegatingConstructorAccessorImpl.java:45)
	at java.lang.reflect.Constructor.newInstance(Constructor.java:423)
	at com.mysql.jdbc.Util.handleNewInstance(Util.java:425)
	at com.mysql.jdbc.ConnectionImpl.getInstance(ConnectionImpl.java:400)
	at com.mysql.jdbc.NonRegisteringDriver.connect(NonRegisteringDriver.java:330)
	at org.apache.tomcat.jdbc.pool.PooledConnection.connectUsingDriver(PooledConnection.java:310)
	at org.apache.tomcat.jdbc.pool.PooledConnection.connect(PooledConnection.java:203)
	at org.apache.tomcat.jdbc.pool.ConnectionPool.createConnection(ConnectionPool.java:735)
	at org.apache.tomcat.jdbc.pool.ConnectionPool.borrowConnection(ConnectionPool.java:667)
	at org.apache.tomcat.jdbc.pool.ConnectionPool.init(ConnectionPool.java:482)
	at org.apache.tomcat.jdbc.pool.ConnectionPool.<init>(ConnectionPool.java:154)
	at org.apache.tomcat.jdbc.pool.DataSourceProxy.pCreatePool(DataSourceProxy.java:118)
	at org.apache.tomcat.jdbc.pool.DataSourceProxy.createPool(DataSourceProxy.java:107)
	at org.apache.tomcat.jdbc.pool.DataSourceProxy.getConnection(DataSourceProxy.java:131)
	at org.springframework.jdbc.datasource.DataSourceUtils.doGetConnection(DataSourceUtils.java:111)
	at org.springframework.jdbc.datasource.DataSourceUtils.getConnection(DataSourceUtils.java:77)
	... 62 common frames omitted
Caused by: java.net.ConnectException: Operation timed out (Connection timed out)
	at java.net.PlainSocketImpl.socketConnect(Native Method)
	at java.net.AbstractPlainSocketImpl.doConnect(AbstractPlainSocketImpl.java:350)
	at java.net.AbstractPlainSocketImpl.connectToAddress(AbstractPlainSocketImpl.java:206)
	at java.net.AbstractPlainSocketImpl.connect(AbstractPlainSocketImpl.java:188)
	at java.net.SocksSocketImpl.connect(SocksSocketImpl.java:392)
	at java.net.Socket.connect(Socket.java:589)
	at com.mysql.jdbc.StandardSocketFactory.connect(StandardSocketFactory.java:211)
	at com.mysql.jdbc.MysqlIO.<init>(MysqlIO.java:300)
	... 85 common frames omitted
2017-12-06 23:02:13,028 - Building JPA container EntityManagerFactory for persistence unit 'default'
2017-12-06 23:02:13,120 - HHH000204: Processing PersistenceUnitInfo [
	name: default
	...]
2017-12-06 23:02:13,521 - HHH000412: Hibernate Core {5.0.12.Final}
2017-12-06 23:02:13,546 - HHH000206: hibernate.properties not found
2017-12-06 23:02:13,550 - HHH000021: Bytecode provider name : javassist
2017-12-06 23:02:13,800 - HCANN000001: Hibernate Commons Annotations {5.0.1.Final}
2017-12-06 23:03:29,488 - HHH000342: Could not obtain connection to query metadata : Communications link failure

The last packet sent successfully to the server was 0 milliseconds ago. The driver has not received any packets from the server.
2017-12-06 23:03:29,792 - Exception encountered during context initialization - cancelling refresh attempt: org.springframework.beans.factory.BeanCreationException: Error creating bean with name 'entityManagerFactory' defined in class path resource [org/springframework/boot/autoconfigure/orm/jpa/HibernateJpaAutoConfiguration.class]: Invocation of init method failed; nested exception is org.hibernate.service.spi.ServiceException: Unable to create requested service [org.hibernate.engine.jdbc.env.spi.JdbcEnvironment]
2017-12-06 23:03:29,795 - Stopping service Tomcat
2017-12-06 23:03:30,304 - 

Error starting ApplicationContext. To display the auto-configuration report re-run your application with 'debug' enabled.
2017-12-06 23:06:26,302 - Starting App on jiangqianghuadeMacBook-Pro.local with PID 504 (/Users/jiangqianghua/Documents/workspace/wxshop/target/classes started by jiangqianghua in /Users/jiangqianghua/Documents/workspace/wxshop)
2017-12-06 23:06:26,343 - No active profile set, falling back to default profiles: default
2017-12-06 23:06:26,662 - Refreshing org.springframework.boot.context.embedded.AnnotationConfigEmbeddedWebApplicationContext@4466af20: startup date [Wed Dec 06 23:06:26 CST 2017]; root of context hierarchy
2017-12-06 23:06:27,099 - HV000001: Hibernate Validator 5.3.5.Final
2017-12-06 23:06:31,051 - Tomcat initialized with port(s): 8085 (http)
2017-12-06 23:06:31,094 - Starting service Tomcat
2017-12-06 23:06:31,098 - Starting Servlet Engine: Apache Tomcat/8.5.14
2017-12-06 23:06:32,183 - Initializing Spring embedded WebApplicationContext
2017-12-06 23:06:32,184 - Root WebApplicationContext: initialization completed in 5522 ms
2017-12-06 23:06:32,707 - Mapping servlet: 'dispatcherServlet' to [/]
2017-12-06 23:06:32,746 - Mapping filter: 'characterEncodingFilter' to: [/*]
2017-12-06 23:06:32,747 - Mapping filter: 'hiddenHttpMethodFilter' to: [/*]
2017-12-06 23:06:32,748 - Mapping filter: 'httpPutFormContentFilter' to: [/*]
2017-12-06 23:06:32,748 - Mapping filter: 'requestContextFilter' to: [/*]
2017-12-06 23:08:10,623 - Starting App on jiangqianghuadeMacBook-Pro.local with PID 508 (/Users/jiangqianghua/Documents/workspace/wxshop/target/classes started by jiangqianghua in /Users/jiangqianghua/Documents/workspace/wxshop)
2017-12-06 23:08:10,633 - No active profile set, falling back to default profiles: default
2017-12-06 23:08:10,768 - Refreshing org.springframework.boot.context.embedded.AnnotationConfigEmbeddedWebApplicationContext@2e48362c: startup date [Wed Dec 06 23:08:10 CST 2017]; root of context hierarchy
2017-12-06 23:08:11,680 - HV000001: Hibernate Validator 5.3.5.Final
2017-12-06 23:08:13,760 - Tomcat initialized with port(s): 8085 (http)
2017-12-06 23:08:13,789 - Starting service Tomcat
2017-12-06 23:08:13,791 - Starting Servlet Engine: Apache Tomcat/8.5.14
2017-12-06 23:08:14,057 - Initializing Spring embedded WebApplicationContext
2017-12-06 23:08:14,058 - Root WebApplicationContext: initialization completed in 3289 ms
2017-12-06 23:08:14,351 - Mapping servlet: 'dispatcherServlet' to [/]
2017-12-06 23:08:14,360 - Mapping filter: 'characterEncodingFilter' to: [/*]
2017-12-06 23:08:14,361 - Mapping filter: 'hiddenHttpMethodFilter' to: [/*]
2017-12-06 23:08:14,361 - Mapping filter: 'httpPutFormContentFilter' to: [/*]
2017-12-06 23:08:14,361 - Mapping filter: 'requestContextFilter' to: [/*]
2017-12-06 23:08:15,828 - Building JPA container EntityManagerFactory for persistence unit 'default'
2017-12-06 23:08:15,895 - HHH000204: Processing PersistenceUnitInfo [
	name: default
	...]
2017-12-06 23:08:16,110 - HHH000412: Hibernate Core {5.0.12.Final}
2017-12-06 23:08:16,120 - HHH000206: hibernate.properties not found
2017-12-06 23:08:16,122 - HHH000021: Bytecode provider name : javassist
2017-12-06 23:08:16,359 - HCANN000001: Hibernate Commons Annotations {5.0.1.Final}
2017-12-06 23:08:16,838 - HHH000400: Using dialect: org.hibernate.dialect.MySQL5Dialect
2017-12-06 23:08:18,077 - Initialized JPA EntityManagerFactory for persistence unit 'default'
2017-12-06 23:08:19,945 - Looking for @ControllerAdvice: org.springframework.boot.context.embedded.AnnotationConfigEmbeddedWebApplicationContext@2e48362c: startup date [Wed Dec 06 23:08:10 CST 2017]; root of context hierarchy
2017-12-06 23:08:20,181 - Mapped "{[/buyer/product/list],methods=[GET]}" onto public com.jiang.wxshop.vo.ResultVo com.jiang.wxshop.controller.BuyerProductController.list()
2017-12-06 23:08:20,187 - Mapped "{[/error]}" onto public org.springframework.http.ResponseEntity<java.util.Map<java.lang.String, java.lang.Object>> org.springframework.boot.autoconfigure.web.BasicErrorController.error(javax.servlet.http.HttpServletRequest)
2017-12-06 23:08:20,188 - Mapped "{[/error],produces=[text/html]}" onto public org.springframework.web.servlet.ModelAndView org.springframework.boot.autoconfigure.web.BasicErrorController.errorHtml(javax.servlet.http.HttpServletRequest,javax.servlet.http.HttpServletResponse)
2017-12-06 23:08:20,267 - Mapped URL path [/webjars/**] onto handler of type [class org.springframework.web.servlet.resource.ResourceHttpRequestHandler]
2017-12-06 23:08:20,267 - Mapped URL path [/**] onto handler of type [class org.springframework.web.servlet.resource.ResourceHttpRequestHandler]
2017-12-06 23:08:20,399 - Mapped URL path [/**/favicon.ico] onto handler of type [class org.springframework.web.servlet.resource.ResourceHttpRequestHandler]
2017-12-06 23:08:21,480 - Registering beans for JMX exposure on startup
2017-12-06 23:08:21,557 - Initializing ProtocolHandler ["http-nio-8085"]
2017-12-06 23:08:21,614 - Starting ProtocolHandler ["http-nio-8085"]
2017-12-06 23:08:21,700 - Using a shared selector for servlet write/read
2017-12-06 23:08:21,781 - Tomcat started on port(s): 8085 (http)
2017-12-06 23:08:21,806 - Started App in 12.133 seconds (JVM running for 13.218)
2017-12-06 23:08:21,806 - 微信订餐项目已经启动...
2017-12-06 23:08:31,521 - Initializing Spring FrameworkServlet 'dispatcherServlet'
2017-12-06 23:08:31,531 - FrameworkServlet 'dispatcherServlet': initialization started
2017-12-06 23:08:31,582 - FrameworkServlet 'dispatcherServlet': initialization completed in 51 ms
2017-12-06 23:14:07,812 - Starting App on jiangqianghuadeMacBook-Pro.local with PID 512 (/Users/jiangqianghua/Documents/workspace/wxshop/target/classes started by jiangqianghua in /Users/jiangqianghua/Documents/workspace/wxshop)
2017-12-06 23:14:07,862 - No active profile set, falling back to default profiles: default
2017-12-06 23:14:07,981 - Refreshing org.springframework.boot.context.embedded.AnnotationConfigEmbeddedWebApplicationContext@be68757: startup date [Wed Dec 06 23:14:07 CST 2017]; root of context hierarchy
2017-12-06 23:14:08,664 - HV000001: Hibernate Validator 5.3.5.Final
2017-12-06 23:14:10,984 - Tomcat initialized with port(s): 8085 (http)
2017-12-06 23:14:11,010 - Starting service Tomcat
2017-12-06 23:14:11,012 - Starting Servlet Engine: Apache Tomcat/8.5.14
2017-12-06 23:14:11,286 - Initializing Spring embedded WebApplicationContext
2017-12-06 23:14:11,287 - Root WebApplicationContext: initialization completed in 3306 ms
2017-12-06 23:14:11,658 - Mapping servlet: 'dispatcherServlet' to [/]
2017-12-06 23:14:11,677 - Mapping filter: 'characterEncodingFilter' to: [/*]
2017-12-06 23:14:11,678 - Mapping filter: 'hiddenHttpMethodFilter' to: [/*]
2017-12-06 23:14:11,680 - Mapping filter: 'httpPutFormContentFilter' to: [/*]
2017-12-06 23:14:11,680 - Mapping filter: 'requestContextFilter' to: [/*]
2017-12-06 23:14:12,834 - Building JPA container EntityManagerFactory for persistence unit 'default'
2017-12-06 23:14:12,860 - HHH000204: Processing PersistenceUnitInfo [
	name: default
	...]
2017-12-06 23:14:13,035 - HHH000412: Hibernate Core {5.0.12.Final}
2017-12-06 23:14:13,038 - HHH000206: hibernate.properties not found
2017-12-06 23:14:13,041 - HHH000021: Bytecode provider name : javassist
2017-12-06 23:14:13,117 - HCANN000001: Hibernate Commons Annotations {5.0.1.Final}
2017-12-06 23:14:13,413 - HHH000400: Using dialect: org.hibernate.dialect.MySQL5Dialect
2017-12-06 23:14:14,167 - Initialized JPA EntityManagerFactory for persistence unit 'default'
2017-12-06 23:14:15,264 - Looking for @ControllerAdvice: org.springframework.boot.context.embedded.AnnotationConfigEmbeddedWebApplicationContext@be68757: startup date [Wed Dec 06 23:14:07 CST 2017]; root of context hierarchy
2017-12-06 23:14:15,439 - Mapped "{[/buyer/product/list],methods=[GET]}" onto public com.jiang.wxshop.vo.ResultVo com.jiang.wxshop.controller.BuyerProductController.list()
2017-12-06 23:14:15,447 - Mapped "{[/error]}" onto public org.springframework.http.ResponseEntity<java.util.Map<java.lang.String, java.lang.Object>> org.springframework.boot.autoconfigure.web.BasicErrorController.error(javax.servlet.http.HttpServletRequest)
2017-12-06 23:14:15,448 - Mapped "{[/error],produces=[text/html]}" onto public org.springframework.web.servlet.ModelAndView org.springframework.boot.autoconfigure.web.BasicErrorController.errorHtml(javax.servlet.http.HttpServletRequest,javax.servlet.http.HttpServletResponse)
2017-12-06 23:14:15,526 - Mapped URL path [/webjars/**] onto handler of type [class org.springframework.web.servlet.resource.ResourceHttpRequestHandler]
2017-12-06 23:14:15,526 - Mapped URL path [/**] onto handler of type [class org.springframework.web.servlet.resource.ResourceHttpRequestHandler]
2017-12-06 23:14:15,669 - Mapped URL path [/**/favicon.ico] onto handler of type [class org.springframework.web.servlet.resource.ResourceHttpRequestHandler]
2017-12-06 23:14:16,431 - Registering beans for JMX exposure on startup
2017-12-06 23:14:16,461 - Initializing ProtocolHandler ["http-nio-8085"]
2017-12-06 23:14:16,484 - Starting ProtocolHandler ["http-nio-8085"]
2017-12-06 23:14:16,526 - Using a shared selector for servlet write/read
2017-12-06 23:14:16,585 - Tomcat started on port(s): 8085 (http)
2017-12-06 23:14:16,599 - Started App in 10.028 seconds (JVM running for 11.07)
2017-12-06 23:14:16,599 - 微信订餐项目已经启动...
2017-12-06 23:14:21,462 - Initializing Spring FrameworkServlet 'dispatcherServlet'
2017-12-06 23:14:21,473 - FrameworkServlet 'dispatcherServlet': initialization started
2017-12-06 23:14:21,499 - FrameworkServlet 'dispatcherServlet': initialization completed in 26 ms
2017-12-06 23:49:11,020 - Starting App on jiangqianghuadeMacBook-Pro.local with PID 535 (/Users/jiangqianghua/Documents/workspace/wxshop/target/classes started by jiangqianghua in /Users/jiangqianghua/Documents/workspace/wxshop)
2017-12-06 23:49:11,094 - No active profile set, falling back to default profiles: default
2017-12-06 23:49:11,757 - Refreshing org.springframework.boot.context.embedded.AnnotationConfigEmbeddedWebApplicationContext@be68757: startup date [Wed Dec 06 23:49:11 CST 2017]; root of context hierarchy
2017-12-06 23:49:16,534 - HV000001: Hibernate Validator 5.3.5.Final
2017-12-06 23:49:21,680 - Tomcat initialized with port(s): 8085 (http)
2017-12-06 23:49:21,759 - Starting service Tomcat
2017-12-06 23:49:21,764 - Starting Servlet Engine: Apache Tomcat/8.5.14
2017-12-06 23:49:22,157 - Initializing Spring embedded WebApplicationContext
2017-12-06 23:49:22,158 - Root WebApplicationContext: initialization completed in 10401 ms
2017-12-06 23:49:22,520 - Mapping servlet: 'dispatcherServlet' to [/]
2017-12-06 23:49:22,534 - Mapping filter: 'characterEncodingFilter' to: [/*]
2017-12-06 23:49:22,535 - Mapping filter: 'hiddenHttpMethodFilter' to: [/*]
2017-12-06 23:49:22,535 - Mapping filter: 'httpPutFormContentFilter' to: [/*]
2017-12-06 23:49:22,535 - Mapping filter: 'requestContextFilter' to: [/*]
2017-12-06 23:49:24,737 - Building JPA container EntityManagerFactory for persistence unit 'default'
2017-12-06 23:49:24,825 - HHH000204: Processing PersistenceUnitInfo [
	name: default
	...]
2017-12-06 23:49:25,180 - HHH000412: Hibernate Core {5.0.12.Final}
2017-12-06 23:49:25,182 - HHH000206: hibernate.properties not found
2017-12-06 23:49:25,185 - HHH000021: Bytecode provider name : javassist
2017-12-06 23:49:25,391 - HCANN000001: Hibernate Commons Annotations {5.0.1.Final}
2017-12-06 23:49:26,043 - HHH000400: Using dialect: org.hibernate.dialect.MySQL5Dialect
2017-12-06 23:49:27,460 - Initialized JPA EntityManagerFactory for persistence unit 'default'
2017-12-06 23:49:29,179 - Looking for @ControllerAdvice: org.springframework.boot.context.embedded.AnnotationConfigEmbeddedWebApplicationContext@be68757: startup date [Wed Dec 06 23:49:11 CST 2017]; root of context hierarchy
2017-12-06 23:49:29,363 - Mapped "{[/buyer/product/list],methods=[GET]}" onto public com.jiang.wxshop.vo.ResultVo com.jiang.wxshop.controller.BuyerProductController.list()
2017-12-06 23:49:29,368 - Mapped "{[/error]}" onto public org.springframework.http.ResponseEntity<java.util.Map<java.lang.String, java.lang.Object>> org.springframework.boot.autoconfigure.web.BasicErrorController.error(javax.servlet.http.HttpServletRequest)
2017-12-06 23:49:29,369 - Mapped "{[/error],produces=[text/html]}" onto public org.springframework.web.servlet.ModelAndView org.springframework.boot.autoconfigure.web.BasicErrorController.errorHtml(javax.servlet.http.HttpServletRequest,javax.servlet.http.HttpServletResponse)
2017-12-06 23:49:29,453 - Mapped URL path [/webjars/**] onto handler of type [class org.springframework.web.servlet.resource.ResourceHttpRequestHandler]
2017-12-06 23:49:29,453 - Mapped URL path [/**] onto handler of type [class org.springframework.web.servlet.resource.ResourceHttpRequestHandler]
2017-12-06 23:49:29,608 - Mapped URL path [/**/favicon.ico] onto handler of type [class org.springframework.web.servlet.resource.ResourceHttpRequestHandler]
2017-12-06 23:49:30,533 - Registering beans for JMX exposure on startup
2017-12-06 23:49:30,619 - Initializing ProtocolHandler ["http-nio-8085"]
2017-12-06 23:49:30,709 - Starting ProtocolHandler ["http-nio-8085"]
2017-12-06 23:49:30,797 - Using a shared selector for servlet write/read
2017-12-06 23:49:30,878 - Tomcat started on port(s): 8085 (http)
2017-12-06 23:49:30,905 - Started App in 23.899 seconds (JVM running for 27.436)
2017-12-06 23:49:30,905 - 微信订餐项目已经启动...
2017-12-06 23:49:36,600 - Initializing Spring FrameworkServlet 'dispatcherServlet'
2017-12-06 23:49:36,600 - FrameworkServlet 'dispatcherServlet': initialization started
2017-12-06 23:49:36,644 - FrameworkServlet 'dispatcherServlet': initialization completed in 44 ms
2017-12-06 23:49:36,956 - HHH000397: Using ASTQueryTranslatorFactory
2017-12-06 23:50:35,100 - Starting App on jiangqianghuadeMacBook-Pro.local with PID 537 (/Users/jiangqianghua/Documents/workspace/wxshop/target/classes started by jiangqianghua in /Users/jiangqianghua/Documents/workspace/wxshop)
2017-12-06 23:50:35,115 - No active profile set, falling back to default profiles: default
2017-12-06 23:50:35,214 - Refreshing org.springframework.boot.context.embedded.AnnotationConfigEmbeddedWebApplicationContext@be68757: startup date [Wed Dec 06 23:50:35 CST 2017]; root of context hierarchy
2017-12-06 23:50:36,013 - HV000001: Hibernate Validator 5.3.5.Final
2017-12-06 23:50:38,318 - Tomcat initialized with port(s): 8085 (http)
2017-12-06 23:50:38,356 - Starting service Tomcat
2017-12-06 23:50:38,359 - Starting Servlet Engine: Apache Tomcat/8.5.14
2017-12-06 23:50:38,612 - Initializing Spring embedded WebApplicationContext
2017-12-06 23:50:38,613 - Root WebApplicationContext: initialization completed in 3399 ms
2017-12-06 23:50:38,948 - Mapping servlet: 'dispatcherServlet' to [/]
2017-12-06 23:50:38,960 - Mapping filter: 'characterEncodingFilter' to: [/*]
2017-12-06 23:50:38,961 - Mapping filter: 'hiddenHttpMethodFilter' to: [/*]
2017-12-06 23:50:38,962 - Mapping filter: 'httpPutFormContentFilter' to: [/*]
2017-12-06 23:50:38,962 - Mapping filter: 'requestContextFilter' to: [/*]
2017-12-06 23:50:40,131 - Building JPA container EntityManagerFactory for persistence unit 'default'
2017-12-06 23:50:40,172 - HHH000204: Processing PersistenceUnitInfo [
	name: default
	...]
2017-12-06 23:50:40,301 - HHH000412: Hibernate Core {5.0.12.Final}
2017-12-06 23:50:40,303 - HHH000206: hibernate.properties not found
2017-12-06 23:50:40,305 - HHH000021: Bytecode provider name : javassist
2017-12-06 23:50:40,364 - HCANN000001: Hibernate Commons Annotations {5.0.1.Final}
2017-12-06 23:50:40,761 - HHH000400: Using dialect: org.hibernate.dialect.MySQL5Dialect
2017-12-06 23:50:41,469 - Initialized JPA EntityManagerFactory for persistence unit 'default'
2017-12-06 23:50:42,690 - Looking for @ControllerAdvice: org.springframework.boot.context.embedded.AnnotationConfigEmbeddedWebApplicationContext@be68757: startup date [Wed Dec 06 23:50:35 CST 2017]; root of context hierarchy
2017-12-06 23:50:42,844 - Mapped "{[/buyer/product/list],methods=[GET]}" onto public com.jiang.wxshop.vo.ResultVo com.jiang.wxshop.controller.BuyerProductController.list()
2017-12-06 23:50:42,852 - Mapped "{[/error]}" onto public org.springframework.http.ResponseEntity<java.util.Map<java.lang.String, java.lang.Object>> org.springframework.boot.autoconfigure.web.BasicErrorController.error(javax.servlet.http.HttpServletRequest)
2017-12-06 23:50:42,854 - Mapped "{[/error],produces=[text/html]}" onto public org.springframework.web.servlet.ModelAndView org.springframework.boot.autoconfigure.web.BasicErrorController.errorHtml(javax.servlet.http.HttpServletRequest,javax.servlet.http.HttpServletResponse)
2017-12-06 23:50:42,988 - Mapped URL path [/webjars/**] onto handler of type [class org.springframework.web.servlet.resource.ResourceHttpRequestHandler]
2017-12-06 23:50:42,988 - Mapped URL path [/**] onto handler of type [class org.springframework.web.servlet.resource.ResourceHttpRequestHandler]
2017-12-06 23:50:43,099 - Mapped URL path [/**/favicon.ico] onto handler of type [class org.springframework.web.servlet.resource.ResourceHttpRequestHandler]
2017-12-06 23:50:43,866 - Registering beans for JMX exposure on startup
2017-12-06 23:50:43,903 - Initializing ProtocolHandler ["http-nio-8085"]
2017-12-06 23:50:43,930 - Starting ProtocolHandler ["http-nio-8085"]
2017-12-06 23:50:43,972 - Using a shared selector for servlet write/read
2017-12-06 23:50:44,027 - Tomcat started on port(s): 8085 (http)
2017-12-06 23:50:44,035 - Started App in 9.684 seconds (JVM running for 10.658)
2017-12-06 23:50:44,037 - 微信订餐项目已经启动...
2017-12-06 23:51:11,881 - Initializing Spring FrameworkServlet 'dispatcherServlet'
2017-12-06 23:51:11,915 - FrameworkServlet 'dispatcherServlet': initialization started
2017-12-06 23:51:11,948 - FrameworkServlet 'dispatcherServlet': initialization completed in 32 ms
2017-12-06 23:51:12,037 - HHH000397: Using ASTQueryTranslatorFactory
