2018-04-22 01:01:02,424 - [登录校验] cookie查不到token
2018-04-22 01:01:26,257 - [websocket]有新的链接，总数1
2018-04-22 01:01:30,984 - [websocket]链接断开，总数0
2018-04-22 01:04:24,824 - SQL Error: 1406, SQLState: 22001
2018-04-22 01:04:24,921 - HHH000010: On release of batch it still contained JDBC statements
2018-04-22 01:04:53,196 - SQL Error: 1406, SQLState: 22001
2018-04-22 01:04:53,214 - HHH000010: On release of batch it still contained JDBC statements
2018-04-22 01:04:55,605 - SQL Error: 1406, SQLState: 22001
2018-04-22 01:04:55,606 - HHH000010: On release of batch it still contained JDBC statements
2018-04-22 01:05:02,964 - SQL Error: 1406, SQLState: 22001
2018-04-22 01:05:02,964 - HHH000010: On release of batch it still contained JDBC statements
2018-04-22 01:14:09,269 - SQL Error: 1406, SQLState: 22001
2018-04-22 01:14:09,311 - HHH000010: On release of batch it still contained JDBC statements
2018-04-22 01:14:13,764 - SQL Error: 1406, SQLState: 22001
2018-04-22 01:14:13,765 - HHH000010: On release of batch it still contained JDBC statements
2018-04-22 01:14:25,751 - SQL Error: 1406, SQLState: 22001
2018-04-22 01:14:25,792 - HHH000010: On release of batch it still contained JDBC statements
2018-04-22 01:41:28,772 - Closing org.springframework.boot.context.embedded.AnnotationConfigEmbeddedWebApplicationContext@4c583ecf: startup date [Sat Apr 21 22:48:21 CST 2018]; root of context hierarchy
2018-04-22 01:41:28,828 - Unregistering JMX-exposed beans on shutdown
2018-04-22 01:41:28,854 - Closing JPA EntityManagerFactory for persistence unit 'default'
2018-04-22 10:37:49,422 - Starting App on jiangqianghuadeMacBook-Pro.local with PID 565 (/Users/jiangqianghua/Documents/workspace/wxshop/target/classes started by jiangqianghua in /Users/jiangqianghua/Documents/workspace/wxshop)
2018-04-22 10:37:49,486 - The following profiles are active: dev
2018-04-22 10:37:49,750 - Refreshing org.springframework.boot.context.embedded.AnnotationConfigEmbeddedWebApplicationContext@67545b57: startup date [Sun Apr 22 10:37:49 CST 2018]; root of context hierarchy
2018-04-22 10:37:51,537 - HV000001: Hibernate Validator 5.3.5.Final
2018-04-22 10:37:56,263 - Multiple Spring Data modules found, entering strict repository configuration mode!
2018-04-22 10:37:56,869 - Multiple Spring Data modules found, entering strict repository configuration mode!
2018-04-22 10:37:57,044 - Spring Data Redis - Could not safely identify store assignment for repository candidate interface com.jiang.wxshop.repository.ProductInfoRepository.
2018-04-22 10:37:57,046 - Spring Data Redis - Could not safely identify store assignment for repository candidate interface com.jiang.wxshop.repository.SellerInfoRepository.
2018-04-22 10:37:57,047 - Spring Data Redis - Could not safely identify store assignment for repository candidate interface com.jiang.wxshop.repository.OrderMasterRepository.
2018-04-22 10:37:57,055 - Spring Data Redis - Could not safely identify store assignment for repository candidate interface com.jiang.wxshop.repository.OrderDetailRepository.
2018-04-22 10:37:57,056 - Spring Data Redis - Could not safely identify store assignment for repository candidate interface com.jiang.wxshop.repository.ProductCategoryRepository.
2018-04-22 10:38:01,735 - Tomcat initialized with port(s): 8085 (http)
2018-04-22 10:38:01,770 - Starting service Tomcat
2018-04-22 10:38:01,773 - Starting Servlet Engine: Apache Tomcat/8.5.14
2018-04-22 10:38:02,156 - Initializing Spring embedded WebApplicationContext
2018-04-22 10:38:02,157 - Root WebApplicationContext: initialization completed in 12407 ms
2018-04-22 10:38:02,655 - Mapping servlet: 'dispatcherServlet' to [/]
2018-04-22 10:38:02,665 - Mapping filter: 'characterEncodingFilter' to: [/*]
2018-04-22 10:38:02,667 - Mapping filter: 'hiddenHttpMethodFilter' to: [/*]
2018-04-22 10:38:02,667 - Mapping filter: 'httpPutFormContentFilter' to: [/*]
2018-04-22 10:38:02,667 - Mapping filter: 'requestContextFilter' to: [/*]
2018-04-22 10:38:02,667 - Mapping filter: 'corsFilter' to: [/*]
2018-04-22 10:38:04,702 - Building JPA container EntityManagerFactory for persistence unit 'default'
2018-04-22 10:38:04,761 - HHH000204: Processing PersistenceUnitInfo [
	name: default
	...]
2018-04-22 10:38:05,052 - HHH000412: Hibernate Core {5.0.12.Final}
2018-04-22 10:38:05,054 - HHH000206: hibernate.properties not found
2018-04-22 10:38:05,057 - HHH000021: Bytecode provider name : javassist
2018-04-22 10:38:05,236 - HCANN000001: Hibernate Commons Annotations {5.0.1.Final}
2018-04-22 10:38:05,656 - HHH000400: Using dialect: org.hibernate.dialect.MySQL5Dialect
2018-04-22 10:38:06,827 - Initialized JPA EntityManagerFactory for persistence unit 'default'
2018-04-22 10:38:09,050 - ClassTemplateLoader for Spring macros added to FreeMarker configuration
2018-04-22 10:38:10,038 - Looking for @ControllerAdvice: org.springframework.boot.context.embedded.AnnotationConfigEmbeddedWebApplicationContext@67545b57: startup date [Sun Apr 22 10:37:49 CST 2018]; root of context hierarchy
2018-04-22 10:38:10,056 - Detected ResponseBodyAdvice bean in jsonpAdvice
2018-04-22 10:38:10,275 - Mapped "{[/buyer/order/create],methods=[POST]}" onto public com.jiang.wxshop.vo.ResultVo<java.util.Map<java.lang.String, java.lang.String>> com.jiang.wxshop.controller.BuyerOrderController.create(com.jiang.wxshop.form.OrderForm,org.springframework.validation.BindingResult)
2018-04-22 10:38:10,278 - Mapped "{[/buyer/order/list],methods=[GET]}" onto public com.jiang.wxshop.vo.ResultVo<java.util.List<com.jiang.wxshop.dto.OrderDTO>> com.jiang.wxshop.controller.BuyerOrderController.list(java.lang.String,java.lang.Integer,java.lang.Integer)
2018-04-22 10:38:10,279 - Mapped "{[/buyer/order/cancel],methods=[POST]}" onto public com.jiang.wxshop.vo.ResultVo<com.jiang.wxshop.dto.OrderDTO> com.jiang.wxshop.controller.BuyerOrderController.cancel(java.lang.String,java.lang.String)
2018-04-22 10:38:10,279 - Mapped "{[/buyer/order/detail],methods=[GET]}" onto public com.jiang.wxshop.vo.ResultVo<com.jiang.wxshop.dto.OrderDTO> com.jiang.wxshop.controller.BuyerOrderController.detail(java.lang.String,java.lang.String)
2018-04-22 10:38:10,280 - Mapped "{[/buyer/product/list],methods=[GET]}" onto public com.jiang.wxshop.vo.ResultVo com.jiang.wxshop.controller.BuyerProductController.list()
2018-04-22 10:38:10,282 - Mapped "{[/list]}" onto public java.lang.String com.jiang.wxshop.controller.FreeMarkerController.list(java.util.Map<java.lang.String, java.lang.Object>)
2018-04-22 10:38:10,282 - Mapped "{[/map]}" onto public java.lang.String com.jiang.wxshop.controller.FreeMarkerController.map(java.util.Map<java.lang.String, java.lang.Object>)
2018-04-22 10:38:10,283 - Mapped "{[/welcome]}" onto public java.lang.String com.jiang.wxshop.controller.FreeMarkerController.hello(java.util.Map<java.lang.String, java.lang.Object>)
2018-04-22 10:38:10,283 - Mapped "{[/role]}" onto public java.lang.String com.jiang.wxshop.controller.FreeMarkerController.role(java.util.Map<java.lang.String, java.lang.Object>)
2018-04-22 10:38:10,285 - Mapped "{[/skill/query/{productId}],methods=[GET]}" onto public java.lang.String com.jiang.wxshop.controller.SeckillController.query(java.lang.String) throws java.lang.Exception
2018-04-22 10:38:10,286 - Mapped "{[/skill/order/{productId}],methods=[GET]}" onto public java.lang.String com.jiang.wxshop.controller.SeckillController.skill(java.lang.String) throws java.lang.Exception
2018-04-22 10:38:10,289 - Mapped "{[/seller/category/index],methods=[GET]}" onto public org.springframework.web.servlet.ModelAndView com.jiang.wxshop.controller.SellerCategoryController.index(java.lang.Integer,java.util.Map<java.lang.String, java.lang.Object>)
2018-04-22 10:38:10,289 - Mapped "{[/seller/category/list],methods=[GET]}" onto public org.springframework.web.servlet.ModelAndView com.jiang.wxshop.controller.SellerCategoryController.list(java.util.Map<java.lang.String, java.lang.Object>)
2018-04-22 10:38:10,290 - Mapped "{[/seller/category/save],methods=[POST]}" onto public org.springframework.web.servlet.ModelAndView com.jiang.wxshop.controller.SellerCategoryController.save(com.jiang.wxshop.form.CategoryForm,org.springframework.validation.BindingResult,java.util.Map<java.lang.String, java.lang.Object>)
2018-04-22 10:38:10,293 - Mapped "{[/seller/order/list],methods=[GET]}" onto public org.springframework.web.servlet.ModelAndView com.jiang.wxshop.controller.SellerOrderController.list(java.lang.Integer,java.lang.Integer,java.util.Map<java.lang.String, java.lang.Object>)
2018-04-22 10:38:10,294 - Mapped "{[/seller/order/cancel],methods=[GET]}" onto public org.springframework.web.servlet.ModelAndView com.jiang.wxshop.controller.SellerOrderController.cancel(java.lang.String,java.util.Map<java.lang.String, java.lang.Object>)
2018-04-22 10:38:10,295 - Mapped "{[/seller/order/finish],methods=[GET]}" onto public org.springframework.web.servlet.ModelAndView com.jiang.wxshop.controller.SellerOrderController.finish(java.lang.String,java.util.Map<java.lang.String, java.lang.Object>)
2018-04-22 10:38:10,295 - Mapped "{[/seller/order/detial],methods=[GET]}" onto public org.springframework.web.servlet.ModelAndView com.jiang.wxshop.controller.SellerOrderController.detail(java.lang.String,java.util.Map<java.lang.String, java.lang.Object>)
2018-04-22 10:38:10,300 - Mapped "{[/seller/product/index],methods=[GET]}" onto public org.springframework.web.servlet.ModelAndView com.jiang.wxshop.controller.SellerProductController.index(java.lang.String,java.util.Map<java.lang.String, java.lang.Object>)
2018-04-22 10:38:10,301 - Mapped "{[/seller/product/list],methods=[GET]}" onto public org.springframework.web.servlet.ModelAndView com.jiang.wxshop.controller.SellerProductController.list(java.lang.Integer,java.lang.Integer,java.util.Map<java.lang.String, java.lang.Object>)
2018-04-22 10:38:10,302 - Mapped "{[/seller/product/save],methods=[POST]}" onto public org.springframework.web.servlet.ModelAndView com.jiang.wxshop.controller.SellerProductController.save(com.jiang.wxshop.form.ProductForm,org.springframework.validation.BindingResult,java.util.Map<java.lang.String, java.lang.Object>)
2018-04-22 10:38:10,303 - Mapped "{[/seller/product/on_sale],methods=[GET]}" onto public org.springframework.web.servlet.ModelAndView com.jiang.wxshop.controller.SellerProductController.onSale(java.lang.String,java.util.Map<java.lang.String, java.lang.Object>)
2018-04-22 10:38:10,304 - Mapped "{[/seller/product/off_sale],methods=[GET]}" onto public org.springframework.web.servlet.ModelAndView com.jiang.wxshop.controller.SellerProductController.offSale(java.lang.String,java.util.Map<java.lang.String, java.lang.Object>)
2018-04-22 10:38:10,310 - Mapped "{[/seller/logout],methods=[GET]}" onto public org.springframework.web.servlet.ModelAndView com.jiang.wxshop.controller.SellerUserController.logout(javax.servlet.http.HttpServletRequest,javax.servlet.http.HttpServletResponse,java.util.Map<java.lang.String, java.lang.Object>)
2018-04-22 10:38:10,311 - Mapped "{[/seller/login],methods=[GET]}" onto public org.springframework.web.servlet.ModelAndView com.jiang.wxshop.controller.SellerUserController.login(java.lang.String,javax.servlet.http.HttpServletResponse,java.util.Map<java.lang.String, java.lang.Object>)
2018-04-22 10:38:10,315 - Mapped "{[/error]}" onto public org.springframework.http.ResponseEntity<java.util.Map<java.lang.String, java.lang.Object>> org.springframework.boot.autoconfigure.web.BasicErrorController.error(javax.servlet.http.HttpServletRequest)
2018-04-22 10:38:10,316 - Mapped "{[/error],produces=[text/html]}" onto public org.springframework.web.servlet.ModelAndView org.springframework.boot.autoconfigure.web.BasicErrorController.errorHtml(javax.servlet.http.HttpServletRequest,javax.servlet.http.HttpServletResponse)
2018-04-22 10:38:10,424 - Mapped URL path [/webjars/**] onto handler of type [class org.springframework.web.servlet.resource.ResourceHttpRequestHandler]
2018-04-22 10:38:10,424 - Mapped URL path [/**] onto handler of type [class org.springframework.web.servlet.resource.ResourceHttpRequestHandler]
2018-04-22 10:38:10,462 - Detected @ExceptionHandler methods in sellExceptionHandler
2018-04-22 10:38:10,463 - Detected ResponseBodyAdvice implementation in jsonpAdvice
2018-04-22 10:38:10,546 - Mapped URL path [/**/favicon.ico] onto handler of type [class org.springframework.web.servlet.resource.ResourceHttpRequestHandler]
2018-04-22 10:38:12,163 - Registering @ServerEndpoint class: class com.jiang.wxshop.service.WebSocket
2018-04-22 10:38:12,235 - Registering beans for JMX exposure on startup
2018-04-22 10:38:12,286 - Initializing ProtocolHandler ["http-nio-8085"]
2018-04-22 10:38:12,342 - Starting ProtocolHandler ["http-nio-8085"]
2018-04-22 10:38:12,408 - Using a shared selector for servlet write/read
2018-04-22 10:38:12,488 - Tomcat started on port(s): 8085 (http)
2018-04-22 10:38:12,511 - Started App in 26.201 seconds (JVM running for 28.806)
2018-04-22 10:38:12,512 - 微信订餐项目已经启动...
2018-04-22 10:39:10,075 - Initializing Spring FrameworkServlet 'dispatcherServlet'
2018-04-22 10:39:10,076 - FrameworkServlet 'dispatcherServlet': initialization started
2018-04-22 10:39:10,148 - FrameworkServlet 'dispatcherServlet': initialization completed in 72 ms
2018-04-22 10:39:15,154 - HHH000397: Using ASTQueryTranslatorFactory
2018-04-22 10:39:19,272 - [websocket]有新的链接，总数1
2018-04-22 10:39:23,723 - [websocket]链接断开，总数0
