2018-01-29 00:39:05,692 - Closing org.springframework.boot.context.embedded.AnnotationConfigEmbeddedWebApplicationContext@55493582: startup date [Sun Jan 28 14:09:07 CST 2018]; root of context hierarchy
2018-01-29 00:39:06,058 - Unregistering JMX-exposed beans on shutdown
2018-01-29 00:39:06,061 - Closing JPA EntityManagerFactory for persistence unit 'default'
2018-01-29 00:40:37,345 - Starting App on jiangqianghuadeMacBook-Pro.local with PID 4250 (/Users/jiangqianghua/Documents/workspace/idea/IMServer/target/classes started by jiangqianghua in /Users/jiangqianghua/Documents/workspace/idea/IMServer)
2018-01-29 00:40:37,595 - The following profiles are active: dev
2018-01-29 00:40:41,532 - Refreshing org.springframework.boot.context.embedded.AnnotationConfigEmbeddedWebApplicationContext@55493582: startup date [Mon Jan 29 00:40:41 CST 2018]; root of context hierarchy
2018-01-29 00:40:58,752 - HV000001: Hibernate Validator 5.3.5.Final
2018-01-29 00:41:13,226 - Multiple Spring Data modules found, entering strict repository configuration mode!
2018-01-29 00:41:15,850 - Multiple Spring Data modules found, entering strict repository configuration mode!
2018-01-29 00:41:16,810 - Spring Data Redis - Could not safely identify store assignment for repository candidate interface com.jiang.im.repository.UserProfileRepository.
2018-01-29 00:41:16,811 - Spring Data Redis - Could not safely identify store assignment for repository candidate interface com.jiang.im.repository.RoomInfoRepository.
2018-01-29 00:41:34,647 - Tomcat initialized with port(s): 8086 (http)
2018-01-29 00:41:34,893 - Starting service Tomcat
2018-01-29 00:41:34,956 - Starting Servlet Engine: Apache Tomcat/8.5.14
2018-01-29 00:41:40,201 - Initializing Spring embedded WebApplicationContext
2018-01-29 00:41:40,202 - Root WebApplicationContext: initialization completed in 58670 ms
2018-01-29 00:41:41,041 - Mapping servlet: 'dispatcherServlet' to [/]
2018-01-29 00:41:41,326 - Mapping filter: 'characterEncodingFilter' to: [/*]
2018-01-29 00:41:41,999 - Mapping filter: 'hiddenHttpMethodFilter' to: [/*]
2018-01-29 00:41:42,000 - Mapping filter: 'httpPutFormContentFilter' to: [/*]
2018-01-29 00:41:42,000 - Mapping filter: 'requestContextFilter' to: [/*]
2018-01-29 00:42:01,919 - Building JPA container EntityManagerFactory for persistence unit 'default'
2018-01-29 00:42:02,685 - HHH000204: Processing PersistenceUnitInfo [
	name: default
	...]
2018-01-29 00:42:06,690 - HHH000412: Hibernate Core {5.0.12.Final}
2018-01-29 00:42:06,735 - HHH000206: hibernate.properties not found
2018-01-29 00:42:06,739 - HHH000021: Bytecode provider name : javassist
2018-01-29 00:42:09,014 - HCANN000001: Hibernate Commons Annotations {5.0.1.Final}
2018-01-29 00:42:16,959 - HHH000400: Using dialect: org.hibernate.dialect.MySQL5Dialect
2018-01-29 00:42:35,329 - Initialized JPA EntityManagerFactory for persistence unit 'default'
2018-01-29 00:42:50,410 - Looking for @ControllerAdvice: org.springframework.boot.context.embedded.AnnotationConfigEmbeddedWebApplicationContext@55493582: startup date [Mon Jan 29 00:40:41 CST 2018]; root of context hierarchy
2018-01-29 00:42:55,831 - Mapped "{[/room/createroom],methods=[POST]}" onto public com.jiang.im.vo.ResultVo com.jiang.im.controller.RoomController.createRoom(com.jiang.im.form.RoomForm,org.springframework.validation.BindingResult)
2018-01-29 00:42:55,832 - Mapped "{[/room/list],methods=[GET]}" onto public com.jiang.im.vo.ResultVo com.jiang.im.controller.RoomController.roomList(java.lang.Integer,java.lang.Integer)
2018-01-29 00:42:55,834 - Mapped "{[/upload/img],methods=[POST]}" onto public com.jiang.im.vo.ResultVo com.jiang.im.controller.UploadController.uploadHeader(org.springframework.web.multipart.MultipartFile,java.lang.String)
2018-01-29 00:42:55,847 - Mapped "{[/user/register],methods=[POST]}" onto public com.jiang.im.vo.ResultVo com.jiang.im.controller.UserController.register(java.lang.String,java.lang.String)
2018-01-29 00:42:55,848 - Mapped "{[/user/sigout],methods=[POST]}" onto public com.jiang.im.vo.ResultVo com.jiang.im.controller.UserController.sigout(java.lang.String)
2018-01-29 00:42:56,056 - Mapped "{[/user/login],methods=[POST]}" onto public com.jiang.im.vo.ResultVo com.jiang.im.controller.UserController.login(java.lang.String)
2018-01-29 00:42:56,057 - Mapped "{[/user/autologin],methods=[POST]}" onto public com.jiang.im.vo.ResultVo com.jiang.im.controller.UserController.autoLogin(java.lang.String)
2018-01-29 00:42:56,058 - Mapped "{[/user/selfprofile],methods=[POST]}" onto public com.jiang.im.vo.ResultVo com.jiang.im.controller.UserController.selfProfile(java.lang.String)
2018-01-29 00:42:56,058 - Mapped "{[/user/update],methods=[POST]}" onto public com.jiang.im.vo.ResultVo com.jiang.im.controller.UserController.updateUser(com.jiang.im.form.UserProfileForm,org.springframework.validation.BindingResult)
2018-01-29 00:42:56,065 - Mapped "{[/error]}" onto public org.springframework.http.ResponseEntity<java.util.Map<java.lang.String, java.lang.Object>> org.springframework.boot.autoconfigure.web.BasicErrorController.error(javax.servlet.http.HttpServletRequest)
2018-01-29 00:42:56,068 - Mapped "{[/error],produces=[text/html]}" onto public org.springframework.web.servlet.ModelAndView org.springframework.boot.autoconfigure.web.BasicErrorController.errorHtml(javax.servlet.http.HttpServletRequest,javax.servlet.http.HttpServletResponse)
2018-01-29 00:42:56,325 - Mapped URL path [/webjars/**] onto handler of type [class org.springframework.web.servlet.resource.ResourceHttpRequestHandler]
2018-01-29 00:42:56,325 - Mapped URL path [/**] onto handler of type [class org.springframework.web.servlet.resource.ResourceHttpRequestHandler]
2018-01-29 00:42:57,177 - Mapped URL path [/**/favicon.ico] onto handler of type [class org.springframework.web.servlet.resource.ResourceHttpRequestHandler]
2018-01-29 00:43:09,063 - SpringTemplateLoader for FreeMarker: using resource loader [org.springframework.boot.context.embedded.AnnotationConfigEmbeddedWebApplicationContext@55493582: startup date [Mon Jan 29 00:40:41 CST 2018]; root of context hierarchy] and template loader path [classpath:/templates/]
2018-01-29 00:43:09,271 - ClassTemplateLoader for Spring macros added to FreeMarker configuration
2018-01-29 00:43:10,463 - Cannot find template location(s): [classpath:/templates/] (please add some templates, check your FreeMarker configuration, or set spring.freemarker.checkTemplateLocation=false)
2018-01-29 00:43:11,783 - Registering @ServerEndpoint class: class com.jiang.im.service.IMService
2018-01-29 00:43:12,379 - Registering beans for JMX exposure on startup
2018-01-29 00:43:12,876 - Initializing ProtocolHandler ["http-nio-8086"]
2018-01-29 00:43:13,113 - Starting ProtocolHandler ["http-nio-8086"]
2018-01-29 00:43:13,299 - Using a shared selector for servlet write/read
2018-01-29 00:43:13,869 - Tomcat started on port(s): 8086 (http)
2018-01-29 00:43:13,962 - Started App in 182.735 seconds (JVM running for 208.503)
2018-01-29 00:43:13,962 - IM系统启动成功
2018-01-29 00:46:18,996 - Initializing Spring FrameworkServlet 'dispatcherServlet'
2018-01-29 00:46:19,016 - FrameworkServlet 'dispatcherServlet': initialization started
2018-01-29 00:46:19,099 - FrameworkServlet 'dispatcherServlet': initialization completed in 83 ms
2018-01-29 00:57:22,934 - Closing org.springframework.boot.context.embedded.AnnotationConfigEmbeddedWebApplicationContext@55493582: startup date [Mon Jan 29 00:40:41 CST 2018]; root of context hierarchy
2018-01-29 00:57:22,977 - Unregistering JMX-exposed beans on shutdown
2018-01-29 00:57:22,982 - Closing JPA EntityManagerFactory for persistence unit 'default'
2018-01-29 00:57:59,676 - Starting App on jiangqianghuadeMacBook-Pro.local with PID 4309 (/Users/jiangqianghua/Documents/workspace/idea/IMServer/target/classes started by jiangqianghua in /Users/jiangqianghua/Documents/workspace/idea/IMServer)
2018-01-29 00:57:59,781 - The following profiles are active: dev
2018-01-29 00:58:00,802 - Refreshing org.springframework.boot.context.embedded.AnnotationConfigEmbeddedWebApplicationContext@55493582: startup date [Mon Jan 29 00:58:00 CST 2018]; root of context hierarchy
2018-01-29 00:58:14,299 - HV000001: Hibernate Validator 5.3.5.Final
2018-01-29 00:58:15,311 - Multiple Spring Data modules found, entering strict repository configuration mode!
2018-01-29 00:58:15,626 - Multiple Spring Data modules found, entering strict repository configuration mode!
2018-01-29 00:58:15,658 - Spring Data Redis - Could not safely identify store assignment for repository candidate interface com.jiang.im.repository.UserProfileRepository.
2018-01-29 00:58:15,660 - Spring Data Redis - Could not safely identify store assignment for repository candidate interface com.jiang.im.repository.RoomInfoRepository.
2018-01-29 00:58:17,829 - Tomcat initialized with port(s): 8086 (http)
2018-01-29 00:58:17,872 - Starting service Tomcat
2018-01-29 00:58:17,877 - Starting Servlet Engine: Apache Tomcat/8.5.14
2018-01-29 00:58:18,263 - Initializing Spring embedded WebApplicationContext
2018-01-29 00:58:18,264 - Root WebApplicationContext: initialization completed in 17463 ms
2018-01-29 00:58:18,704 - Mapping servlet: 'dispatcherServlet' to [/]
2018-01-29 00:58:18,714 - Mapping filter: 'characterEncodingFilter' to: [/*]
2018-01-29 00:58:18,714 - Mapping filter: 'hiddenHttpMethodFilter' to: [/*]
2018-01-29 00:58:18,715 - Mapping filter: 'httpPutFormContentFilter' to: [/*]
2018-01-29 00:58:18,715 - Mapping filter: 'requestContextFilter' to: [/*]
2018-01-29 00:58:20,635 - Building JPA container EntityManagerFactory for persistence unit 'default'
2018-01-29 00:58:20,677 - HHH000204: Processing PersistenceUnitInfo [
	name: default
	...]
2018-01-29 00:58:21,066 - HHH000412: Hibernate Core {5.0.12.Final}
2018-01-29 00:58:21,068 - HHH000206: hibernate.properties not found
2018-01-29 00:58:21,070 - HHH000021: Bytecode provider name : javassist
2018-01-29 00:58:21,140 - HCANN000001: Hibernate Commons Annotations {5.0.1.Final}
2018-01-29 00:58:21,408 - HHH000400: Using dialect: org.hibernate.dialect.MySQL5Dialect
2018-01-29 00:58:22,785 - Initialized JPA EntityManagerFactory for persistence unit 'default'
2018-01-29 00:58:24,161 - Looking for @ControllerAdvice: org.springframework.boot.context.embedded.AnnotationConfigEmbeddedWebApplicationContext@55493582: startup date [Mon Jan 29 00:58:00 CST 2018]; root of context hierarchy
2018-01-29 00:58:24,357 - Mapped "{[/room/list],methods=[GET]}" onto public com.jiang.im.vo.ResultVo com.jiang.im.controller.RoomController.roomList(java.lang.Integer,java.lang.Integer)
2018-01-29 00:58:24,359 - Mapped "{[/room/createroom],methods=[POST]}" onto public com.jiang.im.vo.ResultVo com.jiang.im.controller.RoomController.createRoom(com.jiang.im.form.RoomForm,org.springframework.validation.BindingResult)
2018-01-29 00:58:24,360 - Mapped "{[/upload/img],methods=[POST]}" onto public com.jiang.im.vo.ResultVo com.jiang.im.controller.UploadController.uploadHeader(org.springframework.web.multipart.MultipartFile,java.lang.String)
2018-01-29 00:58:24,368 - Mapped "{[/user/register],methods=[POST]}" onto public com.jiang.im.vo.ResultVo com.jiang.im.controller.UserController.register(java.lang.String,java.lang.String)
2018-01-29 00:58:24,368 - Mapped "{[/user/login],methods=[POST]}" onto public com.jiang.im.vo.ResultVo com.jiang.im.controller.UserController.login(java.lang.String)
2018-01-29 00:58:24,368 - Mapped "{[/user/autologin],methods=[POST]}" onto public com.jiang.im.vo.ResultVo com.jiang.im.controller.UserController.autoLogin(java.lang.String)
2018-01-29 00:58:24,369 - Mapped "{[/user/selfprofile],methods=[POST]}" onto public com.jiang.im.vo.ResultVo com.jiang.im.controller.UserController.selfProfile(java.lang.String)
2018-01-29 00:58:24,369 - Mapped "{[/user/sigout],methods=[POST]}" onto public com.jiang.im.vo.ResultVo com.jiang.im.controller.UserController.sigout(java.lang.String)
2018-01-29 00:58:24,369 - Mapped "{[/user/update],methods=[POST]}" onto public com.jiang.im.vo.ResultVo com.jiang.im.controller.UserController.updateUser(com.jiang.im.form.UserProfileForm,org.springframework.validation.BindingResult)
2018-01-29 00:58:24,379 - Mapped "{[/error]}" onto public org.springframework.http.ResponseEntity<java.util.Map<java.lang.String, java.lang.Object>> org.springframework.boot.autoconfigure.web.BasicErrorController.error(javax.servlet.http.HttpServletRequest)
2018-01-29 00:58:24,380 - Mapped "{[/error],produces=[text/html]}" onto public org.springframework.web.servlet.ModelAndView org.springframework.boot.autoconfigure.web.BasicErrorController.errorHtml(javax.servlet.http.HttpServletRequest,javax.servlet.http.HttpServletResponse)
2018-01-29 00:58:24,474 - Mapped URL path [/webjars/**] onto handler of type [class org.springframework.web.servlet.resource.ResourceHttpRequestHandler]
2018-01-29 00:58:24,474 - Mapped URL path [/**] onto handler of type [class org.springframework.web.servlet.resource.ResourceHttpRequestHandler]
2018-01-29 00:58:24,571 - Mapped URL path [/**/favicon.ico] onto handler of type [class org.springframework.web.servlet.resource.ResourceHttpRequestHandler]
2018-01-29 00:58:25,295 - SpringTemplateLoader for FreeMarker: using resource loader [org.springframework.boot.context.embedded.AnnotationConfigEmbeddedWebApplicationContext@55493582: startup date [Mon Jan 29 00:58:00 CST 2018]; root of context hierarchy] and template loader path [classpath:/templates/]
2018-01-29 00:58:25,297 - ClassTemplateLoader for Spring macros added to FreeMarker configuration
2018-01-29 00:58:25,344 - Cannot find template location(s): [classpath:/templates/] (please add some templates, check your FreeMarker configuration, or set spring.freemarker.checkTemplateLocation=false)
2018-01-29 00:58:25,919 - Registering @ServerEndpoint class: class com.jiang.im.service.IMService
2018-01-29 00:58:25,940 - Registering beans for JMX exposure on startup
2018-01-29 00:58:25,971 - Initializing ProtocolHandler ["http-nio-8086"]
2018-01-29 00:58:25,992 - Starting ProtocolHandler ["http-nio-8086"]
2018-01-29 00:58:26,022 - Using a shared selector for servlet write/read
2018-01-29 00:58:26,052 - Tomcat started on port(s): 8086 (http)
2018-01-29 00:58:26,060 - Started App in 41.471 seconds (JVM running for 52.812)
2018-01-29 00:58:26,061 - IM系统启动成功
2018-01-29 00:58:59,644 - Initializing Spring FrameworkServlet 'dispatcherServlet'
2018-01-29 00:58:59,681 - FrameworkServlet 'dispatcherServlet': initialization started
2018-01-29 00:58:59,740 - FrameworkServlet 'dispatcherServlet': initialization completed in 59 ms
2018-01-29 01:03:32,345 - Request method 'GET' not supported
2018-01-29 01:03:56,580 - Request method 'GET' not supported
2018-01-29 01:05:45,624 - Request method 'GET' not supported
2018-01-29 01:07:06,199 - Request method 'GET' not supported
2018-01-29 01:07:18,738 - Request method 'GET' not supported
2018-01-29 01:09:18,455 - HHH000397: Using ASTQueryTranslatorFactory
2018-01-29 01:19:50,249 - Closing org.springframework.boot.context.embedded.AnnotationConfigEmbeddedWebApplicationContext@55493582: startup date [Mon Jan 29 00:58:00 CST 2018]; root of context hierarchy
2018-01-29 01:19:50,315 - Unregistering JMX-exposed beans on shutdown
2018-01-29 01:19:50,319 - Closing JPA EntityManagerFactory for persistence unit 'default'
