2017-12-10 00:39:32,613 - Starting OrderServiceImplTest on jiangqianghuadeMacBook-Pro.local with PID 1326 (started by jiangqianghua in /Users/jiangqianghua/Documents/workspace/wxshop)
2017-12-10 00:39:32,614 - No active profile set, falling back to default profiles: default
2017-12-10 00:39:32,858 - Refreshing org.springframework.web.context.support.GenericWebApplicationContext@48075da3: startup date [Sun Dec 10 00:39:32 CST 2017]; root of context hierarchy
2017-12-10 00:39:34,119 - HV000001: Hibernate Validator 5.3.5.Final
2017-12-10 00:39:39,870 - Building JPA container EntityManagerFactory for persistence unit 'default'
2017-12-10 00:39:39,944 - HHH000204: Processing PersistenceUnitInfo [
	name: default
	...]
2017-12-10 00:39:40,213 - HHH000412: Hibernate Core {5.0.12.Final}
2017-12-10 00:39:40,222 - HHH000206: hibernate.properties not found
2017-12-10 00:39:40,225 - HHH000021: Bytecode provider name : javassist
2017-12-10 00:39:40,439 - HCANN000001: Hibernate Commons Annotations {5.0.1.Final}
2017-12-10 00:39:40,761 - HHH000400: Using dialect: org.hibernate.dialect.MySQL5Dialect
2017-12-10 00:39:42,064 - Initialized JPA EntityManagerFactory for persistence unit 'default'
2017-12-10 00:39:43,290 - ClassTemplateLoader for Spring macros added to FreeMarker configuration
2017-12-10 00:39:43,395 - Exception encountered during context initialization - cancelling refresh attempt: org.springframework.beans.factory.UnsatisfiedDependencyException: Error creating bean with name 'orderServiceImpl': Unsatisfied dependency expressed through field 'orderMasterRepository'; nested exception is org.springframework.beans.factory.BeanCreationException: Error creating bean with name 'orderMasterRepository': Invocation of init method failed; nested exception is org.springframework.data.mapping.PropertyReferenceException: No property id found for type OrderMaster!
2017-12-10 00:39:43,396 - Closing JPA EntityManagerFactory for persistence unit 'default'
2017-12-10 00:39:43,435 - 

Error starting ApplicationContext. To display the auto-configuration report re-run your application with 'debug' enabled.
2017-12-10 00:41:52,335 - Starting ProductCategoryRepositoryTest on jiangqianghuadeMacBook-Pro.local with PID 1329 (started by jiangqianghua in /Users/jiangqianghua/Documents/workspace/wxshop)
2017-12-10 00:41:52,350 - No active profile set, falling back to default profiles: default
2017-12-10 00:41:52,499 - Refreshing org.springframework.web.context.support.GenericWebApplicationContext@1bc715b8: startup date [Sun Dec 10 00:41:52 CST 2017]; root of context hierarchy
2017-12-10 00:41:53,449 - HV000001: Hibernate Validator 5.3.5.Final
2017-12-10 00:41:59,310 - Building JPA container EntityManagerFactory for persistence unit 'default'
2017-12-10 00:41:59,391 - HHH000204: Processing PersistenceUnitInfo [
	name: default
	...]
2017-12-10 00:41:59,790 - HHH000412: Hibernate Core {5.0.12.Final}
2017-12-10 00:41:59,799 - HHH000206: hibernate.properties not found
2017-12-10 00:41:59,802 - HHH000021: Bytecode provider name : javassist
2017-12-10 00:41:59,949 - HCANN000001: Hibernate Commons Annotations {5.0.1.Final}
2017-12-10 00:42:00,338 - HHH000400: Using dialect: org.hibernate.dialect.MySQL5Dialect
2017-12-10 00:42:02,099 - Initialized JPA EntityManagerFactory for persistence unit 'default'
2017-12-10 00:42:03,359 - ClassTemplateLoader for Spring macros added to FreeMarker configuration
2017-12-10 00:42:03,468 - Exception encountered during context initialization - cancelling refresh attempt: org.springframework.beans.factory.UnsatisfiedDependencyException: Error creating bean with name 'orderServiceImpl': Unsatisfied dependency expressed through field 'orderMasterRepository'; nested exception is org.springframework.beans.factory.BeanCreationException: Error creating bean with name 'orderMasterRepository': Invocation of init method failed; nested exception is org.springframework.data.mapping.PropertyReferenceException: No property id found for type OrderMaster!
2017-12-10 00:42:03,470 - Closing JPA EntityManagerFactory for persistence unit 'default'
2017-12-10 00:42:03,499 - 

Error starting ApplicationContext. To display the auto-configuration report re-run your application with 'debug' enabled.
2017-12-10 00:43:27,537 - Starting ProductCategoryRepositoryTest on jiangqianghuadeMacBook-Pro.local with PID 1330 (started by jiangqianghua in /Users/jiangqianghua/Documents/workspace/wxshop)
2017-12-10 00:43:27,540 - No active profile set, falling back to default profiles: default
2017-12-10 00:43:27,621 - Refreshing org.springframework.web.context.support.GenericWebApplicationContext@292d1c71: startup date [Sun Dec 10 00:43:27 CST 2017]; root of context hierarchy
2017-12-10 00:43:28,292 - HV000001: Hibernate Validator 5.3.5.Final
2017-12-10 00:43:31,621 - Building JPA container EntityManagerFactory for persistence unit 'default'
2017-12-10 00:43:31,646 - HHH000204: Processing PersistenceUnitInfo [
	name: default
	...]
2017-12-10 00:43:31,771 - HHH000412: Hibernate Core {5.0.12.Final}
2017-12-10 00:43:31,774 - HHH000206: hibernate.properties not found
2017-12-10 00:43:31,777 - HHH000021: Bytecode provider name : javassist
2017-12-10 00:43:31,834 - HCANN000001: Hibernate Commons Annotations {5.0.1.Final}
2017-12-10 00:43:32,064 - HHH000400: Using dialect: org.hibernate.dialect.MySQL5Dialect
2017-12-10 00:43:33,083 - Initialized JPA EntityManagerFactory for persistence unit 'default'
2017-12-10 00:43:33,913 - ClassTemplateLoader for Spring macros added to FreeMarker configuration
2017-12-10 00:43:34,056 - Exception encountered during context initialization - cancelling refresh attempt: org.springframework.beans.factory.UnsatisfiedDependencyException: Error creating bean with name 'orderServiceImpl': Unsatisfied dependency expressed through field 'orderMasterRepository'; nested exception is org.springframework.beans.factory.BeanCreationException: Error creating bean with name 'orderMasterRepository': Invocation of init method failed; nested exception is org.springframework.data.mapping.PropertyReferenceException: No property id found for type OrderMaster!
2017-12-10 00:43:34,057 - Closing JPA EntityManagerFactory for persistence unit 'default'
2017-12-10 00:43:34,079 - 

Error starting ApplicationContext. To display the auto-configuration report re-run your application with 'debug' enabled.
2017-12-10 00:43:45,557 - Starting ProductCategoryRepositoryTest on jiangqianghuadeMacBook-Pro.local with PID 1331 (started by jiangqianghua in /Users/jiangqianghua/Documents/workspace/wxshop)
2017-12-10 00:43:45,560 - No active profile set, falling back to default profiles: default
2017-12-10 00:43:45,663 - Refreshing org.springframework.web.context.support.GenericWebApplicationContext@1bc715b8: startup date [Sun Dec 10 00:43:45 CST 2017]; root of context hierarchy
2017-12-10 00:43:46,437 - HV000001: Hibernate Validator 5.3.5.Final
2017-12-10 00:43:49,859 - Building JPA container EntityManagerFactory for persistence unit 'default'
2017-12-10 00:43:49,898 - HHH000204: Processing PersistenceUnitInfo [
	name: default
	...]
2017-12-10 00:43:50,109 - HHH000412: Hibernate Core {5.0.12.Final}
2017-12-10 00:43:50,112 - HHH000206: hibernate.properties not found
2017-12-10 00:43:50,115 - HHH000021: Bytecode provider name : javassist
2017-12-10 00:43:50,212 - HCANN000001: Hibernate Commons Annotations {5.0.1.Final}
2017-12-10 00:43:50,599 - HHH000400: Using dialect: org.hibernate.dialect.MySQL5Dialect
2017-12-10 00:43:51,918 - Initialized JPA EntityManagerFactory for persistence unit 'default'
2017-12-10 00:43:52,833 - ClassTemplateLoader for Spring macros added to FreeMarker configuration
2017-12-10 00:43:52,976 - Exception encountered during context initialization - cancelling refresh attempt: org.springframework.beans.factory.UnsatisfiedDependencyException: Error creating bean with name 'orderServiceImpl': Unsatisfied dependency expressed through field 'orderMasterRepository'; nested exception is org.springframework.beans.factory.BeanCreationException: Error creating bean with name 'orderMasterRepository': Invocation of init method failed; nested exception is org.springframework.data.mapping.PropertyReferenceException: No property id found for type OrderMaster!
2017-12-10 00:43:52,977 - Closing JPA EntityManagerFactory for persistence unit 'default'
2017-12-10 00:43:53,026 - 

Error starting ApplicationContext. To display the auto-configuration report re-run your application with 'debug' enabled.
2017-12-10 00:45:54,006 - Starting ProductCategoryRepositoryTest on jiangqianghuadeMacBook-Pro.local with PID 1332 (started by jiangqianghua in /Users/jiangqianghua/Documents/workspace/wxshop)
2017-12-10 00:45:54,007 - No active profile set, falling back to default profiles: default
2017-12-10 00:45:54,098 - Refreshing org.springframework.web.context.support.GenericWebApplicationContext@292d1c71: startup date [Sun Dec 10 00:45:54 CST 2017]; root of context hierarchy
2017-12-10 00:45:54,991 - HV000001: Hibernate Validator 5.3.5.Final
2017-12-10 00:45:58,138 - Building JPA container EntityManagerFactory for persistence unit 'default'
2017-12-10 00:45:58,163 - HHH000204: Processing PersistenceUnitInfo [
	name: default
	...]
2017-12-10 00:45:58,380 - HHH000412: Hibernate Core {5.0.12.Final}
2017-12-10 00:45:58,383 - HHH000206: hibernate.properties not found
2017-12-10 00:45:58,385 - HHH000021: Bytecode provider name : javassist
2017-12-10 00:45:58,457 - HCANN000001: Hibernate Commons Annotations {5.0.1.Final}
2017-12-10 00:45:58,638 - HHH000400: Using dialect: org.hibernate.dialect.MySQL5Dialect
2017-12-10 00:45:59,554 - Initialized JPA EntityManagerFactory for persistence unit 'default'
2017-12-10 00:46:00,423 - ClassTemplateLoader for Spring macros added to FreeMarker configuration
2017-12-10 00:46:01,988 - Looking for @ControllerAdvice: org.springframework.web.context.support.GenericWebApplicationContext@292d1c71: startup date [Sun Dec 10 00:45:54 CST 2017]; root of context hierarchy
2017-12-10 00:46:02,215 - Mapped "{[/buyer/product/list],methods=[GET]}" onto public com.jiang.wxshop.vo.ResultVo com.jiang.wxshop.controller.BuyerProductController.list()
2017-12-10 00:46:02,219 - Mapped "{[/list]}" onto public java.lang.String com.jiang.wxshop.controller.FreeMarkerController.list(java.util.Map<java.lang.String, java.lang.Object>)
2017-12-10 00:46:02,220 - Mapped "{[/map]}" onto public java.lang.String com.jiang.wxshop.controller.FreeMarkerController.map(java.util.Map<java.lang.String, java.lang.Object>)
2017-12-10 00:46:02,220 - Mapped "{[/role]}" onto public java.lang.String com.jiang.wxshop.controller.FreeMarkerController.role(java.util.Map<java.lang.String, java.lang.Object>)
2017-12-10 00:46:02,221 - Mapped "{[/welcome]}" onto public java.lang.String com.jiang.wxshop.controller.FreeMarkerController.hello(java.util.Map<java.lang.String, java.lang.Object>)
2017-12-10 00:46:02,225 - Mapped "{[/error]}" onto public org.springframework.http.ResponseEntity<java.util.Map<java.lang.String, java.lang.Object>> org.springframework.boot.autoconfigure.web.BasicErrorController.error(javax.servlet.http.HttpServletRequest)
2017-12-10 00:46:02,225 - Mapped "{[/error],produces=[text/html]}" onto public org.springframework.web.servlet.ModelAndView org.springframework.boot.autoconfigure.web.BasicErrorController.errorHtml(javax.servlet.http.HttpServletRequest,javax.servlet.http.HttpServletResponse)
2017-12-10 00:46:02,305 - Mapped URL path [/webjars/**] onto handler of type [class org.springframework.web.servlet.resource.ResourceHttpRequestHandler]
2017-12-10 00:46:02,306 - Mapped URL path [/**] onto handler of type [class org.springframework.web.servlet.resource.ResourceHttpRequestHandler]
2017-12-10 00:46:02,407 - Mapped URL path [/**/favicon.ico] onto handler of type [class org.springframework.web.servlet.resource.ResourceHttpRequestHandler]
2017-12-10 00:46:03,380 - Started ProductCategoryRepositoryTest in 10.44 seconds (JVM running for 11.767)
2017-12-10 00:46:15,284 - Closing org.springframework.web.context.support.GenericWebApplicationContext@292d1c71: startup date [Sun Dec 10 00:45:54 CST 2017]; root of context hierarchy
2017-12-10 00:46:15,293 - Closing JPA EntityManagerFactory for persistence unit 'default'
2017-12-10 00:47:21,418 - Starting OrderMasterRepositoryTest on jiangqianghuadeMacBook-Pro.local with PID 1333 (started by jiangqianghua in /Users/jiangqianghua/Documents/workspace/wxshop)
2017-12-10 00:47:21,419 - No active profile set, falling back to default profiles: default
2017-12-10 00:47:21,491 - Refreshing org.springframework.web.context.support.GenericWebApplicationContext@5ddabb18: startup date [Sun Dec 10 00:47:21 CST 2017]; root of context hierarchy
2017-12-10 00:47:22,241 - HV000001: Hibernate Validator 5.3.5.Final
2017-12-10 00:47:26,145 - Building JPA container EntityManagerFactory for persistence unit 'default'
2017-12-10 00:47:26,176 - HHH000204: Processing PersistenceUnitInfo [
	name: default
	...]
2017-12-10 00:47:26,351 - HHH000412: Hibernate Core {5.0.12.Final}
2017-12-10 00:47:26,353 - HHH000206: hibernate.properties not found
2017-12-10 00:47:26,356 - HHH000021: Bytecode provider name : javassist
2017-12-10 00:47:26,437 - HCANN000001: Hibernate Commons Annotations {5.0.1.Final}
2017-12-10 00:47:26,740 - HHH000400: Using dialect: org.hibernate.dialect.MySQL5Dialect
2017-12-10 00:47:27,837 - Initialized JPA EntityManagerFactory for persistence unit 'default'
2017-12-10 00:47:29,116 - ClassTemplateLoader for Spring macros added to FreeMarker configuration
2017-12-10 00:47:30,715 - Looking for @ControllerAdvice: org.springframework.web.context.support.GenericWebApplicationContext@5ddabb18: startup date [Sun Dec 10 00:47:21 CST 2017]; root of context hierarchy
2017-12-10 00:47:30,900 - Mapped "{[/buyer/product/list],methods=[GET]}" onto public com.jiang.wxshop.vo.ResultVo com.jiang.wxshop.controller.BuyerProductController.list()
2017-12-10 00:47:30,906 - Mapped "{[/list]}" onto public java.lang.String com.jiang.wxshop.controller.FreeMarkerController.list(java.util.Map<java.lang.String, java.lang.Object>)
2017-12-10 00:47:30,907 - Mapped "{[/map]}" onto public java.lang.String com.jiang.wxshop.controller.FreeMarkerController.map(java.util.Map<java.lang.String, java.lang.Object>)
2017-12-10 00:47:30,908 - Mapped "{[/welcome]}" onto public java.lang.String com.jiang.wxshop.controller.FreeMarkerController.hello(java.util.Map<java.lang.String, java.lang.Object>)
2017-12-10 00:47:30,908 - Mapped "{[/role]}" onto public java.lang.String com.jiang.wxshop.controller.FreeMarkerController.role(java.util.Map<java.lang.String, java.lang.Object>)
2017-12-10 00:47:30,914 - Mapped "{[/error]}" onto public org.springframework.http.ResponseEntity<java.util.Map<java.lang.String, java.lang.Object>> org.springframework.boot.autoconfigure.web.BasicErrorController.error(javax.servlet.http.HttpServletRequest)
2017-12-10 00:47:30,916 - Mapped "{[/error],produces=[text/html]}" onto public org.springframework.web.servlet.ModelAndView org.springframework.boot.autoconfigure.web.BasicErrorController.errorHtml(javax.servlet.http.HttpServletRequest,javax.servlet.http.HttpServletResponse)
2017-12-10 00:47:30,997 - Mapped URL path [/webjars/**] onto handler of type [class org.springframework.web.servlet.resource.ResourceHttpRequestHandler]
2017-12-10 00:47:30,997 - Mapped URL path [/**] onto handler of type [class org.springframework.web.servlet.resource.ResourceHttpRequestHandler]
2017-12-10 00:47:31,143 - Mapped URL path [/**/favicon.ico] onto handler of type [class org.springframework.web.servlet.resource.ResourceHttpRequestHandler]
2017-12-10 00:47:31,995 - Started OrderMasterRepositoryTest in 11.404 seconds (JVM running for 12.827)
2017-12-10 00:47:52,210 - Closing org.springframework.web.context.support.GenericWebApplicationContext@5ddabb18: startup date [Sun Dec 10 00:47:21 CST 2017]; root of context hierarchy
2017-12-10 00:47:52,255 - Closing JPA EntityManagerFactory for persistence unit 'default'
2017-12-10 00:48:40,148 - Starting OrderServiceImplTest on jiangqianghuadeMacBook-Pro.local with PID 1336 (started by jiangqianghua in /Users/jiangqianghua/Documents/workspace/wxshop)
2017-12-10 00:48:40,149 - No active profile set, falling back to default profiles: default
2017-12-10 00:48:40,239 - Refreshing org.springframework.web.context.support.GenericWebApplicationContext@71984c3: startup date [Sun Dec 10 00:48:40 CST 2017]; root of context hierarchy
2017-12-10 00:48:41,051 - HV000001: Hibernate Validator 5.3.5.Final
2017-12-10 00:48:44,525 - Building JPA container EntityManagerFactory for persistence unit 'default'
2017-12-10 00:48:44,554 - HHH000204: Processing PersistenceUnitInfo [
	name: default
	...]
2017-12-10 00:48:44,707 - HHH000412: Hibernate Core {5.0.12.Final}
2017-12-10 00:48:44,709 - HHH000206: hibernate.properties not found
2017-12-10 00:48:44,711 - HHH000021: Bytecode provider name : javassist
2017-12-10 00:48:44,782 - HCANN000001: Hibernate Commons Annotations {5.0.1.Final}
2017-12-10 00:48:45,081 - HHH000400: Using dialect: org.hibernate.dialect.MySQL5Dialect
2017-12-10 00:48:46,217 - Initialized JPA EntityManagerFactory for persistence unit 'default'
2017-12-10 00:48:47,147 - ClassTemplateLoader for Spring macros added to FreeMarker configuration
2017-12-10 00:48:48,494 - Looking for @ControllerAdvice: org.springframework.web.context.support.GenericWebApplicationContext@71984c3: startup date [Sun Dec 10 00:48:40 CST 2017]; root of context hierarchy
2017-12-10 00:48:48,680 - Mapped "{[/buyer/product/list],methods=[GET]}" onto public com.jiang.wxshop.vo.ResultVo com.jiang.wxshop.controller.BuyerProductController.list()
2017-12-10 00:48:48,683 - Mapped "{[/list]}" onto public java.lang.String com.jiang.wxshop.controller.FreeMarkerController.list(java.util.Map<java.lang.String, java.lang.Object>)
2017-12-10 00:48:48,684 - Mapped "{[/map]}" onto public java.lang.String com.jiang.wxshop.controller.FreeMarkerController.map(java.util.Map<java.lang.String, java.lang.Object>)
2017-12-10 00:48:48,685 - Mapped "{[/role]}" onto public java.lang.String com.jiang.wxshop.controller.FreeMarkerController.role(java.util.Map<java.lang.String, java.lang.Object>)
2017-12-10 00:48:48,685 - Mapped "{[/welcome]}" onto public java.lang.String com.jiang.wxshop.controller.FreeMarkerController.hello(java.util.Map<java.lang.String, java.lang.Object>)
2017-12-10 00:48:48,693 - Mapped "{[/error]}" onto public org.springframework.http.ResponseEntity<java.util.Map<java.lang.String, java.lang.Object>> org.springframework.boot.autoconfigure.web.BasicErrorController.error(javax.servlet.http.HttpServletRequest)
2017-12-10 00:48:48,694 - Mapped "{[/error],produces=[text/html]}" onto public org.springframework.web.servlet.ModelAndView org.springframework.boot.autoconfigure.web.BasicErrorController.errorHtml(javax.servlet.http.HttpServletRequest,javax.servlet.http.HttpServletResponse)
2017-12-10 00:48:48,794 - Mapped URL path [/webjars/**] onto handler of type [class org.springframework.web.servlet.resource.ResourceHttpRequestHandler]
2017-12-10 00:48:48,794 - Mapped URL path [/**] onto handler of type [class org.springframework.web.servlet.resource.ResourceHttpRequestHandler]
2017-12-10 00:48:48,897 - Mapped URL path [/**/favicon.ico] onto handler of type [class org.springframework.web.servlet.resource.ResourceHttpRequestHandler]
2017-12-10 00:48:49,786 - Started OrderServiceImplTest in 10.701 seconds (JVM running for 12.324)
2017-12-10 00:49:04,278 - HHH000397: Using ASTQueryTranslatorFactory
2017-12-10 00:49:50,666 - Closing org.springframework.web.context.support.GenericWebApplicationContext@71984c3: startup date [Sun Dec 10 00:48:40 CST 2017]; root of context hierarchy
2017-12-10 00:49:50,694 - Closing JPA EntityManagerFactory for persistence unit 'default'
2017-12-10 00:50:16,357 - Starting OrderDetailRepositoryTest on jiangqianghuadeMacBook-Pro.local with PID 1337 (started by jiangqianghua in /Users/jiangqianghua/Documents/workspace/wxshop)
2017-12-10 00:50:16,358 - No active profile set, falling back to default profiles: default
2017-12-10 00:50:16,453 - Refreshing org.springframework.web.context.support.GenericWebApplicationContext@2b491fee: startup date [Sun Dec 10 00:50:16 CST 2017]; root of context hierarchy
2017-12-10 00:50:17,009 - HV000001: Hibernate Validator 5.3.5.Final
2017-12-10 00:50:20,321 - Building JPA container EntityManagerFactory for persistence unit 'default'
2017-12-10 00:50:20,358 - HHH000204: Processing PersistenceUnitInfo [
	name: default
	...]
2017-12-10 00:50:20,517 - HHH000412: Hibernate Core {5.0.12.Final}
2017-12-10 00:50:20,520 - HHH000206: hibernate.properties not found
2017-12-10 00:50:20,523 - HHH000021: Bytecode provider name : javassist
2017-12-10 00:50:20,633 - HCANN000001: Hibernate Commons Annotations {5.0.1.Final}
2017-12-10 00:50:20,955 - HHH000400: Using dialect: org.hibernate.dialect.MySQL5Dialect
2017-12-10 00:50:22,010 - Initialized JPA EntityManagerFactory for persistence unit 'default'
2017-12-10 00:50:22,704 - ClassTemplateLoader for Spring macros added to FreeMarker configuration
2017-12-10 00:50:23,876 - Looking for @ControllerAdvice: org.springframework.web.context.support.GenericWebApplicationContext@2b491fee: startup date [Sun Dec 10 00:50:16 CST 2017]; root of context hierarchy
2017-12-10 00:50:24,050 - Mapped "{[/buyer/product/list],methods=[GET]}" onto public com.jiang.wxshop.vo.ResultVo com.jiang.wxshop.controller.BuyerProductController.list()
2017-12-10 00:50:24,054 - Mapped "{[/list]}" onto public java.lang.String com.jiang.wxshop.controller.FreeMarkerController.list(java.util.Map<java.lang.String, java.lang.Object>)
2017-12-10 00:50:24,055 - Mapped "{[/map]}" onto public java.lang.String com.jiang.wxshop.controller.FreeMarkerController.map(java.util.Map<java.lang.String, java.lang.Object>)
2017-12-10 00:50:24,056 - Mapped "{[/role]}" onto public java.lang.String com.jiang.wxshop.controller.FreeMarkerController.role(java.util.Map<java.lang.String, java.lang.Object>)
2017-12-10 00:50:24,056 - Mapped "{[/welcome]}" onto public java.lang.String com.jiang.wxshop.controller.FreeMarkerController.hello(java.util.Map<java.lang.String, java.lang.Object>)
2017-12-10 00:50:24,062 - Mapped "{[/error]}" onto public org.springframework.http.ResponseEntity<java.util.Map<java.lang.String, java.lang.Object>> org.springframework.boot.autoconfigure.web.BasicErrorController.error(javax.servlet.http.HttpServletRequest)
2017-12-10 00:50:24,063 - Mapped "{[/error],produces=[text/html]}" onto public org.springframework.web.servlet.ModelAndView org.springframework.boot.autoconfigure.web.BasicErrorController.errorHtml(javax.servlet.http.HttpServletRequest,javax.servlet.http.HttpServletResponse)
2017-12-10 00:50:24,135 - Mapped URL path [/webjars/**] onto handler of type [class org.springframework.web.servlet.resource.ResourceHttpRequestHandler]
2017-12-10 00:50:24,135 - Mapped URL path [/**] onto handler of type [class org.springframework.web.servlet.resource.ResourceHttpRequestHandler]
2017-12-10 00:50:24,234 - Mapped URL path [/**/favicon.ico] onto handler of type [class org.springframework.web.servlet.resource.ResourceHttpRequestHandler]
2017-12-10 00:50:25,126 - Started OrderDetailRepositoryTest in 9.49 seconds (JVM running for 11.253)
2017-12-10 00:50:31,107 - HHH000397: Using ASTQueryTranslatorFactory
2017-12-10 00:54:00,885 - Starting OrderServiceImplTest on jiangqianghuadeMacBook-Pro.local with PID 1339 (started by jiangqianghua in /Users/jiangqianghua/Documents/workspace/wxshop)
2017-12-10 00:54:00,900 - No active profile set, falling back to default profiles: default
2017-12-10 00:54:01,069 - Refreshing org.springframework.web.context.support.GenericWebApplicationContext@48075da3: startup date [Sun Dec 10 00:54:01 CST 2017]; root of context hierarchy
2017-12-10 00:54:02,100 - HV000001: Hibernate Validator 5.3.5.Final
2017-12-10 00:54:06,559 - Building JPA container EntityManagerFactory for persistence unit 'default'
2017-12-10 00:54:06,611 - HHH000204: Processing PersistenceUnitInfo [
	name: default
	...]
2017-12-10 00:54:06,902 - HHH000412: Hibernate Core {5.0.12.Final}
2017-12-10 00:54:06,904 - HHH000206: hibernate.properties not found
2017-12-10 00:54:06,906 - HHH000021: Bytecode provider name : javassist
2017-12-10 00:54:07,003 - HCANN000001: Hibernate Commons Annotations {5.0.1.Final}
2017-12-10 00:54:07,318 - HHH000400: Using dialect: org.hibernate.dialect.MySQL5Dialect
2017-12-10 00:54:08,639 - Initialized JPA EntityManagerFactory for persistence unit 'default'
2017-12-10 00:54:09,604 - ClassTemplateLoader for Spring macros added to FreeMarker configuration
2017-12-10 00:54:10,795 - Looking for @ControllerAdvice: org.springframework.web.context.support.GenericWebApplicationContext@48075da3: startup date [Sun Dec 10 00:54:01 CST 2017]; root of context hierarchy
2017-12-10 00:54:10,932 - Mapped "{[/buyer/product/list],methods=[GET]}" onto public com.jiang.wxshop.vo.ResultVo com.jiang.wxshop.controller.BuyerProductController.list()
2017-12-10 00:54:10,935 - Mapped "{[/list]}" onto public java.lang.String com.jiang.wxshop.controller.FreeMarkerController.list(java.util.Map<java.lang.String, java.lang.Object>)
2017-12-10 00:54:10,936 - Mapped "{[/map]}" onto public java.lang.String com.jiang.wxshop.controller.FreeMarkerController.map(java.util.Map<java.lang.String, java.lang.Object>)
2017-12-10 00:54:10,936 - Mapped "{[/role]}" onto public java.lang.String com.jiang.wxshop.controller.FreeMarkerController.role(java.util.Map<java.lang.String, java.lang.Object>)
2017-12-10 00:54:10,937 - Mapped "{[/welcome]}" onto public java.lang.String com.jiang.wxshop.controller.FreeMarkerController.hello(java.util.Map<java.lang.String, java.lang.Object>)
2017-12-10 00:54:10,941 - Mapped "{[/error]}" onto public org.springframework.http.ResponseEntity<java.util.Map<java.lang.String, java.lang.Object>> org.springframework.boot.autoconfigure.web.BasicErrorController.error(javax.servlet.http.HttpServletRequest)
2017-12-10 00:54:10,941 - Mapped "{[/error],produces=[text/html]}" onto public org.springframework.web.servlet.ModelAndView org.springframework.boot.autoconfigure.web.BasicErrorController.errorHtml(javax.servlet.http.HttpServletRequest,javax.servlet.http.HttpServletResponse)
2017-12-10 00:54:10,996 - Mapped URL path [/webjars/**] onto handler of type [class org.springframework.web.servlet.resource.ResourceHttpRequestHandler]
2017-12-10 00:54:10,996 - Mapped URL path [/**] onto handler of type [class org.springframework.web.servlet.resource.ResourceHttpRequestHandler]
2017-12-10 00:54:11,063 - Mapped URL path [/**/favicon.ico] onto handler of type [class org.springframework.web.servlet.resource.ResourceHttpRequestHandler]
2017-12-10 00:54:11,664 - Started OrderServiceImplTest in 12.109 seconds (JVM running for 13.136)
2017-12-10 00:54:12,100 - HHH000397: Using ASTQueryTranslatorFactory
2017-12-10 00:54:12,367 - Closing org.springframework.web.context.support.GenericWebApplicationContext@48075da3: startup date [Sun Dec 10 00:54:01 CST 2017]; root of context hierarchy
2017-12-10 00:54:12,374 - Closing JPA EntityManagerFactory for persistence unit 'default'
2017-12-10 10:21:06,850 - Starting OrderServiceImplTest on jiangqianghuadeMacBook-Pro.local with PID 553 (started by jiangqianghua in /Users/jiangqianghua/Documents/workspace/wxshop)
2017-12-10 10:21:06,869 - No active profile set, falling back to default profiles: default
2017-12-10 10:21:07,783 - Refreshing org.springframework.web.context.support.GenericWebApplicationContext@6caf0677: startup date [Sun Dec 10 10:21:07 CST 2017]; root of context hierarchy
2017-12-10 10:21:11,965 - HV000001: Hibernate Validator 5.3.5.Final
2017-12-10 10:21:18,374 - Building JPA container EntityManagerFactory for persistence unit 'default'
2017-12-10 10:21:18,436 - HHH000204: Processing PersistenceUnitInfo [
	name: default
	...]
2017-12-10 10:21:18,800 - HHH000412: Hibernate Core {5.0.12.Final}
2017-12-10 10:21:18,803 - HHH000206: hibernate.properties not found
2017-12-10 10:21:18,805 - HHH000021: Bytecode provider name : javassist
2017-12-10 10:21:19,011 - HCANN000001: Hibernate Commons Annotations {5.0.1.Final}
2017-12-10 10:21:19,343 - HHH000400: Using dialect: org.hibernate.dialect.MySQL5Dialect
2017-12-10 10:21:22,065 - Initialized JPA EntityManagerFactory for persistence unit 'default'
2017-12-10 10:21:23,511 - ClassTemplateLoader for Spring macros added to FreeMarker configuration
2017-12-10 10:21:24,831 - Looking for @ControllerAdvice: org.springframework.web.context.support.GenericWebApplicationContext@6caf0677: startup date [Sun Dec 10 10:21:07 CST 2017]; root of context hierarchy
2017-12-10 10:21:25,017 - Mapped "{[/buyer/product/list],methods=[GET]}" onto public com.jiang.wxshop.vo.ResultVo com.jiang.wxshop.controller.BuyerProductController.list()
2017-12-10 10:21:25,020 - Mapped "{[/list]}" onto public java.lang.String com.jiang.wxshop.controller.FreeMarkerController.list(java.util.Map<java.lang.String, java.lang.Object>)
2017-12-10 10:21:25,021 - Mapped "{[/map]}" onto public java.lang.String com.jiang.wxshop.controller.FreeMarkerController.map(java.util.Map<java.lang.String, java.lang.Object>)
2017-12-10 10:21:25,021 - Mapped "{[/role]}" onto public java.lang.String com.jiang.wxshop.controller.FreeMarkerController.role(java.util.Map<java.lang.String, java.lang.Object>)
2017-12-10 10:21:25,021 - Mapped "{[/welcome]}" onto public java.lang.String com.jiang.wxshop.controller.FreeMarkerController.hello(java.util.Map<java.lang.String, java.lang.Object>)
2017-12-10 10:21:25,025 - Mapped "{[/error]}" onto public org.springframework.http.ResponseEntity<java.util.Map<java.lang.String, java.lang.Object>> org.springframework.boot.autoconfigure.web.BasicErrorController.error(javax.servlet.http.HttpServletRequest)
2017-12-10 10:21:25,026 - Mapped "{[/error],produces=[text/html]}" onto public org.springframework.web.servlet.ModelAndView org.springframework.boot.autoconfigure.web.BasicErrorController.errorHtml(javax.servlet.http.HttpServletRequest,javax.servlet.http.HttpServletResponse)
2017-12-10 10:21:25,098 - Mapped URL path [/webjars/**] onto handler of type [class org.springframework.web.servlet.resource.ResourceHttpRequestHandler]
2017-12-10 10:21:25,098 - Mapped URL path [/**] onto handler of type [class org.springframework.web.servlet.resource.ResourceHttpRequestHandler]
2017-12-10 10:21:25,209 - Mapped URL path [/**/favicon.ico] onto handler of type [class org.springframework.web.servlet.resource.ResourceHttpRequestHandler]
2017-12-10 10:21:25,888 - Started OrderServiceImplTest in 22.322 seconds (JVM running for 29.614)
2017-12-10 10:21:26,411 - HHH000397: Using ASTQueryTranslatorFactory
2017-12-10 10:21:27,219 - Closing org.springframework.web.context.support.GenericWebApplicationContext@6caf0677: startup date [Sun Dec 10 10:21:07 CST 2017]; root of context hierarchy
2017-12-10 10:21:27,231 - Closing JPA EntityManagerFactory for persistence unit 'default'
2017-12-10 10:23:02,758 - Starting OrderServiceImplTest on jiangqianghuadeMacBook-Pro.local with PID 561 (started by jiangqianghua in /Users/jiangqianghua/Documents/workspace/wxshop)
2017-12-10 10:23:02,785 - No active profile set, falling back to default profiles: default
2017-12-10 10:23:02,857 - Refreshing org.springframework.web.context.support.GenericWebApplicationContext@71984c3: startup date [Sun Dec 10 10:23:02 CST 2017]; root of context hierarchy
2017-12-10 10:23:03,642 - HV000001: Hibernate Validator 5.3.5.Final
2017-12-10 10:23:07,873 - Building JPA container EntityManagerFactory for persistence unit 'default'
2017-12-10 10:23:07,914 - HHH000204: Processing PersistenceUnitInfo [
	name: default
	...]
2017-12-10 10:23:08,092 - HHH000412: Hibernate Core {5.0.12.Final}
2017-12-10 10:23:08,096 - HHH000206: hibernate.properties not found
2017-12-10 10:23:08,112 - HHH000021: Bytecode provider name : javassist
2017-12-10 10:23:08,222 - HCANN000001: Hibernate Commons Annotations {5.0.1.Final}
2017-12-10 10:23:08,638 - HHH000400: Using dialect: org.hibernate.dialect.MySQL5Dialect
2017-12-10 10:23:09,716 - Initialized JPA EntityManagerFactory for persistence unit 'default'
2017-12-10 10:23:10,685 - ClassTemplateLoader for Spring macros added to FreeMarker configuration
2017-12-10 10:23:11,941 - Looking for @ControllerAdvice: org.springframework.web.context.support.GenericWebApplicationContext@71984c3: startup date [Sun Dec 10 10:23:02 CST 2017]; root of context hierarchy
2017-12-10 10:23:12,117 - Mapped "{[/buyer/product/list],methods=[GET]}" onto public com.jiang.wxshop.vo.ResultVo com.jiang.wxshop.controller.BuyerProductController.list()
2017-12-10 10:23:12,121 - Mapped "{[/list]}" onto public java.lang.String com.jiang.wxshop.controller.FreeMarkerController.list(java.util.Map<java.lang.String, java.lang.Object>)
2017-12-10 10:23:12,158 - Mapped "{[/map]}" onto public java.lang.String com.jiang.wxshop.controller.FreeMarkerController.map(java.util.Map<java.lang.String, java.lang.Object>)
2017-12-10 10:23:12,160 - Mapped "{[/role]}" onto public java.lang.String com.jiang.wxshop.controller.FreeMarkerController.role(java.util.Map<java.lang.String, java.lang.Object>)
2017-12-10 10:23:12,160 - Mapped "{[/welcome]}" onto public java.lang.String com.jiang.wxshop.controller.FreeMarkerController.hello(java.util.Map<java.lang.String, java.lang.Object>)
2017-12-10 10:23:12,166 - Mapped "{[/error]}" onto public org.springframework.http.ResponseEntity<java.util.Map<java.lang.String, java.lang.Object>> org.springframework.boot.autoconfigure.web.BasicErrorController.error(javax.servlet.http.HttpServletRequest)
2017-12-10 10:23:12,170 - Mapped "{[/error],produces=[text/html]}" onto public org.springframework.web.servlet.ModelAndView org.springframework.boot.autoconfigure.web.BasicErrorController.errorHtml(javax.servlet.http.HttpServletRequest,javax.servlet.http.HttpServletResponse)
2017-12-10 10:23:12,260 - Mapped URL path [/webjars/**] onto handler of type [class org.springframework.web.servlet.resource.ResourceHttpRequestHandler]
2017-12-10 10:23:12,261 - Mapped URL path [/**] onto handler of type [class org.springframework.web.servlet.resource.ResourceHttpRequestHandler]
2017-12-10 10:23:12,367 - Mapped URL path [/**/favicon.ico] onto handler of type [class org.springframework.web.servlet.resource.ResourceHttpRequestHandler]
2017-12-10 10:23:13,337 - Started OrderServiceImplTest in 11.537 seconds (JVM running for 14.272)
2017-12-10 10:23:13,541 - HHH000397: Using ASTQueryTranslatorFactory
2017-12-10 10:25:17,639 - Closing org.springframework.web.context.support.GenericWebApplicationContext@71984c3: startup date [Sun Dec 10 10:23:02 CST 2017]; root of context hierarchy
2017-12-10 10:25:17,673 - Closing JPA EntityManagerFactory for persistence unit 'default'
2017-12-10 11:43:25,180 - Starting OrderServiceImplTest on jiangqianghuadeMacBook-Pro.local with PID 621 (started by jiangqianghua in /Users/jiangqianghua/Documents/workspace/wxshop)
2017-12-10 11:43:25,196 - No active profile set, falling back to default profiles: default
2017-12-10 11:43:25,382 - Refreshing org.springframework.web.context.support.GenericWebApplicationContext@1a75e76a: startup date [Sun Dec 10 11:43:25 CST 2017]; root of context hierarchy
2017-12-10 11:43:26,274 - HV000001: Hibernate Validator 5.3.5.Final
2017-12-10 11:43:30,613 - Building JPA container EntityManagerFactory for persistence unit 'default'
2017-12-10 11:43:30,680 - HHH000204: Processing PersistenceUnitInfo [
	name: default
	...]
2017-12-10 11:43:30,994 - HHH000412: Hibernate Core {5.0.12.Final}
2017-12-10 11:43:31,021 - HHH000206: hibernate.properties not found
2017-12-10 11:43:31,026 - HHH000021: Bytecode provider name : javassist
2017-12-10 11:43:31,158 - HCANN000001: Hibernate Commons Annotations {5.0.1.Final}
2017-12-10 11:43:31,694 - HHH000400: Using dialect: org.hibernate.dialect.MySQL5Dialect
2017-12-10 11:43:32,979 - Initialized JPA EntityManagerFactory for persistence unit 'default'
2017-12-10 11:43:33,926 - ClassTemplateLoader for Spring macros added to FreeMarker configuration
2017-12-10 11:43:35,071 - Looking for @ControllerAdvice: org.springframework.web.context.support.GenericWebApplicationContext@1a75e76a: startup date [Sun Dec 10 11:43:25 CST 2017]; root of context hierarchy
2017-12-10 11:43:35,242 - Mapped "{[/buyer/product/list],methods=[GET]}" onto public com.jiang.wxshop.vo.ResultVo com.jiang.wxshop.controller.BuyerProductController.list()
2017-12-10 11:43:35,245 - Mapped "{[/list]}" onto public java.lang.String com.jiang.wxshop.controller.FreeMarkerController.list(java.util.Map<java.lang.String, java.lang.Object>)
2017-12-10 11:43:35,246 - Mapped "{[/map]}" onto public java.lang.String com.jiang.wxshop.controller.FreeMarkerController.map(java.util.Map<java.lang.String, java.lang.Object>)
2017-12-10 11:43:35,267 - Mapped "{[/welcome]}" onto public java.lang.String com.jiang.wxshop.controller.FreeMarkerController.hello(java.util.Map<java.lang.String, java.lang.Object>)
2017-12-10 11:43:35,267 - Mapped "{[/role]}" onto public java.lang.String com.jiang.wxshop.controller.FreeMarkerController.role(java.util.Map<java.lang.String, java.lang.Object>)
2017-12-10 11:43:35,271 - Mapped "{[/error]}" onto public org.springframework.http.ResponseEntity<java.util.Map<java.lang.String, java.lang.Object>> org.springframework.boot.autoconfigure.web.BasicErrorController.error(javax.servlet.http.HttpServletRequest)
2017-12-10 11:43:35,272 - Mapped "{[/error],produces=[text/html]}" onto public org.springframework.web.servlet.ModelAndView org.springframework.boot.autoconfigure.web.BasicErrorController.errorHtml(javax.servlet.http.HttpServletRequest,javax.servlet.http.HttpServletResponse)
2017-12-10 11:43:35,321 - Mapped URL path [/webjars/**] onto handler of type [class org.springframework.web.servlet.resource.ResourceHttpRequestHandler]
2017-12-10 11:43:35,321 - Mapped URL path [/**] onto handler of type [class org.springframework.web.servlet.resource.ResourceHttpRequestHandler]
2017-12-10 11:43:35,555 - Mapped URL path [/**/favicon.ico] onto handler of type [class org.springframework.web.servlet.resource.ResourceHttpRequestHandler]
2017-12-10 11:43:36,128 - Started OrderServiceImplTest in 12.433 seconds (JVM running for 13.778)
2017-12-10 11:43:36,587 - HHH000397: Using ASTQueryTranslatorFactory
2017-12-10 11:43:37,049 - Closing org.springframework.web.context.support.GenericWebApplicationContext@1a75e76a: startup date [Sun Dec 10 11:43:25 CST 2017]; root of context hierarchy
2017-12-10 11:43:37,054 - Closing JPA EntityManagerFactory for persistence unit 'default'
2017-12-10 12:01:28,023 - Starting OrderServiceImplTest on jiangqianghuadeMacBook-Pro.local with PID 633 (started by jiangqianghua in /Users/jiangqianghua/Documents/workspace/wxshop)
2017-12-10 12:01:28,037 - No active profile set, falling back to default profiles: default
2017-12-10 12:01:28,182 - Refreshing org.springframework.web.context.support.GenericWebApplicationContext@5524cca1: startup date [Sun Dec 10 12:01:28 CST 2017]; root of context hierarchy
2017-12-10 12:01:29,016 - HV000001: Hibernate Validator 5.3.5.Final
2017-12-10 12:01:33,672 - Building JPA container EntityManagerFactory for persistence unit 'default'
2017-12-10 12:01:33,734 - HHH000204: Processing PersistenceUnitInfo [
	name: default
	...]
2017-12-10 12:01:34,122 - HHH000412: Hibernate Core {5.0.12.Final}
2017-12-10 12:01:34,138 - HHH000206: hibernate.properties not found
2017-12-10 12:01:34,141 - HHH000021: Bytecode provider name : javassist
2017-12-10 12:01:34,264 - HCANN000001: Hibernate Commons Annotations {5.0.1.Final}
2017-12-10 12:01:34,639 - HHH000400: Using dialect: org.hibernate.dialect.MySQL5Dialect
2017-12-10 12:01:36,939 - Initialized JPA EntityManagerFactory for persistence unit 'default'
2017-12-10 12:01:38,062 - ClassTemplateLoader for Spring macros added to FreeMarker configuration
2017-12-10 12:01:39,194 - Looking for @ControllerAdvice: org.springframework.web.context.support.GenericWebApplicationContext@5524cca1: startup date [Sun Dec 10 12:01:28 CST 2017]; root of context hierarchy
2017-12-10 12:01:39,342 - Mapped "{[/buyer/product/list],methods=[GET]}" onto public com.jiang.wxshop.vo.ResultVo com.jiang.wxshop.controller.BuyerProductController.list()
2017-12-10 12:01:39,345 - Mapped "{[/list]}" onto public java.lang.String com.jiang.wxshop.controller.FreeMarkerController.list(java.util.Map<java.lang.String, java.lang.Object>)
2017-12-10 12:01:39,346 - Mapped "{[/map]}" onto public java.lang.String com.jiang.wxshop.controller.FreeMarkerController.map(java.util.Map<java.lang.String, java.lang.Object>)
2017-12-10 12:01:39,346 - Mapped "{[/welcome]}" onto public java.lang.String com.jiang.wxshop.controller.FreeMarkerController.hello(java.util.Map<java.lang.String, java.lang.Object>)
2017-12-10 12:01:39,346 - Mapped "{[/role]}" onto public java.lang.String com.jiang.wxshop.controller.FreeMarkerController.role(java.util.Map<java.lang.String, java.lang.Object>)
2017-12-10 12:01:39,355 - Mapped "{[/error]}" onto public org.springframework.http.ResponseEntity<java.util.Map<java.lang.String, java.lang.Object>> org.springframework.boot.autoconfigure.web.BasicErrorController.error(javax.servlet.http.HttpServletRequest)
2017-12-10 12:01:39,356 - Mapped "{[/error],produces=[text/html]}" onto public org.springframework.web.servlet.ModelAndView org.springframework.boot.autoconfigure.web.BasicErrorController.errorHtml(javax.servlet.http.HttpServletRequest,javax.servlet.http.HttpServletResponse)
2017-12-10 12:01:39,422 - Mapped URL path [/webjars/**] onto handler of type [class org.springframework.web.servlet.resource.ResourceHttpRequestHandler]
2017-12-10 12:01:39,423 - Mapped URL path [/**] onto handler of type [class org.springframework.web.servlet.resource.ResourceHttpRequestHandler]
2017-12-10 12:01:39,490 - Mapped URL path [/**/favicon.ico] onto handler of type [class org.springframework.web.servlet.resource.ResourceHttpRequestHandler]
2017-12-10 12:01:40,106 - Started OrderServiceImplTest in 13.716 seconds (JVM running for 16.679)
2017-12-10 12:01:40,657 - HHH000397: Using ASTQueryTranslatorFactory
2017-12-10 12:01:41,186 - Closing org.springframework.web.context.support.GenericWebApplicationContext@5524cca1: startup date [Sun Dec 10 12:01:28 CST 2017]; root of context hierarchy
2017-12-10 12:01:41,190 - Closing JPA EntityManagerFactory for persistence unit 'default'
2017-12-10 12:02:31,302 - Starting OrderServiceImplTest on jiangqianghuadeMacBook-Pro.local with PID 634 (started by jiangqianghua in /Users/jiangqianghua/Documents/workspace/wxshop)
2017-12-10 12:02:31,314 - No active profile set, falling back to default profiles: default
2017-12-10 12:02:31,352 - Refreshing org.springframework.web.context.support.GenericWebApplicationContext@5524cca1: startup date [Sun Dec 10 12:02:31 CST 2017]; root of context hierarchy
2017-12-10 12:02:32,060 - HV000001: Hibernate Validator 5.3.5.Final
2017-12-10 12:02:34,715 - Building JPA container EntityManagerFactory for persistence unit 'default'
2017-12-10 12:02:34,738 - HHH000204: Processing PersistenceUnitInfo [
	name: default
	...]
2017-12-10 12:02:34,873 - HHH000412: Hibernate Core {5.0.12.Final}
2017-12-10 12:02:34,875 - HHH000206: hibernate.properties not found
2017-12-10 12:02:34,878 - HHH000021: Bytecode provider name : javassist
2017-12-10 12:02:34,956 - HCANN000001: Hibernate Commons Annotations {5.0.1.Final}
2017-12-10 12:02:35,162 - HHH000400: Using dialect: org.hibernate.dialect.MySQL5Dialect
2017-12-10 12:02:36,054 - Initialized JPA EntityManagerFactory for persistence unit 'default'
2017-12-10 12:02:36,708 - ClassTemplateLoader for Spring macros added to FreeMarker configuration
2017-12-10 12:02:37,657 - Looking for @ControllerAdvice: org.springframework.web.context.support.GenericWebApplicationContext@5524cca1: startup date [Sun Dec 10 12:02:31 CST 2017]; root of context hierarchy
2017-12-10 12:02:37,784 - Mapped "{[/buyer/product/list],methods=[GET]}" onto public com.jiang.wxshop.vo.ResultVo com.jiang.wxshop.controller.BuyerProductController.list()
2017-12-10 12:02:37,787 - Mapped "{[/list]}" onto public java.lang.String com.jiang.wxshop.controller.FreeMarkerController.list(java.util.Map<java.lang.String, java.lang.Object>)
2017-12-10 12:02:37,788 - Mapped "{[/map]}" onto public java.lang.String com.jiang.wxshop.controller.FreeMarkerController.map(java.util.Map<java.lang.String, java.lang.Object>)
2017-12-10 12:02:37,788 - Mapped "{[/role]}" onto public java.lang.String com.jiang.wxshop.controller.FreeMarkerController.role(java.util.Map<java.lang.String, java.lang.Object>)
2017-12-10 12:02:37,789 - Mapped "{[/welcome]}" onto public java.lang.String com.jiang.wxshop.controller.FreeMarkerController.hello(java.util.Map<java.lang.String, java.lang.Object>)
2017-12-10 12:02:37,793 - Mapped "{[/error]}" onto public org.springframework.http.ResponseEntity<java.util.Map<java.lang.String, java.lang.Object>> org.springframework.boot.autoconfigure.web.BasicErrorController.error(javax.servlet.http.HttpServletRequest)
2017-12-10 12:02:37,794 - Mapped "{[/error],produces=[text/html]}" onto public org.springframework.web.servlet.ModelAndView org.springframework.boot.autoconfigure.web.BasicErrorController.errorHtml(javax.servlet.http.HttpServletRequest,javax.servlet.http.HttpServletResponse)
2017-12-10 12:02:37,843 - Mapped URL path [/webjars/**] onto handler of type [class org.springframework.web.servlet.resource.ResourceHttpRequestHandler]
2017-12-10 12:02:37,845 - Mapped URL path [/**] onto handler of type [class org.springframework.web.servlet.resource.ResourceHttpRequestHandler]
2017-12-10 12:02:37,915 - Mapped URL path [/**/favicon.ico] onto handler of type [class org.springframework.web.servlet.resource.ResourceHttpRequestHandler]
2017-12-10 12:02:38,382 - Started OrderServiceImplTest in 7.736 seconds (JVM running for 8.889)
2017-12-10 12:02:38,611 - HHH000397: Using ASTQueryTranslatorFactory
2017-12-10 12:02:38,942 - Closing org.springframework.web.context.support.GenericWebApplicationContext@5524cca1: startup date [Sun Dec 10 12:02:31 CST 2017]; root of context hierarchy
2017-12-10 12:02:38,948 - Closing JPA EntityManagerFactory for persistence unit 'default'
2017-12-10 12:28:24,713 - Starting OrderServiceImplTest on jiangqianghuadeMacBook-Pro.local with PID 653 (started by jiangqianghua in /Users/jiangqianghua/Documents/workspace/wxshop)
2017-12-10 12:28:24,742 - No active profile set, falling back to default profiles: default
2017-12-10 12:28:24,819 - Refreshing org.springframework.web.context.support.GenericWebApplicationContext@353352b6: startup date [Sun Dec 10 12:28:24 CST 2017]; root of context hierarchy
2017-12-10 12:28:25,565 - HV000001: Hibernate Validator 5.3.5.Final
2017-12-10 12:28:28,938 - Building JPA container EntityManagerFactory for persistence unit 'default'
2017-12-10 12:28:28,975 - HHH000204: Processing PersistenceUnitInfo [
	name: default
	...]
2017-12-10 12:28:29,146 - HHH000412: Hibernate Core {5.0.12.Final}
2017-12-10 12:28:29,148 - HHH000206: hibernate.properties not found
2017-12-10 12:28:29,152 - HHH000021: Bytecode provider name : javassist
2017-12-10 12:28:29,235 - HCANN000001: Hibernate Commons Annotations {5.0.1.Final}
2017-12-10 12:28:29,501 - HHH000400: Using dialect: org.hibernate.dialect.MySQL5Dialect
2017-12-10 12:28:30,598 - Initialized JPA EntityManagerFactory for persistence unit 'default'
2017-12-10 12:28:31,455 - ClassTemplateLoader for Spring macros added to FreeMarker configuration
2017-12-10 12:28:32,522 - Looking for @ControllerAdvice: org.springframework.web.context.support.GenericWebApplicationContext@353352b6: startup date [Sun Dec 10 12:28:24 CST 2017]; root of context hierarchy
2017-12-10 12:28:32,707 - Mapped "{[/buyer/product/list],methods=[GET]}" onto public com.jiang.wxshop.vo.ResultVo com.jiang.wxshop.controller.BuyerProductController.list()
2017-12-10 12:28:32,711 - Mapped "{[/list]}" onto public java.lang.String com.jiang.wxshop.controller.FreeMarkerController.list(java.util.Map<java.lang.String, java.lang.Object>)
2017-12-10 12:28:32,715 - Mapped "{[/map]}" onto public java.lang.String com.jiang.wxshop.controller.FreeMarkerController.map(java.util.Map<java.lang.String, java.lang.Object>)
2017-12-10 12:28:32,719 - Mapped "{[/welcome]}" onto public java.lang.String com.jiang.wxshop.controller.FreeMarkerController.hello(java.util.Map<java.lang.String, java.lang.Object>)
2017-12-10 12:28:32,721 - Mapped "{[/role]}" onto public java.lang.String com.jiang.wxshop.controller.FreeMarkerController.role(java.util.Map<java.lang.String, java.lang.Object>)
2017-12-10 12:28:32,731 - Mapped "{[/error]}" onto public org.springframework.http.ResponseEntity<java.util.Map<java.lang.String, java.lang.Object>> org.springframework.boot.autoconfigure.web.BasicErrorController.error(javax.servlet.http.HttpServletRequest)
2017-12-10 12:28:32,731 - Mapped "{[/error],produces=[text/html]}" onto public org.springframework.web.servlet.ModelAndView org.springframework.boot.autoconfigure.web.BasicErrorController.errorHtml(javax.servlet.http.HttpServletRequest,javax.servlet.http.HttpServletResponse)
2017-12-10 12:28:32,854 - Mapped URL path [/webjars/**] onto handler of type [class org.springframework.web.servlet.resource.ResourceHttpRequestHandler]
2017-12-10 12:28:32,854 - Mapped URL path [/**] onto handler of type [class org.springframework.web.servlet.resource.ResourceHttpRequestHandler]
2017-12-10 12:28:32,927 - Mapped URL path [/**/favicon.ico] onto handler of type [class org.springframework.web.servlet.resource.ResourceHttpRequestHandler]
2017-12-10 12:28:33,477 - Started OrderServiceImplTest in 9.734 seconds (JVM running for 11.534)
2017-12-10 12:28:33,730 - HHH000397: Using ASTQueryTranslatorFactory
2017-12-10 12:28:34,181 - Closing org.springframework.web.context.support.GenericWebApplicationContext@353352b6: startup date [Sun Dec 10 12:28:24 CST 2017]; root of context hierarchy
2017-12-10 12:28:34,188 - Closing JPA EntityManagerFactory for persistence unit 'default'
2017-12-10 12:29:58,158 - Starting OrderServiceImplTest on jiangqianghuadeMacBook-Pro.local with PID 658 (started by jiangqianghua in /Users/jiangqianghua/Documents/workspace/wxshop)
2017-12-10 12:29:58,174 - No active profile set, falling back to default profiles: default
2017-12-10 12:29:58,271 - Refreshing org.springframework.web.context.support.GenericWebApplicationContext@353352b6: startup date [Sun Dec 10 12:29:58 CST 2017]; root of context hierarchy
2017-12-10 12:29:58,847 - HV000001: Hibernate Validator 5.3.5.Final
2017-12-10 12:30:02,203 - Building JPA container EntityManagerFactory for persistence unit 'default'
2017-12-10 12:30:02,232 - HHH000204: Processing PersistenceUnitInfo [
	name: default
	...]
2017-12-10 12:30:02,403 - HHH000412: Hibernate Core {5.0.12.Final}
2017-12-10 12:30:02,406 - HHH000206: hibernate.properties not found
2017-12-10 12:30:02,409 - HHH000021: Bytecode provider name : javassist
2017-12-10 12:30:02,497 - HCANN000001: Hibernate Commons Annotations {5.0.1.Final}
2017-12-10 12:30:02,802 - HHH000400: Using dialect: org.hibernate.dialect.MySQL5Dialect
2017-12-10 12:30:03,728 - Initialized JPA EntityManagerFactory for persistence unit 'default'
2017-12-10 12:30:04,370 - ClassTemplateLoader for Spring macros added to FreeMarker configuration
2017-12-10 12:30:05,388 - Looking for @ControllerAdvice: org.springframework.web.context.support.GenericWebApplicationContext@353352b6: startup date [Sun Dec 10 12:29:58 CST 2017]; root of context hierarchy
2017-12-10 12:30:05,550 - Mapped "{[/buyer/product/list],methods=[GET]}" onto public com.jiang.wxshop.vo.ResultVo com.jiang.wxshop.controller.BuyerProductController.list()
2017-12-10 12:30:05,554 - Mapped "{[/list]}" onto public java.lang.String com.jiang.wxshop.controller.FreeMarkerController.list(java.util.Map<java.lang.String, java.lang.Object>)
2017-12-10 12:30:05,556 - Mapped "{[/map]}" onto public java.lang.String com.jiang.wxshop.controller.FreeMarkerController.map(java.util.Map<java.lang.String, java.lang.Object>)
2017-12-10 12:30:05,557 - Mapped "{[/role]}" onto public java.lang.String com.jiang.wxshop.controller.FreeMarkerController.role(java.util.Map<java.lang.String, java.lang.Object>)
2017-12-10 12:30:05,557 - Mapped "{[/welcome]}" onto public java.lang.String com.jiang.wxshop.controller.FreeMarkerController.hello(java.util.Map<java.lang.String, java.lang.Object>)
2017-12-10 12:30:05,562 - Mapped "{[/error]}" onto public org.springframework.http.ResponseEntity<java.util.Map<java.lang.String, java.lang.Object>> org.springframework.boot.autoconfigure.web.BasicErrorController.error(javax.servlet.http.HttpServletRequest)
2017-12-10 12:30:05,567 - Mapped "{[/error],produces=[text/html]}" onto public org.springframework.web.servlet.ModelAndView org.springframework.boot.autoconfigure.web.BasicErrorController.errorHtml(javax.servlet.http.HttpServletRequest,javax.servlet.http.HttpServletResponse)
2017-12-10 12:30:05,617 - Mapped URL path [/webjars/**] onto handler of type [class org.springframework.web.servlet.resource.ResourceHttpRequestHandler]
2017-12-10 12:30:05,617 - Mapped URL path [/**] onto handler of type [class org.springframework.web.servlet.resource.ResourceHttpRequestHandler]
2017-12-10 12:30:05,708 - Mapped URL path [/**/favicon.ico] onto handler of type [class org.springframework.web.servlet.resource.ResourceHttpRequestHandler]
2017-12-10 12:30:06,143 - Started OrderServiceImplTest in 8.77 seconds (JVM running for 10.491)
2017-12-10 12:30:06,387 - HHH000397: Using ASTQueryTranslatorFactory
2017-12-10 12:30:06,723 - Closing org.springframework.web.context.support.GenericWebApplicationContext@353352b6: startup date [Sun Dec 10 12:29:58 CST 2017]; root of context hierarchy
2017-12-10 12:30:06,729 - Closing JPA EntityManagerFactory for persistence unit 'default'
2017-12-10 12:31:08,295 - Starting OrderServiceImplTest on jiangqianghuadeMacBook-Pro.local with PID 660 (started by jiangqianghua in /Users/jiangqianghua/Documents/workspace/wxshop)
2017-12-10 12:31:08,320 - No active profile set, falling back to default profiles: default
2017-12-10 12:31:08,374 - Refreshing org.springframework.web.context.support.GenericWebApplicationContext@353352b6: startup date [Sun Dec 10 12:31:08 CST 2017]; root of context hierarchy
2017-12-10 12:31:09,080 - HV000001: Hibernate Validator 5.3.5.Final
2017-12-10 12:31:11,808 - Building JPA container EntityManagerFactory for persistence unit 'default'
2017-12-10 12:31:11,843 - HHH000204: Processing PersistenceUnitInfo [
	name: default
	...]
2017-12-10 12:31:11,976 - HHH000412: Hibernate Core {5.0.12.Final}
2017-12-10 12:31:11,979 - HHH000206: hibernate.properties not found
2017-12-10 12:31:11,982 - HHH000021: Bytecode provider name : javassist
2017-12-10 12:31:12,052 - HCANN000001: Hibernate Commons Annotations {5.0.1.Final}
2017-12-10 12:31:12,270 - HHH000400: Using dialect: org.hibernate.dialect.MySQL5Dialect
2017-12-10 12:31:13,189 - Initialized JPA EntityManagerFactory for persistence unit 'default'
2017-12-10 12:31:13,819 - ClassTemplateLoader for Spring macros added to FreeMarker configuration
2017-12-10 12:31:14,729 - Looking for @ControllerAdvice: org.springframework.web.context.support.GenericWebApplicationContext@353352b6: startup date [Sun Dec 10 12:31:08 CST 2017]; root of context hierarchy
2017-12-10 12:31:14,872 - Mapped "{[/buyer/product/list],methods=[GET]}" onto public com.jiang.wxshop.vo.ResultVo com.jiang.wxshop.controller.BuyerProductController.list()
2017-12-10 12:31:14,875 - Mapped "{[/list]}" onto public java.lang.String com.jiang.wxshop.controller.FreeMarkerController.list(java.util.Map<java.lang.String, java.lang.Object>)
2017-12-10 12:31:14,877 - Mapped "{[/map]}" onto public java.lang.String com.jiang.wxshop.controller.FreeMarkerController.map(java.util.Map<java.lang.String, java.lang.Object>)
2017-12-10 12:31:14,879 - Mapped "{[/role]}" onto public java.lang.String com.jiang.wxshop.controller.FreeMarkerController.role(java.util.Map<java.lang.String, java.lang.Object>)
2017-12-10 12:31:14,881 - Mapped "{[/welcome]}" onto public java.lang.String com.jiang.wxshop.controller.FreeMarkerController.hello(java.util.Map<java.lang.String, java.lang.Object>)
2017-12-10 12:31:14,888 - Mapped "{[/error]}" onto public org.springframework.http.ResponseEntity<java.util.Map<java.lang.String, java.lang.Object>> org.springframework.boot.autoconfigure.web.BasicErrorController.error(javax.servlet.http.HttpServletRequest)
2017-12-10 12:31:14,889 - Mapped "{[/error],produces=[text/html]}" onto public org.springframework.web.servlet.ModelAndView org.springframework.boot.autoconfigure.web.BasicErrorController.errorHtml(javax.servlet.http.HttpServletRequest,javax.servlet.http.HttpServletResponse)
2017-12-10 12:31:14,940 - Mapped URL path [/webjars/**] onto handler of type [class org.springframework.web.servlet.resource.ResourceHttpRequestHandler]
2017-12-10 12:31:14,941 - Mapped URL path [/**] onto handler of type [class org.springframework.web.servlet.resource.ResourceHttpRequestHandler]
2017-12-10 12:31:15,011 - Mapped URL path [/**/favicon.ico] onto handler of type [class org.springframework.web.servlet.resource.ResourceHttpRequestHandler]
2017-12-10 12:31:15,470 - Started OrderServiceImplTest in 8.128 seconds (JVM running for 9.197)
2017-12-10 12:31:15,733 - HHH000397: Using ASTQueryTranslatorFactory
2017-12-10 12:31:16,011 - Closing org.springframework.web.context.support.GenericWebApplicationContext@353352b6: startup date [Sun Dec 10 12:31:08 CST 2017]; root of context hierarchy
2017-12-10 12:31:16,017 - Closing JPA EntityManagerFactory for persistence unit 'default'
2017-12-10 12:32:11,772 - Starting OrderServiceImplTest on jiangqianghuadeMacBook-Pro.local with PID 662 (started by jiangqianghua in /Users/jiangqianghua/Documents/workspace/wxshop)
2017-12-10 12:32:11,773 - No active profile set, falling back to default profiles: default
2017-12-10 12:32:11,845 - Refreshing org.springframework.web.context.support.GenericWebApplicationContext@353352b6: startup date [Sun Dec 10 12:32:11 CST 2017]; root of context hierarchy
2017-12-10 12:32:12,560 - HV000001: Hibernate Validator 5.3.5.Final
2017-12-10 12:32:15,214 - Building JPA container EntityManagerFactory for persistence unit 'default'
2017-12-10 12:32:15,237 - HHH000204: Processing PersistenceUnitInfo [
	name: default
	...]
2017-12-10 12:32:15,360 - HHH000412: Hibernate Core {5.0.12.Final}
2017-12-10 12:32:15,362 - HHH000206: hibernate.properties not found
2017-12-10 12:32:15,365 - HHH000021: Bytecode provider name : javassist
2017-12-10 12:32:15,425 - HCANN000001: Hibernate Commons Annotations {5.0.1.Final}
2017-12-10 12:32:15,656 - HHH000400: Using dialect: org.hibernate.dialect.MySQL5Dialect
2017-12-10 12:32:16,559 - Initialized JPA EntityManagerFactory for persistence unit 'default'
2017-12-10 12:32:17,217 - ClassTemplateLoader for Spring macros added to FreeMarker configuration
2017-12-10 12:32:18,163 - Looking for @ControllerAdvice: org.springframework.web.context.support.GenericWebApplicationContext@353352b6: startup date [Sun Dec 10 12:32:11 CST 2017]; root of context hierarchy
2017-12-10 12:32:18,283 - Mapped "{[/buyer/product/list],methods=[GET]}" onto public com.jiang.wxshop.vo.ResultVo com.jiang.wxshop.controller.BuyerProductController.list()
2017-12-10 12:32:18,286 - Mapped "{[/list]}" onto public java.lang.String com.jiang.wxshop.controller.FreeMarkerController.list(java.util.Map<java.lang.String, java.lang.Object>)
2017-12-10 12:32:18,287 - Mapped "{[/map]}" onto public java.lang.String com.jiang.wxshop.controller.FreeMarkerController.map(java.util.Map<java.lang.String, java.lang.Object>)
2017-12-10 12:32:18,288 - Mapped "{[/role]}" onto public java.lang.String com.jiang.wxshop.controller.FreeMarkerController.role(java.util.Map<java.lang.String, java.lang.Object>)
2017-12-10 12:32:18,289 - Mapped "{[/welcome]}" onto public java.lang.String com.jiang.wxshop.controller.FreeMarkerController.hello(java.util.Map<java.lang.String, java.lang.Object>)
2017-12-10 12:32:18,315 - Mapped "{[/error]}" onto public org.springframework.http.ResponseEntity<java.util.Map<java.lang.String, java.lang.Object>> org.springframework.boot.autoconfigure.web.BasicErrorController.error(javax.servlet.http.HttpServletRequest)
2017-12-10 12:32:18,317 - Mapped "{[/error],produces=[text/html]}" onto public org.springframework.web.servlet.ModelAndView org.springframework.boot.autoconfigure.web.BasicErrorController.errorHtml(javax.servlet.http.HttpServletRequest,javax.servlet.http.HttpServletResponse)
2017-12-10 12:32:18,382 - Mapped URL path [/webjars/**] onto handler of type [class org.springframework.web.servlet.resource.ResourceHttpRequestHandler]
2017-12-10 12:32:18,382 - Mapped URL path [/**] onto handler of type [class org.springframework.web.servlet.resource.ResourceHttpRequestHandler]
2017-12-10 12:32:18,477 - Mapped URL path [/**/favicon.ico] onto handler of type [class org.springframework.web.servlet.resource.ResourceHttpRequestHandler]
2017-12-10 12:32:18,951 - Started OrderServiceImplTest in 7.819 seconds (JVM running for 8.844)
2017-12-10 12:32:19,229 - HHH000397: Using ASTQueryTranslatorFactory
2017-12-10 12:32:19,509 - Closing org.springframework.web.context.support.GenericWebApplicationContext@353352b6: startup date [Sun Dec 10 12:32:11 CST 2017]; root of context hierarchy
2017-12-10 12:32:19,528 - Closing JPA EntityManagerFactory for persistence unit 'default'
2017-12-10 12:34:18,074 - Starting OrderServiceImplTest on jiangqianghuadeMacBook-Pro.local with PID 663 (started by jiangqianghua in /Users/jiangqianghua/Documents/workspace/wxshop)
2017-12-10 12:34:18,075 - No active profile set, falling back to default profiles: default
2017-12-10 12:34:18,136 - Refreshing org.springframework.web.context.support.GenericWebApplicationContext@3f1c5af9: startup date [Sun Dec 10 12:34:18 CST 2017]; root of context hierarchy
2017-12-10 12:34:18,925 - HV000001: Hibernate Validator 5.3.5.Final
2017-12-10 12:34:22,445 - Building JPA container EntityManagerFactory for persistence unit 'default'
2017-12-10 12:34:22,493 - HHH000204: Processing PersistenceUnitInfo [
	name: default
	...]
2017-12-10 12:34:22,736 - HHH000412: Hibernate Core {5.0.12.Final}
2017-12-10 12:34:22,739 - HHH000206: hibernate.properties not found
2017-12-10 12:34:22,745 - HHH000021: Bytecode provider name : javassist
2017-12-10 12:34:22,832 - HCANN000001: Hibernate Commons Annotations {5.0.1.Final}
2017-12-10 12:34:23,131 - HHH000400: Using dialect: org.hibernate.dialect.MySQL5Dialect
2017-12-10 12:34:24,265 - Initialized JPA EntityManagerFactory for persistence unit 'default'
2017-12-10 12:34:25,058 - ClassTemplateLoader for Spring macros added to FreeMarker configuration
2017-12-10 12:34:26,318 - Looking for @ControllerAdvice: org.springframework.web.context.support.GenericWebApplicationContext@3f1c5af9: startup date [Sun Dec 10 12:34:18 CST 2017]; root of context hierarchy
2017-12-10 12:34:26,489 - Mapped "{[/buyer/product/list],methods=[GET]}" onto public com.jiang.wxshop.vo.ResultVo com.jiang.wxshop.controller.BuyerProductController.list()
2017-12-10 12:34:26,493 - Mapped "{[/list]}" onto public java.lang.String com.jiang.wxshop.controller.FreeMarkerController.list(java.util.Map<java.lang.String, java.lang.Object>)
2017-12-10 12:34:26,493 - Mapped "{[/map]}" onto public java.lang.String com.jiang.wxshop.controller.FreeMarkerController.map(java.util.Map<java.lang.String, java.lang.Object>)
2017-12-10 12:34:26,494 - Mapped "{[/role]}" onto public java.lang.String com.jiang.wxshop.controller.FreeMarkerController.role(java.util.Map<java.lang.String, java.lang.Object>)
2017-12-10 12:34:26,494 - Mapped "{[/welcome]}" onto public java.lang.String com.jiang.wxshop.controller.FreeMarkerController.hello(java.util.Map<java.lang.String, java.lang.Object>)
2017-12-10 12:34:26,500 - Mapped "{[/error]}" onto public org.springframework.http.ResponseEntity<java.util.Map<java.lang.String, java.lang.Object>> org.springframework.boot.autoconfigure.web.BasicErrorController.error(javax.servlet.http.HttpServletRequest)
2017-12-10 12:34:26,501 - Mapped "{[/error],produces=[text/html]}" onto public org.springframework.web.servlet.ModelAndView org.springframework.boot.autoconfigure.web.BasicErrorController.errorHtml(javax.servlet.http.HttpServletRequest,javax.servlet.http.HttpServletResponse)
2017-12-10 12:34:26,578 - Mapped URL path [/webjars/**] onto handler of type [class org.springframework.web.servlet.resource.ResourceHttpRequestHandler]
2017-12-10 12:34:26,578 - Mapped URL path [/**] onto handler of type [class org.springframework.web.servlet.resource.ResourceHttpRequestHandler]
2017-12-10 12:34:26,698 - Mapped URL path [/**/favicon.ico] onto handler of type [class org.springframework.web.servlet.resource.ResourceHttpRequestHandler]
2017-12-10 12:34:27,684 - Started OrderServiceImplTest in 10.791 seconds (JVM running for 12.457)
2017-12-10 12:34:36,000 - HHH000397: Using ASTQueryTranslatorFactory
2017-12-10 12:34:36,278 - Closing org.springframework.web.context.support.GenericWebApplicationContext@3f1c5af9: startup date [Sun Dec 10 12:34:18 CST 2017]; root of context hierarchy
2017-12-10 12:34:36,286 - Closing JPA EntityManagerFactory for persistence unit 'default'
2017-12-10 12:37:01,944 - Starting OrderServiceImplTest on jiangqianghuadeMacBook-Pro.local with PID 664 (started by jiangqianghua in /Users/jiangqianghua/Documents/workspace/wxshop)
2017-12-10 12:37:01,946 - No active profile set, falling back to default profiles: default
2017-12-10 12:37:02,017 - Refreshing org.springframework.web.context.support.GenericWebApplicationContext@353352b6: startup date [Sun Dec 10 12:37:02 CST 2017]; root of context hierarchy
2017-12-10 12:37:02,704 - HV000001: Hibernate Validator 5.3.5.Final
2017-12-10 12:37:05,598 - Building JPA container EntityManagerFactory for persistence unit 'default'
2017-12-10 12:37:05,643 - HHH000204: Processing PersistenceUnitInfo [
	name: default
	...]
2017-12-10 12:37:05,733 - HHH000412: Hibernate Core {5.0.12.Final}
2017-12-10 12:37:05,737 - HHH000206: hibernate.properties not found
2017-12-10 12:37:05,739 - HHH000021: Bytecode provider name : javassist
2017-12-10 12:37:05,788 - HCANN000001: Hibernate Commons Annotations {5.0.1.Final}
2017-12-10 12:37:05,963 - HHH000400: Using dialect: org.hibernate.dialect.MySQL5Dialect
2017-12-10 12:37:06,751 - Initialized JPA EntityManagerFactory for persistence unit 'default'
2017-12-10 12:37:07,391 - ClassTemplateLoader for Spring macros added to FreeMarker configuration
2017-12-10 12:37:08,316 - Looking for @ControllerAdvice: org.springframework.web.context.support.GenericWebApplicationContext@353352b6: startup date [Sun Dec 10 12:37:02 CST 2017]; root of context hierarchy
2017-12-10 12:37:08,455 - Mapped "{[/buyer/product/list],methods=[GET]}" onto public com.jiang.wxshop.vo.ResultVo com.jiang.wxshop.controller.BuyerProductController.list()
2017-12-10 12:37:08,458 - Mapped "{[/list]}" onto public java.lang.String com.jiang.wxshop.controller.FreeMarkerController.list(java.util.Map<java.lang.String, java.lang.Object>)
2017-12-10 12:37:08,459 - Mapped "{[/map]}" onto public java.lang.String com.jiang.wxshop.controller.FreeMarkerController.map(java.util.Map<java.lang.String, java.lang.Object>)
2017-12-10 12:37:08,460 - Mapped "{[/role]}" onto public java.lang.String com.jiang.wxshop.controller.FreeMarkerController.role(java.util.Map<java.lang.String, java.lang.Object>)
2017-12-10 12:37:08,461 - Mapped "{[/welcome]}" onto public java.lang.String com.jiang.wxshop.controller.FreeMarkerController.hello(java.util.Map<java.lang.String, java.lang.Object>)
2017-12-10 12:37:08,467 - Mapped "{[/error]}" onto public org.springframework.http.ResponseEntity<java.util.Map<java.lang.String, java.lang.Object>> org.springframework.boot.autoconfigure.web.BasicErrorController.error(javax.servlet.http.HttpServletRequest)
2017-12-10 12:37:08,468 - Mapped "{[/error],produces=[text/html]}" onto public org.springframework.web.servlet.ModelAndView org.springframework.boot.autoconfigure.web.BasicErrorController.errorHtml(javax.servlet.http.HttpServletRequest,javax.servlet.http.HttpServletResponse)
2017-12-10 12:37:08,522 - Mapped URL path [/webjars/**] onto handler of type [class org.springframework.web.servlet.resource.ResourceHttpRequestHandler]
2017-12-10 12:37:08,523 - Mapped URL path [/**] onto handler of type [class org.springframework.web.servlet.resource.ResourceHttpRequestHandler]
2017-12-10 12:37:08,602 - Mapped URL path [/**/favicon.ico] onto handler of type [class org.springframework.web.servlet.resource.ResourceHttpRequestHandler]
2017-12-10 12:37:09,090 - Started OrderServiceImplTest in 8.083 seconds (JVM running for 9.298)
2017-12-10 12:37:09,500 - Closing org.springframework.web.context.support.GenericWebApplicationContext@353352b6: startup date [Sun Dec 10 12:37:02 CST 2017]; root of context hierarchy
2017-12-10 12:37:09,506 - Closing JPA EntityManagerFactory for persistence unit 'default'
2017-12-10 12:38:13,809 - Starting OrderServiceImplTest on jiangqianghuadeMacBook-Pro.local with PID 665 (started by jiangqianghua in /Users/jiangqianghua/Documents/workspace/wxshop)
2017-12-10 12:38:13,810 - No active profile set, falling back to default profiles: default
2017-12-10 12:38:13,876 - Refreshing org.springframework.web.context.support.GenericWebApplicationContext@3f1c5af9: startup date [Sun Dec 10 12:38:13 CST 2017]; root of context hierarchy
2017-12-10 12:38:14,648 - HV000001: Hibernate Validator 5.3.5.Final
2017-12-10 12:38:18,198 - Building JPA container EntityManagerFactory for persistence unit 'default'
2017-12-10 12:38:18,263 - HHH000204: Processing PersistenceUnitInfo [
	name: default
	...]
2017-12-10 12:38:18,484 - HHH000412: Hibernate Core {5.0.12.Final}
2017-12-10 12:38:18,488 - HHH000206: hibernate.properties not found
2017-12-10 12:38:18,491 - HHH000021: Bytecode provider name : javassist
2017-12-10 12:38:18,602 - HCANN000001: Hibernate Commons Annotations {5.0.1.Final}
2017-12-10 12:38:18,998 - HHH000400: Using dialect: org.hibernate.dialect.MySQL5Dialect
2017-12-10 12:38:20,166 - Initialized JPA EntityManagerFactory for persistence unit 'default'
2017-12-10 12:38:21,155 - ClassTemplateLoader for Spring macros added to FreeMarker configuration
2017-12-10 12:38:22,532 - Looking for @ControllerAdvice: org.springframework.web.context.support.GenericWebApplicationContext@3f1c5af9: startup date [Sun Dec 10 12:38:13 CST 2017]; root of context hierarchy
2017-12-10 12:38:22,733 - Mapped "{[/buyer/product/list],methods=[GET]}" onto public com.jiang.wxshop.vo.ResultVo com.jiang.wxshop.controller.BuyerProductController.list()
2017-12-10 12:38:22,738 - Mapped "{[/list]}" onto public java.lang.String com.jiang.wxshop.controller.FreeMarkerController.list(java.util.Map<java.lang.String, java.lang.Object>)
2017-12-10 12:38:22,739 - Mapped "{[/map]}" onto public java.lang.String com.jiang.wxshop.controller.FreeMarkerController.map(java.util.Map<java.lang.String, java.lang.Object>)
2017-12-10 12:38:22,740 - Mapped "{[/role]}" onto public java.lang.String com.jiang.wxshop.controller.FreeMarkerController.role(java.util.Map<java.lang.String, java.lang.Object>)
2017-12-10 12:38:22,741 - Mapped "{[/welcome]}" onto public java.lang.String com.jiang.wxshop.controller.FreeMarkerController.hello(java.util.Map<java.lang.String, java.lang.Object>)
2017-12-10 12:38:22,747 - Mapped "{[/error]}" onto public org.springframework.http.ResponseEntity<java.util.Map<java.lang.String, java.lang.Object>> org.springframework.boot.autoconfigure.web.BasicErrorController.error(javax.servlet.http.HttpServletRequest)
2017-12-10 12:38:22,748 - Mapped "{[/error],produces=[text/html]}" onto public org.springframework.web.servlet.ModelAndView org.springframework.boot.autoconfigure.web.BasicErrorController.errorHtml(javax.servlet.http.HttpServletRequest,javax.servlet.http.HttpServletResponse)
2017-12-10 12:38:22,829 - Mapped URL path [/webjars/**] onto handler of type [class org.springframework.web.servlet.resource.ResourceHttpRequestHandler]
2017-12-10 12:38:22,829 - Mapped URL path [/**] onto handler of type [class org.springframework.web.servlet.resource.ResourceHttpRequestHandler]
2017-12-10 12:38:22,943 - Mapped URL path [/**/favicon.ico] onto handler of type [class org.springframework.web.servlet.resource.ResourceHttpRequestHandler]
2017-12-10 12:38:23,939 - Started OrderServiceImplTest in 10.933 seconds (JVM running for 12.302)
2017-12-10 12:38:27,565 - HHH000397: Using ASTQueryTranslatorFactory
2017-12-10 12:38:29,537 - Closing org.springframework.web.context.support.GenericWebApplicationContext@3f1c5af9: startup date [Sun Dec 10 12:38:13 CST 2017]; root of context hierarchy
2017-12-10 12:38:29,546 - Closing JPA EntityManagerFactory for persistence unit 'default'
2017-12-10 12:39:36,788 - Starting OrderServiceImplTest on jiangqianghuadeMacBook-Pro.local with PID 666 (started by jiangqianghua in /Users/jiangqianghua/Documents/workspace/wxshop)
2017-12-10 12:39:36,789 - No active profile set, falling back to default profiles: default
2017-12-10 12:39:36,837 - Refreshing org.springframework.web.context.support.GenericWebApplicationContext@3f1c5af9: startup date [Sun Dec 10 12:39:36 CST 2017]; root of context hierarchy
2017-12-10 12:39:37,617 - HV000001: Hibernate Validator 5.3.5.Final
2017-12-10 12:39:40,820 - Building JPA container EntityManagerFactory for persistence unit 'default'
2017-12-10 12:39:40,850 - HHH000204: Processing PersistenceUnitInfo [
	name: default
	...]
2017-12-10 12:39:41,013 - HHH000412: Hibernate Core {5.0.12.Final}
2017-12-10 12:39:41,018 - HHH000206: hibernate.properties not found
2017-12-10 12:39:41,022 - HHH000021: Bytecode provider name : javassist
2017-12-10 12:39:41,124 - HCANN000001: Hibernate Commons Annotations {5.0.1.Final}
2017-12-10 12:39:41,393 - HHH000400: Using dialect: org.hibernate.dialect.MySQL5Dialect
2017-12-10 12:39:42,461 - Initialized JPA EntityManagerFactory for persistence unit 'default'
2017-12-10 12:39:43,324 - ClassTemplateLoader for Spring macros added to FreeMarker configuration
2017-12-10 12:39:44,560 - Looking for @ControllerAdvice: org.springframework.web.context.support.GenericWebApplicationContext@3f1c5af9: startup date [Sun Dec 10 12:39:36 CST 2017]; root of context hierarchy
2017-12-10 12:39:44,733 - Mapped "{[/buyer/product/list],methods=[GET]}" onto public com.jiang.wxshop.vo.ResultVo com.jiang.wxshop.controller.BuyerProductController.list()
2017-12-10 12:39:44,736 - Mapped "{[/list]}" onto public java.lang.String com.jiang.wxshop.controller.FreeMarkerController.list(java.util.Map<java.lang.String, java.lang.Object>)
2017-12-10 12:39:44,737 - Mapped "{[/map]}" onto public java.lang.String com.jiang.wxshop.controller.FreeMarkerController.map(java.util.Map<java.lang.String, java.lang.Object>)
2017-12-10 12:39:44,738 - Mapped "{[/role]}" onto public java.lang.String com.jiang.wxshop.controller.FreeMarkerController.role(java.util.Map<java.lang.String, java.lang.Object>)
2017-12-10 12:39:44,739 - Mapped "{[/welcome]}" onto public java.lang.String com.jiang.wxshop.controller.FreeMarkerController.hello(java.util.Map<java.lang.String, java.lang.Object>)
2017-12-10 12:39:44,743 - Mapped "{[/error]}" onto public org.springframework.http.ResponseEntity<java.util.Map<java.lang.String, java.lang.Object>> org.springframework.boot.autoconfigure.web.BasicErrorController.error(javax.servlet.http.HttpServletRequest)
2017-12-10 12:39:44,744 - Mapped "{[/error],produces=[text/html]}" onto public org.springframework.web.servlet.ModelAndView org.springframework.boot.autoconfigure.web.BasicErrorController.errorHtml(javax.servlet.http.HttpServletRequest,javax.servlet.http.HttpServletResponse)
2017-12-10 12:39:44,811 - Mapped URL path [/webjars/**] onto handler of type [class org.springframework.web.servlet.resource.ResourceHttpRequestHandler]
2017-12-10 12:39:44,811 - Mapped URL path [/**] onto handler of type [class org.springframework.web.servlet.resource.ResourceHttpRequestHandler]
2017-12-10 12:39:44,915 - Mapped URL path [/**/favicon.ico] onto handler of type [class org.springframework.web.servlet.resource.ResourceHttpRequestHandler]
2017-12-10 12:39:45,850 - Started OrderServiceImplTest in 10.356 seconds (JVM running for 11.882)
2017-12-10 12:39:46,101 - HHH000397: Using ASTQueryTranslatorFactory
2017-12-10 12:39:46,590 - Closing org.springframework.web.context.support.GenericWebApplicationContext@3f1c5af9: startup date [Sun Dec 10 12:39:36 CST 2017]; root of context hierarchy
2017-12-10 12:39:46,597 - Closing JPA EntityManagerFactory for persistence unit 'default'
2017-12-10 12:40:09,714 - Starting OrderServiceImplTest on jiangqianghuadeMacBook-Pro.local with PID 667 (started by jiangqianghua in /Users/jiangqianghua/Documents/workspace/wxshop)
2017-12-10 12:40:09,715 - No active profile set, falling back to default profiles: default
2017-12-10 12:40:09,823 - Refreshing org.springframework.web.context.support.GenericWebApplicationContext@1c55f277: startup date [Sun Dec 10 12:40:09 CST 2017]; root of context hierarchy
2017-12-10 12:40:10,768 - HV000001: Hibernate Validator 5.3.5.Final
2017-12-10 12:40:13,782 - Building JPA container EntityManagerFactory for persistence unit 'default'
2017-12-10 12:40:13,810 - HHH000204: Processing PersistenceUnitInfo [
	name: default
	...]
2017-12-10 12:40:13,974 - HHH000412: Hibernate Core {5.0.12.Final}
2017-12-10 12:40:13,977 - HHH000206: hibernate.properties not found
2017-12-10 12:40:13,979 - HHH000021: Bytecode provider name : javassist
2017-12-10 12:40:14,058 - HCANN000001: Hibernate Commons Annotations {5.0.1.Final}
2017-12-10 12:40:14,313 - HHH000400: Using dialect: org.hibernate.dialect.MySQL5Dialect
2017-12-10 12:40:15,304 - Initialized JPA EntityManagerFactory for persistence unit 'default'
2017-12-10 12:40:16,007 - ClassTemplateLoader for Spring macros added to FreeMarker configuration
2017-12-10 12:40:17,178 - Looking for @ControllerAdvice: org.springframework.web.context.support.GenericWebApplicationContext@1c55f277: startup date [Sun Dec 10 12:40:09 CST 2017]; root of context hierarchy
2017-12-10 12:40:17,347 - Mapped "{[/buyer/product/list],methods=[GET]}" onto public com.jiang.wxshop.vo.ResultVo com.jiang.wxshop.controller.BuyerProductController.list()
2017-12-10 12:40:17,351 - Mapped "{[/list]}" onto public java.lang.String com.jiang.wxshop.controller.FreeMarkerController.list(java.util.Map<java.lang.String, java.lang.Object>)
2017-12-10 12:40:17,352 - Mapped "{[/map]}" onto public java.lang.String com.jiang.wxshop.controller.FreeMarkerController.map(java.util.Map<java.lang.String, java.lang.Object>)
2017-12-10 12:40:17,352 - Mapped "{[/role]}" onto public java.lang.String com.jiang.wxshop.controller.FreeMarkerController.role(java.util.Map<java.lang.String, java.lang.Object>)
2017-12-10 12:40:17,353 - Mapped "{[/welcome]}" onto public java.lang.String com.jiang.wxshop.controller.FreeMarkerController.hello(java.util.Map<java.lang.String, java.lang.Object>)
2017-12-10 12:40:17,357 - Mapped "{[/error]}" onto public org.springframework.http.ResponseEntity<java.util.Map<java.lang.String, java.lang.Object>> org.springframework.boot.autoconfigure.web.BasicErrorController.error(javax.servlet.http.HttpServletRequest)
2017-12-10 12:40:17,359 - Mapped "{[/error],produces=[text/html]}" onto public org.springframework.web.servlet.ModelAndView org.springframework.boot.autoconfigure.web.BasicErrorController.errorHtml(javax.servlet.http.HttpServletRequest,javax.servlet.http.HttpServletResponse)
2017-12-10 12:40:17,434 - Mapped URL path [/webjars/**] onto handler of type [class org.springframework.web.servlet.resource.ResourceHttpRequestHandler]
2017-12-10 12:40:17,434 - Mapped URL path [/**] onto handler of type [class org.springframework.web.servlet.resource.ResourceHttpRequestHandler]
2017-12-10 12:40:17,527 - Mapped URL path [/**/favicon.ico] onto handler of type [class org.springframework.web.servlet.resource.ResourceHttpRequestHandler]
2017-12-10 12:40:18,498 - Started OrderServiceImplTest in 9.571 seconds (JVM running for 10.939)
2017-12-10 12:40:18,777 - HHH000397: Using ASTQueryTranslatorFactory
2017-12-10 12:40:19,169 - Closing org.springframework.web.context.support.GenericWebApplicationContext@1c55f277: startup date [Sun Dec 10 12:40:09 CST 2017]; root of context hierarchy
2017-12-10 12:40:19,176 - Closing JPA EntityManagerFactory for persistence unit 'default'
